Timing Analyzer report for Counter10_JK
Tue Nov 21 22:13:44 2023
Quartus Prime Version 22.1std.2 Build 922 07/20/2023 SC Lite Edition


---------------------
; Table of Contents ;
---------------------
  1. Legal Notice
  2. Timing Analyzer Summary
  3. Parallel Compilation
  4. Clocks
  5. Slow 1200mV 100C Model Fmax Summary
  6. Slow 1200mV 100C Model Setup Summary
  7. Slow 1200mV 100C Model Hold Summary
  8. Slow 1200mV 100C Model Recovery Summary
  9. Slow 1200mV 100C Model Removal Summary
 10. Slow 1200mV 100C Model Minimum Pulse Width Summary
 11. Slow 1200mV 100C Model Metastability Summary
 12. Slow 1200mV -40C Model Fmax Summary
 13. Slow 1200mV -40C Model Setup Summary
 14. Slow 1200mV -40C Model Hold Summary
 15. Slow 1200mV -40C Model Recovery Summary
 16. Slow 1200mV -40C Model Removal Summary
 17. Slow 1200mV -40C Model Minimum Pulse Width Summary
 18. Slow 1200mV -40C Model Metastability Summary
 19. Fast 1200mV -40C Model Setup Summary
 20. Fast 1200mV -40C Model Hold Summary
 21. Fast 1200mV -40C Model Recovery Summary
 22. Fast 1200mV -40C Model Removal Summary
 23. Fast 1200mV -40C Model Minimum Pulse Width Summary
 24. Fast 1200mV -40C Model Metastability Summary
 25. Multicorner Timing Analysis Summary
 26. Board Trace Model Assignments
 27. Input Transition Times
 28. Signal Integrity Metrics (Slow 1200mv n40c Model)
 29. Signal Integrity Metrics (Slow 1200mv 100c Model)
 30. Signal Integrity Metrics (Fast 1200mv n40c Model)
 31. Setup Transfers
 32. Hold Transfers
 33. Recovery Transfers
 34. Removal Transfers
 35. Report TCCS
 36. Report RSKM
 37. Unconstrained Paths Summary
 38. Clock Status Summary
 39. Unconstrained Input Ports
 40. Unconstrained Output Ports
 41. Unconstrained Input Ports
 42. Unconstrained Output Ports
 43. Timing Analyzer Messages



----------------
; Legal Notice ;
----------------
Copyright (C) 2023  Intel Corporation. All rights reserved.
Your use of Intel Corporation's design tools, logic functions 
and other software and tools, and any partner logic 
functions, and any output files from any of the foregoing 
(including device programming or simulation files), and any 
associated documentation or information are expressly subject 
to the terms and conditions of the Intel Program License 
Subscription Agreement, the Intel Quartus Prime License Agreement,
the Intel FPGA IP License Agreement, or other applicable license
agreement, including, without limitation, that your use is for
the sole purpose of programming logic devices manufactured by
Intel and sold by Intel or its authorized distributors.  Please
refer to the applicable agreement for further details, at
https://fpgasoftware.intel.com/eula.



+--------------------------------------------------------------------------------+
; Timing Analyzer Summary                                                        ;
+-----------------------+--------------------------------------------------------+
; Quartus Prime Version ; Version 22.1std.2 Build 922 07/20/2023 SC Lite Edition ;
; Timing Analyzer       ; Legacy Timing Analyzer                                 ;
; Revision Name         ; Counter10_JK                                           ;
; Device Family         ; MAX 10                                                 ;
; Device Name           ; 10M02SCM153I7G                                         ;
; Timing Models         ; Final                                                  ;
; Delay Model           ; Combined                                               ;
; Rise/Fall Delays      ; Enabled                                                ;
+-----------------------+--------------------------------------------------------+


+------------------------------------------+
; Parallel Compilation                     ;
+----------------------------+-------------+
; Processors                 ; Number      ;
+----------------------------+-------------+
; Number detected on machine ; 20          ;
; Maximum allowed            ; 14          ;
;                            ;             ;
; Average used               ; 1.14        ;
; Maximum used               ; 14          ;
;                            ;             ;
; Usage by Processor         ; % Time Used ;
;     Processor 1            ; 100.0%      ;
;     Processor 2            ;   1.1%      ;
;     Processors 3-14        ;   1.1%      ;
+----------------------------+-------------+


+--------------------------------------------------------------------------------------------------------------------------------------------------------------------------------------------------+
; Clocks                                                                                                                                                                                           ;
+-----------------+------+--------+------------+-------+-------+------------+-----------+-------------+-------+--------+-----------+------------+----------+--------+--------+---------------------+
; Clock Name      ; Type ; Period ; Frequency  ; Rise  ; Fall  ; Duty Cycle ; Divide by ; Multiply by ; Phase ; Offset ; Edge List ; Edge Shift ; Inverted ; Master ; Source ; Targets             ;
+-----------------+------+--------+------------+-------+-------+------------+-----------+-------------+-------+--------+-----------+------------+----------+--------+--------+---------------------+
; clk             ; Base ; 1.000  ; 1000.0 MHz ; 0.000 ; 0.500 ;            ;           ;             ;       ;        ;           ;            ;          ;        ;        ; { clk }             ;
; divide:c1|clk_p ; Base ; 1.000  ; 1000.0 MHz ; 0.000 ; 0.500 ;            ;           ;             ;       ;        ;           ;            ;          ;        ;        ; { divide:c1|clk_p } ;
; rst             ; Base ; 1.000  ; 1000.0 MHz ; 0.000 ; 0.500 ;            ;           ;             ;       ;        ;           ;            ;          ;        ;        ; { rst }             ;
+-----------------+------+--------+------------+-------+-------+------------+-----------+-------------+-------+--------+-----------+------------+----------+--------+--------+---------------------+


+----------------------------------------------------------------------------------------------------------------+
; Slow 1200mV 100C Model Fmax Summary                                                                            ;
+------------+-----------------+-----------------+---------------------------------------------------------------+
; Fmax       ; Restricted Fmax ; Clock Name      ; Note                                                          ;
+------------+-----------------+-----------------+---------------------------------------------------------------+
; 203.42 MHz ; 203.42 MHz      ; rst             ;                                                               ;
; 271.37 MHz ; 250.0 MHz       ; clk             ; limit due to minimum period restriction (max I/O toggle rate) ;
; 702.25 MHz ; 416.15 MHz      ; divide:c1|clk_p ; limit due to minimum period restriction (tmin)                ;
+------------+-----------------+-----------------+---------------------------------------------------------------+
This panel reports FMAX for every clock in the design, regardless of the user-specified clock periods.  FMAX is only computed for paths where the source and destination registers or ports are driven by the same clock.  Paths of different clocks, including generated clocks, are ignored.  For paths between a clock and its inversion, FMAX is computed as if the rising and falling edges are scaled along with FMAX, such that the duty cycle (in terms of a percentage) is maintained. Altera recommends that you always use clock constraints and other slack reports for sign-off analysis.


+------------------------------------------+
; Slow 1200mV 100C Model Setup Summary     ;
+-----------------+--------+---------------+
; Clock           ; Slack  ; End Point TNS ;
+-----------------+--------+---------------+
; rst             ; -2.951 ; -8.095        ;
; clk             ; -2.685 ; -64.210       ;
; divide:c1|clk_p ; -1.507 ; -1.507        ;
+-----------------+--------+---------------+


+------------------------------------------+
; Slow 1200mV 100C Model Hold Summary      ;
+-----------------+--------+---------------+
; Clock           ; Slack  ; End Point TNS ;
+-----------------+--------+---------------+
; rst             ; -0.179 ; -0.199        ;
; clk             ; 0.671  ; 0.000         ;
; divide:c1|clk_p ; 0.930  ; 0.000         ;
+-----------------+--------+---------------+


+------------------------------------------+
; Slow 1200mV 100C Model Recovery Summary  ;
+-----------------+--------+---------------+
; Clock           ; Slack  ; End Point TNS ;
+-----------------+--------+---------------+
; divide:c1|clk_p ; -3.559 ; -3.559        ;
; rst             ; -1.776 ; -4.584        ;
; clk             ; -0.617 ; -6.923        ;
+-----------------+--------+---------------+


+------------------------------------------+
; Slow 1200mV 100C Model Removal Summary   ;
+-----------------+--------+---------------+
; Clock           ; Slack  ; End Point TNS ;
+-----------------+--------+---------------+
; clk             ; -0.028 ; -0.336        ;
; rst             ; 0.850  ; 0.000         ;
; divide:c1|clk_p ; 3.381  ; 0.000         ;
+-----------------+--------+---------------+


+----------------------------------------------------+
; Slow 1200mV 100C Model Minimum Pulse Width Summary ;
+-----------------+--------+-------------------------+
; Clock           ; Slack  ; End Point TNS           ;
+-----------------+--------+-------------------------+
; clk             ; -3.000 ; -49.299                 ;
; rst             ; -3.000 ; -9.521                  ;
; divide:c1|clk_p ; -1.403 ; -1.403                  ;
+-----------------+--------+-------------------------+


------------------------------------------------
; Slow 1200mV 100C Model Metastability Summary ;
------------------------------------------------
No synchronizer chains to report.


+----------------------------------------------------------------------------------------------------------------+
; Slow 1200mV -40C Model Fmax Summary                                                                            ;
+------------+-----------------+-----------------+---------------------------------------------------------------+
; Fmax       ; Restricted Fmax ; Clock Name      ; Note                                                          ;
+------------+-----------------+-----------------+---------------------------------------------------------------+
; 210.88 MHz ; 210.88 MHz      ; rst             ;                                                               ;
; 320.72 MHz ; 250.0 MHz       ; clk             ; limit due to minimum period restriction (max I/O toggle rate) ;
; 805.8 MHz  ; 416.15 MHz      ; divide:c1|clk_p ; limit due to minimum period restriction (tmin)                ;
+------------+-----------------+-----------------+---------------------------------------------------------------+
This panel reports FMAX for every clock in the design, regardless of the user-specified clock periods.  FMAX is only computed for paths where the source and destination registers or ports are driven by the same clock.  Paths of different clocks, including generated clocks, are ignored.  For paths between a clock and its inversion, FMAX is computed as if the rising and falling edges are scaled along with FMAX, such that the duty cycle (in terms of a percentage) is maintained. Altera recommends that you always use clock constraints and other slack reports for sign-off analysis.


+------------------------------------------+
; Slow 1200mV -40C Model Setup Summary     ;
+-----------------+--------+---------------+
; Clock           ; Slack  ; End Point TNS ;
+-----------------+--------+---------------+
; rst             ; -2.561 ; -7.005        ;
; clk             ; -2.118 ; -50.630       ;
; divide:c1|clk_p ; -1.461 ; -1.461        ;
+-----------------+--------+---------------+


+------------------------------------------+
; Slow 1200mV -40C Model Hold Summary      ;
+-----------------+--------+---------------+
; Clock           ; Slack  ; End Point TNS ;
+-----------------+--------+---------------+
; rst             ; -0.189 ; -0.257        ;
; clk             ; 0.584  ; 0.000         ;
; divide:c1|clk_p ; 0.822  ; 0.000         ;
+-----------------+--------+---------------+


+------------------------------------------+
; Slow 1200mV -40C Model Recovery Summary  ;
+-----------------+--------+---------------+
; Clock           ; Slack  ; End Point TNS ;
+-----------------+--------+---------------+
; divide:c1|clk_p ; -3.347 ; -3.347        ;
; rst             ; -1.727 ; -4.519        ;
; clk             ; -0.508 ; -5.446        ;
+-----------------+--------+---------------+


+-----------------------------------------+
; Slow 1200mV -40C Model Removal Summary  ;
+-----------------+-------+---------------+
; Clock           ; Slack ; End Point TNS ;
+-----------------+-------+---------------+
; clk             ; 0.091 ; 0.000         ;
; rst             ; 0.854 ; 0.000         ;
; divide:c1|clk_p ; 3.089 ; 0.000         ;
+-----------------+-------+---------------+


+----------------------------------------------------+
; Slow 1200mV -40C Model Minimum Pulse Width Summary ;
+-----------------+--------+-------------------------+
; Clock           ; Slack  ; End Point TNS           ;
+-----------------+--------+-------------------------+
; clk             ; -3.000 ; -49.299                 ;
; rst             ; -3.000 ; -8.613                  ;
; divide:c1|clk_p ; -1.403 ; -1.403                  ;
+-----------------+--------+-------------------------+


------------------------------------------------
; Slow 1200mV -40C Model Metastability Summary ;
------------------------------------------------
No synchronizer chains to report.


+------------------------------------------+
; Fast 1200mV -40C Model Setup Summary     ;
+-----------------+--------+---------------+
; Clock           ; Slack  ; End Point TNS ;
+-----------------+--------+---------------+
; rst             ; -0.726 ; -1.777        ;
; clk             ; -0.454 ; -6.845        ;
; divide:c1|clk_p ; -0.040 ; -0.040        ;
+-----------------+--------+---------------+


+------------------------------------------+
; Fast 1200mV -40C Model Hold Summary      ;
+-----------------+--------+---------------+
; Clock           ; Slack  ; End Point TNS ;
+-----------------+--------+---------------+
; rst             ; -0.105 ; -0.223        ;
; clk             ; 0.239  ; 0.000         ;
; divide:c1|clk_p ; 0.341  ; 0.000         ;
+-----------------+--------+---------------+


+------------------------------------------+
; Fast 1200mV -40C Model Recovery Summary  ;
+-----------------+--------+---------------+
; Clock           ; Slack  ; End Point TNS ;
+-----------------+--------+---------------+
; divide:c1|clk_p ; -0.975 ; -0.975        ;
; clk             ; -0.282 ; -3.200        ;
; rst             ; -0.062 ; -0.062        ;
+-----------------+--------+---------------+


+------------------------------------------+
; Fast 1200mV -40C Model Removal Summary   ;
+-----------------+--------+---------------+
; Clock           ; Slack  ; End Point TNS ;
+-----------------+--------+---------------+
; clk             ; -0.228 ; -5.425        ;
; rst             ; 0.379  ; 0.000         ;
; divide:c1|clk_p ; 1.570  ; 0.000         ;
+-----------------+--------+---------------+


+----------------------------------------------------+
; Fast 1200mV -40C Model Minimum Pulse Width Summary ;
+-----------------+--------+-------------------------+
; Clock           ; Slack  ; End Point TNS           ;
+-----------------+--------+-------------------------+
; clk             ; -3.000 ; -41.829                 ;
; rst             ; -3.000 ; -8.493                  ;
; divide:c1|clk_p ; -1.000 ; -1.000                  ;
+-----------------+--------+-------------------------+


------------------------------------------------
; Fast 1200mV -40C Model Metastability Summary ;
------------------------------------------------
No synchronizer chains to report.


+--------------------------------------------------------------------------------+
; Multicorner Timing Analysis Summary                                            ;
+------------------+---------+--------+----------+---------+---------------------+
; Clock            ; Setup   ; Hold   ; Recovery ; Removal ; Minimum Pulse Width ;
+------------------+---------+--------+----------+---------+---------------------+
; Worst-case Slack ; -2.951  ; -0.189 ; -3.559   ; -0.228  ; -3.000              ;
;  clk             ; -2.685  ; 0.239  ; -0.617   ; -0.228  ; -3.000              ;
;  divide:c1|clk_p ; -1.507  ; 0.341  ; -3.559   ; 1.570   ; -1.403              ;
;  rst             ; -2.951  ; -0.189 ; -1.776   ; 0.379   ; -3.000              ;
; Design-wide TNS  ; -73.812 ; -0.257 ; -15.066  ; -5.425  ; -60.223             ;
;  clk             ; -64.210 ; 0.000  ; -6.923   ; -5.425  ; -49.299             ;
;  divide:c1|clk_p ; -1.507  ; 0.000  ; -3.559   ; 0.000   ; -1.403              ;
;  rst             ; -8.095  ; -0.257 ; -4.584   ; 0.000   ; -9.521              ;
+------------------+---------+--------+----------+---------+---------------------+


+-----------------------------------------------------------------------------------------------------------------------------------------------------------------------------------------------------------------------------------------------------------------------------------------------------------------------------------------------------------------------------------------------------------------+
; Board Trace Model Assignments                                                                                                                                                                                                                                                                                                                                                                                   ;
+--------------+--------------+-------------------+-------------------------+-------------------------+---------------+---------------------+----------------+------------------+--------+------------------+------------------------+------------------------+--------------+---------------+-----------------+-------+---------------------+--------------------+---------------+-----------------+-------------+
; Pin          ; I/O Standard ; Near Tline Length ; Near Tline L per Length ; Near Tline C per Length ; Near Series R ; Near Differential R ; Near Pull-up R ; Near Pull-down R ; Near C ; Far Tline Length ; Far Tline L per Length ; Far Tline C per Length ; Far Series R ; Far Pull-up R ; Far Pull-down R ; Far C ; Termination Voltage ; Far Differential R ; EBD File Name ; EBD Signal Name ; EBD Far-end ;
+--------------+--------------+-------------------+-------------------------+-------------------------+---------------+---------------------+----------------+------------------+--------+------------------+------------------------+------------------------+--------------+---------------+-----------------+-------+---------------------+--------------------+---------------+-----------------+-------------+
; q[0]         ; 3.3-V LVTTL  ; 0 in              ; 0 H/in                  ; 0 F/in                  ; short         ; -                   ; open           ; open             ; open   ; 0 in             ; 0 H/in                 ; 0 F/in                 ; short        ; open          ; open            ; open  ; 0 V                 ; -                  ; n/a           ; n/a             ; n/a         ;
; q[1]         ; 3.3-V LVTTL  ; 0 in              ; 0 H/in                  ; 0 F/in                  ; short         ; -                   ; open           ; open             ; open   ; 0 in             ; 0 H/in                 ; 0 F/in                 ; short        ; open          ; open            ; open  ; 0 V                 ; -                  ; n/a           ; n/a             ; n/a         ;
; q[2]         ; 3.3-V LVTTL  ; 0 in              ; 0 H/in                  ; 0 F/in                  ; short         ; -                   ; open           ; open             ; open   ; 0 in             ; 0 H/in                 ; 0 F/in                 ; short        ; open          ; open            ; open  ; 0 V                 ; -                  ; n/a           ; n/a             ; n/a         ;
; q[3]         ; 3.3-V LVTTL  ; 0 in              ; 0 H/in                  ; 0 F/in                  ; short         ; -                   ; open           ; open             ; open   ; 0 in             ; 0 H/in                 ; 0 F/in                 ; short        ; open          ; open            ; open  ; 0 V                 ; -                  ; n/a           ; n/a             ; n/a         ;
; seg_led[0]   ; 3.3-V LVTTL  ; 0 in              ; 0 H/in                  ; 0 F/in                  ; short         ; -                   ; open           ; open             ; open   ; 0 in             ; 0 H/in                 ; 0 F/in                 ; short        ; open          ; open            ; open  ; 0 V                 ; -                  ; n/a           ; n/a             ; n/a         ;
; seg_led[1]   ; 3.3-V LVTTL  ; 0 in              ; 0 H/in                  ; 0 F/in                  ; short         ; -                   ; open           ; open             ; open   ; 0 in             ; 0 H/in                 ; 0 F/in                 ; short        ; open          ; open            ; open  ; 0 V                 ; -                  ; n/a           ; n/a             ; n/a         ;
; seg_led[2]   ; 3.3-V LVTTL  ; 0 in              ; 0 H/in                  ; 0 F/in                  ; short         ; -                   ; open           ; open             ; open   ; 0 in             ; 0 H/in                 ; 0 F/in                 ; short        ; open          ; open            ; open  ; 0 V                 ; -                  ; n/a           ; n/a             ; n/a         ;
; seg_led[3]   ; 3.3-V LVTTL  ; 0 in              ; 0 H/in                  ; 0 F/in                  ; short         ; -                   ; open           ; open             ; open   ; 0 in             ; 0 H/in                 ; 0 F/in                 ; short        ; open          ; open            ; open  ; 0 V                 ; -                  ; n/a           ; n/a             ; n/a         ;
; seg_led[4]   ; 3.3-V LVTTL  ; 0 in              ; 0 H/in                  ; 0 F/in                  ; short         ; -                   ; open           ; open             ; open   ; 0 in             ; 0 H/in                 ; 0 F/in                 ; short        ; open          ; open            ; open  ; 0 V                 ; -                  ; n/a           ; n/a             ; n/a         ;
; seg_led[5]   ; 3.3-V LVTTL  ; 0 in              ; 0 H/in                  ; 0 F/in                  ; short         ; -                   ; open           ; open             ; open   ; 0 in             ; 0 H/in                 ; 0 F/in                 ; short        ; open          ; open            ; open  ; 0 V                 ; -                  ; n/a           ; n/a             ; n/a         ;
; seg_led[6]   ; 3.3-V LVTTL  ; 0 in              ; 0 H/in                  ; 0 F/in                  ; short         ; -                   ; open           ; open             ; open   ; 0 in             ; 0 H/in                 ; 0 F/in                 ; short        ; open          ; open            ; open  ; 0 V                 ; -                  ; n/a           ; n/a             ; n/a         ;
; seg_led[7]   ; 3.3-V LVTTL  ; 0 in              ; 0 H/in                  ; 0 F/in                  ; short         ; -                   ; open           ; open             ; open   ; 0 in             ; 0 H/in                 ; 0 F/in                 ; short        ; open          ; open            ; open  ; 0 V                 ; -                  ; n/a           ; n/a             ; n/a         ;
; seg_led[8]   ; 3.3-V LVTTL  ; 0 in              ; 0 H/in                  ; 0 F/in                  ; short         ; -                   ; open           ; open             ; open   ; 0 in             ; 0 H/in                 ; 0 F/in                 ; short        ; open          ; open            ; open  ; 0 V                 ; -                  ; n/a           ; n/a             ; n/a         ;
; ~ALTERA_TDO~ ; 3.3-V LVTTL  ; 0 in              ; 0 H/in                  ; 0 F/in                  ; short         ; -                   ; open           ; open             ; open   ; 0 in             ; 0 H/in                 ; 0 F/in                 ; short        ; open          ; open            ; open  ; 0 V                 ; -                  ; n/a           ; n/a             ; n/a         ;
+--------------+--------------+-------------------+-------------------------+-------------------------+---------------+---------------------+----------------+------------------+--------+------------------+------------------------+------------------------+--------------+---------------+-----------------+-------+---------------------+--------------------+---------------+-----------------+-------------+


+--------------------------------------------------------------------------------+
; Input Transition Times                                                         ;
+--------------------+-----------------------+-----------------+-----------------+
; Pin                ; I/O Standard          ; 10-90 Rise Time ; 90-10 Fall Time ;
+--------------------+-----------------------+-----------------+-----------------+
; rst                ; 3.3-V LVTTL           ; 2640 ps         ; 2640 ps         ;
; set                ; 3.3-V LVTTL           ; 2640 ps         ; 2640 ps         ;
; clk                ; 3.3-V LVTTL           ; 2640 ps         ; 2640 ps         ;
; ~ALTERA_TMS~       ; 3.3 V Schmitt Trigger ; 2640 ps         ; 2640 ps         ;
; ~ALTERA_TCK~       ; 3.3 V Schmitt Trigger ; 2640 ps         ; 2640 ps         ;
; ~ALTERA_TDI~       ; 3.3 V Schmitt Trigger ; 2640 ps         ; 2640 ps         ;
; ~ALTERA_nCONFIG~   ; 3.3 V Schmitt Trigger ; 2640 ps         ; 2640 ps         ;
; ~ALTERA_nSTATUS~   ; 3.3 V Schmitt Trigger ; 2640 ps         ; 2640 ps         ;
; ~ALTERA_CONF_DONE~ ; 3.3 V Schmitt Trigger ; 2640 ps         ; 2640 ps         ;
+--------------------+-----------------------+-----------------+-----------------+


+-------------------------------------------------------------------------------------------------------------------------------------------------------------------------------------------------------------------------------------------------------------------------------------------------------------------------------------------------------------------------------------------------------------------------------------------------------------------------------------------------------------------------------------------------------------------------------------------------------------------------------------------------------------------------------------------+
; Signal Integrity Metrics (Slow 1200mv n40c Model)                                                                                                                                                                                                                                                                                                                                                                                                                                                                                                                                                                                                                                         ;
+--------------+--------------+---------------------+---------------------+------------------------------+------------------------------+---------------------+---------------------+--------------------------------------+--------------------------------------+-----------------------------+-----------------------------+----------------------------+----------------------------+-----------------------------+-----------------------------+--------------------+--------------------+-------------------------------------+-------------------------------------+----------------------------+----------------------------+---------------------------+---------------------------+
; Pin          ; I/O Standard ; Board Delay on Rise ; Board Delay on Fall ; Steady State Voh at FPGA Pin ; Steady State Vol at FPGA Pin ; Voh Max at FPGA Pin ; Vol Min at FPGA Pin ; Ringback Voltage on Rise at FPGA Pin ; Ringback Voltage on Fall at FPGA Pin ; 10-90 Rise Time at FPGA Pin ; 90-10 Fall Time at FPGA Pin ; Monotonic Rise at FPGA Pin ; Monotonic Fall at FPGA Pin ; Steady State Voh at Far-end ; Steady State Vol at Far-end ; Voh Max at Far-end ; Vol Min at Far-end ; Ringback Voltage on Rise at Far-end ; Ringback Voltage on Fall at Far-end ; 10-90 Rise Time at Far-end ; 90-10 Fall Time at Far-end ; Monotonic Rise at Far-end ; Monotonic Fall at Far-end ;
+--------------+--------------+---------------------+---------------------+------------------------------+------------------------------+---------------------+---------------------+--------------------------------------+--------------------------------------+-----------------------------+-----------------------------+----------------------------+----------------------------+-----------------------------+-----------------------------+--------------------+--------------------+-------------------------------------+-------------------------------------+----------------------------+----------------------------+---------------------------+---------------------------+
; q[0]         ; 3.3-V LVTTL  ; 0 s                 ; 0 s                 ; 3.08 V                       ; 1.63e-08 V                   ; 3.24 V              ; -0.165 V            ; 0.415 V                              ; 0.315 V                              ; 2.89e-10 s                  ; 4.38e-10 s                  ; No                         ; No                         ; 3.08 V                      ; 1.63e-08 V                  ; 3.24 V             ; -0.165 V           ; 0.415 V                             ; 0.315 V                             ; 2.89e-10 s                 ; 4.38e-10 s                 ; No                        ; No                        ;
; q[1]         ; 3.3-V LVTTL  ; 0 s                 ; 0 s                 ; 3.08 V                       ; 1.63e-08 V                   ; 3.24 V              ; -0.165 V            ; 0.415 V                              ; 0.315 V                              ; 2.89e-10 s                  ; 4.38e-10 s                  ; No                         ; No                         ; 3.08 V                      ; 1.63e-08 V                  ; 3.24 V             ; -0.165 V           ; 0.415 V                             ; 0.315 V                             ; 2.89e-10 s                 ; 4.38e-10 s                 ; No                        ; No                        ;
; q[2]         ; 3.3-V LVTTL  ; 0 s                 ; 0 s                 ; 3.08 V                       ; 1.63e-08 V                   ; 3.24 V              ; -0.168 V            ; 0.414 V                              ; 0.315 V                              ; 2.89e-10 s                  ; 4.38e-10 s                  ; No                         ; No                         ; 3.08 V                      ; 1.63e-08 V                  ; 3.24 V             ; -0.168 V           ; 0.414 V                             ; 0.315 V                             ; 2.89e-10 s                 ; 4.38e-10 s                 ; No                        ; No                        ;
; q[3]         ; 3.3-V LVTTL  ; 0 s                 ; 0 s                 ; 3.08 V                       ; 1.63e-08 V                   ; 3.24 V              ; -0.165 V            ; 0.415 V                              ; 0.315 V                              ; 2.89e-10 s                  ; 4.38e-10 s                  ; No                         ; No                         ; 3.08 V                      ; 1.63e-08 V                  ; 3.24 V             ; -0.165 V           ; 0.415 V                             ; 0.315 V                             ; 2.89e-10 s                 ; 4.38e-10 s                 ; No                        ; No                        ;
; seg_led[0]   ; 3.3-V LVTTL  ; 0 s                 ; 0 s                 ; 3.08 V                       ; 1.63e-08 V                   ; 3.24 V              ; -0.168 V            ; 0.414 V                              ; 0.315 V                              ; 2.89e-10 s                  ; 4.38e-10 s                  ; No                         ; No                         ; 3.08 V                      ; 1.63e-08 V                  ; 3.24 V             ; -0.168 V           ; 0.414 V                             ; 0.315 V                             ; 2.89e-10 s                 ; 4.38e-10 s                 ; No                        ; No                        ;
; seg_led[1]   ; 3.3-V LVTTL  ; 0 s                 ; 0 s                 ; 3.08 V                       ; 1.63e-08 V                   ; 3.24 V              ; -0.168 V            ; 0.414 V                              ; 0.315 V                              ; 2.89e-10 s                  ; 4.38e-10 s                  ; No                         ; No                         ; 3.08 V                      ; 1.63e-08 V                  ; 3.24 V             ; -0.168 V           ; 0.414 V                             ; 0.315 V                             ; 2.89e-10 s                 ; 4.38e-10 s                 ; No                        ; No                        ;
; seg_led[2]   ; 3.3-V LVTTL  ; 0 s                 ; 0 s                 ; 3.08 V                       ; 1.63e-08 V                   ; 3.24 V              ; -0.165 V            ; 0.415 V                              ; 0.315 V                              ; 2.89e-10 s                  ; 4.38e-10 s                  ; No                         ; No                         ; 3.08 V                      ; 1.63e-08 V                  ; 3.24 V             ; -0.165 V           ; 0.415 V                             ; 0.315 V                             ; 2.89e-10 s                 ; 4.38e-10 s                 ; No                        ; No                        ;
; seg_led[3]   ; 3.3-V LVTTL  ; 0 s                 ; 0 s                 ; 3.08 V                       ; 1.63e-08 V                   ; 3.24 V              ; -0.165 V            ; 0.415 V                              ; 0.315 V                              ; 2.89e-10 s                  ; 4.38e-10 s                  ; No                         ; No                         ; 3.08 V                      ; 1.63e-08 V                  ; 3.24 V             ; -0.165 V           ; 0.415 V                             ; 0.315 V                             ; 2.89e-10 s                 ; 4.38e-10 s                 ; No                        ; No                        ;
; seg_led[4]   ; 3.3-V LVTTL  ; 0 s                 ; 0 s                 ; 3.08 V                       ; 1.63e-08 V                   ; 3.1 V               ; -0.00929 V          ; 0.323 V                              ; 0.284 V                              ; 3.89e-09 s                  ; 4.21e-09 s                  ; No                         ; No                         ; 3.08 V                      ; 1.63e-08 V                  ; 3.1 V              ; -0.00929 V         ; 0.323 V                             ; 0.284 V                             ; 3.89e-09 s                 ; 4.21e-09 s                 ; No                        ; No                        ;
; seg_led[5]   ; 3.3-V LVTTL  ; 0 s                 ; 0 s                 ; 3.08 V                       ; 1.63e-08 V                   ; 3.24 V              ; -0.168 V            ; 0.414 V                              ; 0.315 V                              ; 2.89e-10 s                  ; 4.38e-10 s                  ; No                         ; No                         ; 3.08 V                      ; 1.63e-08 V                  ; 3.24 V             ; -0.168 V           ; 0.414 V                             ; 0.315 V                             ; 2.89e-10 s                 ; 4.38e-10 s                 ; No                        ; No                        ;
; seg_led[6]   ; 3.3-V LVTTL  ; 0 s                 ; 0 s                 ; 3.08 V                       ; 1.63e-08 V                   ; 3.24 V              ; -0.165 V            ; 0.415 V                              ; 0.315 V                              ; 2.89e-10 s                  ; 4.38e-10 s                  ; No                         ; No                         ; 3.08 V                      ; 1.63e-08 V                  ; 3.24 V             ; -0.165 V           ; 0.415 V                             ; 0.315 V                             ; 2.89e-10 s                 ; 4.38e-10 s                 ; No                        ; No                        ;
; seg_led[7]   ; 3.3-V LVTTL  ; 0 s                 ; 0 s                 ; 3.08 V                       ; 1.63e-08 V                   ; 3.24 V              ; -0.168 V            ; 0.414 V                              ; 0.315 V                              ; 2.89e-10 s                  ; 4.38e-10 s                  ; No                         ; No                         ; 3.08 V                      ; 1.63e-08 V                  ; 3.24 V             ; -0.168 V           ; 0.414 V                             ; 0.315 V                             ; 2.89e-10 s                 ; 4.38e-10 s                 ; No                        ; No                        ;
; seg_led[8]   ; 3.3-V LVTTL  ; 0 s                 ; 0 s                 ; 3.08 V                       ; 1.63e-08 V                   ; 3.24 V              ; -0.165 V            ; 0.415 V                              ; 0.315 V                              ; 2.89e-10 s                  ; 4.38e-10 s                  ; No                         ; No                         ; 3.08 V                      ; 1.63e-08 V                  ; 3.24 V             ; -0.165 V           ; 0.415 V                             ; 0.315 V                             ; 2.89e-10 s                 ; 4.38e-10 s                 ; No                        ; No                        ;
; ~ALTERA_TDO~ ; 3.3-V LVTTL  ; 0 s                 ; 0 s                 ; 3.08 V                       ; 1.63e-08 V                   ; 3.24 V              ; -0.165 V            ; 0.415 V                              ; 0.315 V                              ; 2.89e-10 s                  ; 4.38e-10 s                  ; No                         ; No                         ; 3.08 V                      ; 1.63e-08 V                  ; 3.24 V             ; -0.165 V           ; 0.415 V                             ; 0.315 V                             ; 2.89e-10 s                 ; 4.38e-10 s                 ; No                        ; No                        ;
+--------------+--------------+---------------------+---------------------+------------------------------+------------------------------+---------------------+---------------------+--------------------------------------+--------------------------------------+-----------------------------+-----------------------------+----------------------------+----------------------------+-----------------------------+-----------------------------+--------------------+--------------------+-------------------------------------+-------------------------------------+----------------------------+----------------------------+---------------------------+---------------------------+


+-------------------------------------------------------------------------------------------------------------------------------------------------------------------------------------------------------------------------------------------------------------------------------------------------------------------------------------------------------------------------------------------------------------------------------------------------------------------------------------------------------------------------------------------------------------------------------------------------------------------------------------------------------------------------------------------+
; Signal Integrity Metrics (Slow 1200mv 100c Model)                                                                                                                                                                                                                                                                                                                                                                                                                                                                                                                                                                                                                                         ;
+--------------+--------------+---------------------+---------------------+------------------------------+------------------------------+---------------------+---------------------+--------------------------------------+--------------------------------------+-----------------------------+-----------------------------+----------------------------+----------------------------+-----------------------------+-----------------------------+--------------------+--------------------+-------------------------------------+-------------------------------------+----------------------------+----------------------------+---------------------------+---------------------------+
; Pin          ; I/O Standard ; Board Delay on Rise ; Board Delay on Fall ; Steady State Voh at FPGA Pin ; Steady State Vol at FPGA Pin ; Voh Max at FPGA Pin ; Vol Min at FPGA Pin ; Ringback Voltage on Rise at FPGA Pin ; Ringback Voltage on Fall at FPGA Pin ; 10-90 Rise Time at FPGA Pin ; 90-10 Fall Time at FPGA Pin ; Monotonic Rise at FPGA Pin ; Monotonic Fall at FPGA Pin ; Steady State Voh at Far-end ; Steady State Vol at Far-end ; Voh Max at Far-end ; Vol Min at Far-end ; Ringback Voltage on Rise at Far-end ; Ringback Voltage on Fall at Far-end ; 10-90 Rise Time at Far-end ; 90-10 Fall Time at Far-end ; Monotonic Rise at Far-end ; Monotonic Fall at Far-end ;
+--------------+--------------+---------------------+---------------------+------------------------------+------------------------------+---------------------+---------------------+--------------------------------------+--------------------------------------+-----------------------------+-----------------------------+----------------------------+----------------------------+-----------------------------+-----------------------------+--------------------+--------------------+-------------------------------------+-------------------------------------+----------------------------+----------------------------+---------------------------+---------------------------+
; q[0]         ; 3.3-V LVTTL  ; 0 s                 ; 0 s                 ; 3.08 V                       ; 6.72e-06 V                   ; 3.15 V              ; -0.0629 V           ; 0.27 V                               ; 0.22 V                               ; 4.76e-10 s                  ; 6.26e-10 s                  ; Yes                        ; No                         ; 3.08 V                      ; 6.72e-06 V                  ; 3.15 V             ; -0.0629 V          ; 0.27 V                              ; 0.22 V                              ; 4.76e-10 s                 ; 6.26e-10 s                 ; Yes                       ; No                        ;
; q[1]         ; 3.3-V LVTTL  ; 0 s                 ; 0 s                 ; 3.08 V                       ; 6.72e-06 V                   ; 3.15 V              ; -0.0629 V           ; 0.27 V                               ; 0.22 V                               ; 4.76e-10 s                  ; 6.26e-10 s                  ; Yes                        ; No                         ; 3.08 V                      ; 6.72e-06 V                  ; 3.15 V             ; -0.0629 V          ; 0.27 V                              ; 0.22 V                              ; 4.76e-10 s                 ; 6.26e-10 s                 ; Yes                       ; No                        ;
; q[2]         ; 3.3-V LVTTL  ; 0 s                 ; 0 s                 ; 3.08 V                       ; 6.72e-06 V                   ; 3.15 V              ; -0.0632 V           ; 0.27 V                               ; 0.221 V                              ; 4.76e-10 s                  ; 6.26e-10 s                  ; Yes                        ; No                         ; 3.08 V                      ; 6.72e-06 V                  ; 3.15 V             ; -0.0632 V          ; 0.27 V                              ; 0.221 V                             ; 4.76e-10 s                 ; 6.26e-10 s                 ; Yes                       ; No                        ;
; q[3]         ; 3.3-V LVTTL  ; 0 s                 ; 0 s                 ; 3.08 V                       ; 6.72e-06 V                   ; 3.15 V              ; -0.0629 V           ; 0.27 V                               ; 0.22 V                               ; 4.76e-10 s                  ; 6.26e-10 s                  ; Yes                        ; No                         ; 3.08 V                      ; 6.72e-06 V                  ; 3.15 V             ; -0.0629 V          ; 0.27 V                              ; 0.22 V                              ; 4.76e-10 s                 ; 6.26e-10 s                 ; Yes                       ; No                        ;
; seg_led[0]   ; 3.3-V LVTTL  ; 0 s                 ; 0 s                 ; 3.08 V                       ; 6.72e-06 V                   ; 3.15 V              ; -0.0632 V           ; 0.27 V                               ; 0.221 V                              ; 4.76e-10 s                  ; 6.26e-10 s                  ; Yes                        ; No                         ; 3.08 V                      ; 6.72e-06 V                  ; 3.15 V             ; -0.0632 V          ; 0.27 V                              ; 0.221 V                             ; 4.76e-10 s                 ; 6.26e-10 s                 ; Yes                       ; No                        ;
; seg_led[1]   ; 3.3-V LVTTL  ; 0 s                 ; 0 s                 ; 3.08 V                       ; 6.72e-06 V                   ; 3.15 V              ; -0.0632 V           ; 0.27 V                               ; 0.221 V                              ; 4.76e-10 s                  ; 6.26e-10 s                  ; Yes                        ; No                         ; 3.08 V                      ; 6.72e-06 V                  ; 3.15 V             ; -0.0632 V          ; 0.27 V                              ; 0.221 V                             ; 4.76e-10 s                 ; 6.26e-10 s                 ; Yes                       ; No                        ;
; seg_led[2]   ; 3.3-V LVTTL  ; 0 s                 ; 0 s                 ; 3.08 V                       ; 6.72e-06 V                   ; 3.15 V              ; -0.0629 V           ; 0.27 V                               ; 0.22 V                               ; 4.76e-10 s                  ; 6.26e-10 s                  ; Yes                        ; No                         ; 3.08 V                      ; 6.72e-06 V                  ; 3.15 V             ; -0.0629 V          ; 0.27 V                              ; 0.22 V                              ; 4.76e-10 s                 ; 6.26e-10 s                 ; Yes                       ; No                        ;
; seg_led[3]   ; 3.3-V LVTTL  ; 0 s                 ; 0 s                 ; 3.08 V                       ; 6.72e-06 V                   ; 3.15 V              ; -0.0629 V           ; 0.27 V                               ; 0.22 V                               ; 4.76e-10 s                  ; 6.26e-10 s                  ; Yes                        ; No                         ; 3.08 V                      ; 6.72e-06 V                  ; 3.15 V             ; -0.0629 V          ; 0.27 V                              ; 0.22 V                              ; 4.76e-10 s                 ; 6.26e-10 s                 ; Yes                       ; No                        ;
; seg_led[4]   ; 3.3-V LVTTL  ; 0 s                 ; 0 s                 ; 3.08 V                       ; 6.72e-06 V                   ; 3.09 V              ; -0.00251 V          ; 0.297 V                              ; 0.207 V                              ; 5.28e-09 s                  ; 5.96e-09 s                  ; No                         ; Yes                        ; 3.08 V                      ; 6.72e-06 V                  ; 3.09 V             ; -0.00251 V         ; 0.297 V                             ; 0.207 V                             ; 5.28e-09 s                 ; 5.96e-09 s                 ; No                        ; Yes                       ;
; seg_led[5]   ; 3.3-V LVTTL  ; 0 s                 ; 0 s                 ; 3.08 V                       ; 6.72e-06 V                   ; 3.15 V              ; -0.0632 V           ; 0.27 V                               ; 0.221 V                              ; 4.76e-10 s                  ; 6.26e-10 s                  ; Yes                        ; No                         ; 3.08 V                      ; 6.72e-06 V                  ; 3.15 V             ; -0.0632 V          ; 0.27 V                              ; 0.221 V                             ; 4.76e-10 s                 ; 6.26e-10 s                 ; Yes                       ; No                        ;
; seg_led[6]   ; 3.3-V LVTTL  ; 0 s                 ; 0 s                 ; 3.08 V                       ; 6.72e-06 V                   ; 3.15 V              ; -0.0629 V           ; 0.27 V                               ; 0.22 V                               ; 4.76e-10 s                  ; 6.26e-10 s                  ; Yes                        ; No                         ; 3.08 V                      ; 6.72e-06 V                  ; 3.15 V             ; -0.0629 V          ; 0.27 V                              ; 0.22 V                              ; 4.76e-10 s                 ; 6.26e-10 s                 ; Yes                       ; No                        ;
; seg_led[7]   ; 3.3-V LVTTL  ; 0 s                 ; 0 s                 ; 3.08 V                       ; 6.72e-06 V                   ; 3.15 V              ; -0.0632 V           ; 0.27 V                               ; 0.221 V                              ; 4.76e-10 s                  ; 6.26e-10 s                  ; Yes                        ; No                         ; 3.08 V                      ; 6.72e-06 V                  ; 3.15 V             ; -0.0632 V          ; 0.27 V                              ; 0.221 V                             ; 4.76e-10 s                 ; 6.26e-10 s                 ; Yes                       ; No                        ;
; seg_led[8]   ; 3.3-V LVTTL  ; 0 s                 ; 0 s                 ; 3.08 V                       ; 6.72e-06 V                   ; 3.15 V              ; -0.0629 V           ; 0.27 V                               ; 0.22 V                               ; 4.76e-10 s                  ; 6.26e-10 s                  ; Yes                        ; No                         ; 3.08 V                      ; 6.72e-06 V                  ; 3.15 V             ; -0.0629 V          ; 0.27 V                              ; 0.22 V                              ; 4.76e-10 s                 ; 6.26e-10 s                 ; Yes                       ; No                        ;
; ~ALTERA_TDO~ ; 3.3-V LVTTL  ; 0 s                 ; 0 s                 ; 3.08 V                       ; 6.72e-06 V                   ; 3.15 V              ; -0.0629 V           ; 0.27 V                               ; 0.22 V                               ; 4.76e-10 s                  ; 6.26e-10 s                  ; Yes                        ; No                         ; 3.08 V                      ; 6.72e-06 V                  ; 3.15 V             ; -0.0629 V          ; 0.27 V                              ; 0.22 V                              ; 4.76e-10 s                 ; 6.26e-10 s                 ; Yes                       ; No                        ;
+--------------+--------------+---------------------+---------------------+------------------------------+------------------------------+---------------------+---------------------+--------------------------------------+--------------------------------------+-----------------------------+-----------------------------+----------------------------+----------------------------+-----------------------------+-----------------------------+--------------------+--------------------+-------------------------------------+-------------------------------------+----------------------------+----------------------------+---------------------------+---------------------------+


+-------------------------------------------------------------------------------------------------------------------------------------------------------------------------------------------------------------------------------------------------------------------------------------------------------------------------------------------------------------------------------------------------------------------------------------------------------------------------------------------------------------------------------------------------------------------------------------------------------------------------------------------------------------------------------------------+
; Signal Integrity Metrics (Fast 1200mv n40c Model)                                                                                                                                                                                                                                                                                                                                                                                                                                                                                                                                                                                                                                         ;
+--------------+--------------+---------------------+---------------------+------------------------------+------------------------------+---------------------+---------------------+--------------------------------------+--------------------------------------+-----------------------------+-----------------------------+----------------------------+----------------------------+-----------------------------+-----------------------------+--------------------+--------------------+-------------------------------------+-------------------------------------+----------------------------+----------------------------+---------------------------+---------------------------+
; Pin          ; I/O Standard ; Board Delay on Rise ; Board Delay on Fall ; Steady State Voh at FPGA Pin ; Steady State Vol at FPGA Pin ; Voh Max at FPGA Pin ; Vol Min at FPGA Pin ; Ringback Voltage on Rise at FPGA Pin ; Ringback Voltage on Fall at FPGA Pin ; 10-90 Rise Time at FPGA Pin ; 90-10 Fall Time at FPGA Pin ; Monotonic Rise at FPGA Pin ; Monotonic Fall at FPGA Pin ; Steady State Voh at Far-end ; Steady State Vol at Far-end ; Voh Max at Far-end ; Vol Min at Far-end ; Ringback Voltage on Rise at Far-end ; Ringback Voltage on Fall at Far-end ; 10-90 Rise Time at Far-end ; 90-10 Fall Time at Far-end ; Monotonic Rise at Far-end ; Monotonic Fall at Far-end ;
+--------------+--------------+---------------------+---------------------+------------------------------+------------------------------+---------------------+---------------------+--------------------------------------+--------------------------------------+-----------------------------+-----------------------------+----------------------------+----------------------------+-----------------------------+-----------------------------+--------------------+--------------------+-------------------------------------+-------------------------------------+----------------------------+----------------------------+---------------------------+---------------------------+
; q[0]         ; 3.3-V LVTTL  ; 0 s                 ; 0 s                 ; 3.46 V                       ; 6.75e-08 V                   ; 3.67 V              ; -0.0271 V           ; 0.366 V                              ; 0.061 V                              ; 2.67e-10 s                  ; 3.36e-10 s                  ; No                         ; Yes                        ; 3.46 V                      ; 6.75e-08 V                  ; 3.67 V             ; -0.0271 V          ; 0.366 V                             ; 0.061 V                             ; 2.67e-10 s                 ; 3.36e-10 s                 ; No                        ; Yes                       ;
; q[1]         ; 3.3-V LVTTL  ; 0 s                 ; 0 s                 ; 3.46 V                       ; 6.75e-08 V                   ; 3.67 V              ; -0.0271 V           ; 0.366 V                              ; 0.061 V                              ; 2.67e-10 s                  ; 3.36e-10 s                  ; No                         ; Yes                        ; 3.46 V                      ; 6.75e-08 V                  ; 3.67 V             ; -0.0271 V          ; 0.366 V                             ; 0.061 V                             ; 2.67e-10 s                 ; 3.36e-10 s                 ; No                        ; Yes                       ;
; q[2]         ; 3.3-V LVTTL  ; 0 s                 ; 0 s                 ; 3.46 V                       ; 6.75e-08 V                   ; 3.68 V              ; -0.0267 V           ; 0.364 V                              ; 0.059 V                              ; 2.67e-10 s                  ; 3.36e-10 s                  ; No                         ; Yes                        ; 3.46 V                      ; 6.75e-08 V                  ; 3.68 V             ; -0.0267 V          ; 0.364 V                             ; 0.059 V                             ; 2.67e-10 s                 ; 3.36e-10 s                 ; No                        ; Yes                       ;
; q[3]         ; 3.3-V LVTTL  ; 0 s                 ; 0 s                 ; 3.46 V                       ; 6.75e-08 V                   ; 3.67 V              ; -0.0271 V           ; 0.366 V                              ; 0.061 V                              ; 2.67e-10 s                  ; 3.36e-10 s                  ; No                         ; Yes                        ; 3.46 V                      ; 6.75e-08 V                  ; 3.67 V             ; -0.0271 V          ; 0.366 V                             ; 0.061 V                             ; 2.67e-10 s                 ; 3.36e-10 s                 ; No                        ; Yes                       ;
; seg_led[0]   ; 3.3-V LVTTL  ; 0 s                 ; 0 s                 ; 3.46 V                       ; 6.75e-08 V                   ; 3.68 V              ; -0.0267 V           ; 0.364 V                              ; 0.059 V                              ; 2.67e-10 s                  ; 3.36e-10 s                  ; No                         ; Yes                        ; 3.46 V                      ; 6.75e-08 V                  ; 3.68 V             ; -0.0267 V          ; 0.364 V                             ; 0.059 V                             ; 2.67e-10 s                 ; 3.36e-10 s                 ; No                        ; Yes                       ;
; seg_led[1]   ; 3.3-V LVTTL  ; 0 s                 ; 0 s                 ; 3.46 V                       ; 6.75e-08 V                   ; 3.68 V              ; -0.0267 V           ; 0.364 V                              ; 0.059 V                              ; 2.67e-10 s                  ; 3.36e-10 s                  ; No                         ; Yes                        ; 3.46 V                      ; 6.75e-08 V                  ; 3.68 V             ; -0.0267 V          ; 0.364 V                             ; 0.059 V                             ; 2.67e-10 s                 ; 3.36e-10 s                 ; No                        ; Yes                       ;
; seg_led[2]   ; 3.3-V LVTTL  ; 0 s                 ; 0 s                 ; 3.46 V                       ; 6.75e-08 V                   ; 3.67 V              ; -0.0271 V           ; 0.366 V                              ; 0.061 V                              ; 2.67e-10 s                  ; 3.36e-10 s                  ; No                         ; Yes                        ; 3.46 V                      ; 6.75e-08 V                  ; 3.67 V             ; -0.0271 V          ; 0.366 V                             ; 0.061 V                             ; 2.67e-10 s                 ; 3.36e-10 s                 ; No                        ; Yes                       ;
; seg_led[3]   ; 3.3-V LVTTL  ; 0 s                 ; 0 s                 ; 3.46 V                       ; 6.75e-08 V                   ; 3.67 V              ; -0.0271 V           ; 0.366 V                              ; 0.061 V                              ; 2.67e-10 s                  ; 3.36e-10 s                  ; No                         ; Yes                        ; 3.46 V                      ; 6.75e-08 V                  ; 3.67 V             ; -0.0271 V          ; 0.366 V                             ; 0.061 V                             ; 2.67e-10 s                 ; 3.36e-10 s                 ; No                        ; Yes                       ;
; seg_led[4]   ; 3.3-V LVTTL  ; 0 s                 ; 0 s                 ; 3.46 V                       ; 6.75e-08 V                   ; 3.48 V              ; -0.00976 V          ; 0.32 V                               ; 0.347 V                              ; 3.35e-09 s                  ; 3.62e-09 s                  ; No                         ; No                         ; 3.46 V                      ; 6.75e-08 V                  ; 3.48 V             ; -0.00976 V         ; 0.32 V                              ; 0.347 V                             ; 3.35e-09 s                 ; 3.62e-09 s                 ; No                        ; No                        ;
; seg_led[5]   ; 3.3-V LVTTL  ; 0 s                 ; 0 s                 ; 3.46 V                       ; 6.75e-08 V                   ; 3.68 V              ; -0.0267 V           ; 0.364 V                              ; 0.059 V                              ; 2.67e-10 s                  ; 3.36e-10 s                  ; No                         ; Yes                        ; 3.46 V                      ; 6.75e-08 V                  ; 3.68 V             ; -0.0267 V          ; 0.364 V                             ; 0.059 V                             ; 2.67e-10 s                 ; 3.36e-10 s                 ; No                        ; Yes                       ;
; seg_led[6]   ; 3.3-V LVTTL  ; 0 s                 ; 0 s                 ; 3.46 V                       ; 6.75e-08 V                   ; 3.67 V              ; -0.0271 V           ; 0.366 V                              ; 0.061 V                              ; 2.67e-10 s                  ; 3.36e-10 s                  ; No                         ; Yes                        ; 3.46 V                      ; 6.75e-08 V                  ; 3.67 V             ; -0.0271 V          ; 0.366 V                             ; 0.061 V                             ; 2.67e-10 s                 ; 3.36e-10 s                 ; No                        ; Yes                       ;
; seg_led[7]   ; 3.3-V LVTTL  ; 0 s                 ; 0 s                 ; 3.46 V                       ; 6.75e-08 V                   ; 3.68 V              ; -0.0267 V           ; 0.364 V                              ; 0.059 V                              ; 2.67e-10 s                  ; 3.36e-10 s                  ; No                         ; Yes                        ; 3.46 V                      ; 6.75e-08 V                  ; 3.68 V             ; -0.0267 V          ; 0.364 V                             ; 0.059 V                             ; 2.67e-10 s                 ; 3.36e-10 s                 ; No                        ; Yes                       ;
; seg_led[8]   ; 3.3-V LVTTL  ; 0 s                 ; 0 s                 ; 3.46 V                       ; 6.75e-08 V                   ; 3.67 V              ; -0.0271 V           ; 0.366 V                              ; 0.061 V                              ; 2.67e-10 s                  ; 3.36e-10 s                  ; No                         ; Yes                        ; 3.46 V                      ; 6.75e-08 V                  ; 3.67 V             ; -0.0271 V          ; 0.366 V                             ; 0.061 V                             ; 2.67e-10 s                 ; 3.36e-10 s                 ; No                        ; Yes                       ;
; ~ALTERA_TDO~ ; 3.3-V LVTTL  ; 0 s                 ; 0 s                 ; 3.46 V                       ; 6.75e-08 V                   ; 3.67 V              ; -0.0271 V           ; 0.366 V                              ; 0.061 V                              ; 2.67e-10 s                  ; 3.36e-10 s                  ; No                         ; Yes                        ; 3.46 V                      ; 6.75e-08 V                  ; 3.67 V             ; -0.0271 V          ; 0.366 V                             ; 0.061 V                             ; 2.67e-10 s                 ; 3.36e-10 s                 ; No                        ; Yes                       ;
+--------------+--------------+---------------------+---------------------+------------------------------+------------------------------+---------------------+---------------------+--------------------------------------+--------------------------------------+-----------------------------+-----------------------------+----------------------------+----------------------------+-----------------------------+-----------------------------+--------------------+--------------------+-------------------------------------+-------------------------------------+----------------------------+----------------------------+---------------------------+---------------------------+


+-------------------------------------------------------------------------------+
; Setup Transfers                                                               ;
+-----------------+-----------------+----------+----------+----------+----------+
; From Clock      ; To Clock        ; RR Paths ; FR Paths ; RF Paths ; FF Paths ;
+-----------------+-----------------+----------+----------+----------+----------+
; clk             ; clk             ; 873      ; 0        ; 0        ; 0        ;
; divide:c1|clk_p ; divide:c1|clk_p ; 0        ; 0        ; 0        ; 1        ;
; rst             ; divide:c1|clk_p ; 0        ; 0        ; 2        ; 2        ;
; rst             ; rst             ; 0        ; 0        ; 12       ; 18       ;
+-----------------+-----------------+----------+----------+----------+----------+
Entries labeled "false path" only account for clock-to-clock false paths and not path-based false paths. As a result, actual path counts may be lower than reported.


+-------------------------------------------------------------------------------+
; Hold Transfers                                                                ;
+-----------------+-----------------+----------+----------+----------+----------+
; From Clock      ; To Clock        ; RR Paths ; FR Paths ; RF Paths ; FF Paths ;
+-----------------+-----------------+----------+----------+----------+----------+
; clk             ; clk             ; 873      ; 0        ; 0        ; 0        ;
; divide:c1|clk_p ; divide:c1|clk_p ; 0        ; 0        ; 0        ; 1        ;
; rst             ; divide:c1|clk_p ; 0        ; 0        ; 2        ; 2        ;
; rst             ; rst             ; 0        ; 0        ; 12       ; 18       ;
+-----------------+-----------------+----------+----------+----------+----------+
Entries labeled "false path" only account for clock-to-clock false paths and not path-based false paths. As a result, actual path counts may be lower than reported.


+--------------------------------------------------------------------------+
; Recovery Transfers                                                       ;
+------------+-----------------+----------+----------+----------+----------+
; From Clock ; To Clock        ; RR Paths ; FR Paths ; RF Paths ; FF Paths ;
+------------+-----------------+----------+----------+----------+----------+
; rst        ; clk             ; 33       ; 33       ; 0        ; 0        ;
; rst        ; divide:c1|clk_p ; 0        ; 0        ; 2        ; 2        ;
; rst        ; rst             ; 0        ; 0        ; 6        ; 6        ;
+------------+-----------------+----------+----------+----------+----------+
Entries labeled "false path" only account for clock-to-clock false paths and not path-based false paths. As a result, actual path counts may be lower than reported.


+--------------------------------------------------------------------------+
; Removal Transfers                                                        ;
+------------+-----------------+----------+----------+----------+----------+
; From Clock ; To Clock        ; RR Paths ; FR Paths ; RF Paths ; FF Paths ;
+------------+-----------------+----------+----------+----------+----------+
; rst        ; clk             ; 33       ; 33       ; 0        ; 0        ;
; rst        ; divide:c1|clk_p ; 0        ; 0        ; 2        ; 2        ;
; rst        ; rst             ; 0        ; 0        ; 6        ; 6        ;
+------------+-----------------+----------+----------+----------+----------+
Entries labeled "false path" only account for clock-to-clock false paths and not path-based false paths. As a result, actual path counts may be lower than reported.


---------------
; Report TCCS ;
---------------
No dedicated SERDES Transmitter circuitry present in device or used in design


---------------
; Report RSKM ;
---------------
No non-DPA dedicated SERDES Receiver circuitry present in device or used in design


+------------------------------------------------+
; Unconstrained Paths Summary                    ;
+---------------------------------+-------+------+
; Property                        ; Setup ; Hold ;
+---------------------------------+-------+------+
; Illegal Clocks                  ; 0     ; 0    ;
; Unconstrained Clocks            ; 0     ; 0    ;
; Unconstrained Input Ports       ; 2     ; 2    ;
; Unconstrained Input Port Paths  ; 27    ; 27   ;
; Unconstrained Output Ports      ; 11    ; 11   ;
; Unconstrained Output Port Paths ; 65    ; 65   ;
+---------------------------------+-------+------+


+--------------------------------------------------------+
; Clock Status Summary                                   ;
+-----------------+-----------------+------+-------------+
; Target          ; Clock           ; Type ; Status      ;
+-----------------+-----------------+------+-------------+
; clk             ; clk             ; Base ; Constrained ;
; divide:c1|clk_p ; divide:c1|clk_p ; Base ; Constrained ;
; rst             ; rst             ; Base ; Constrained ;
+-----------------+-----------------+------+-------------+


+---------------------------------------------------------------------------------------------------+
; Unconstrained Input Ports                                                                         ;
+------------+--------------------------------------------------------------------------------------+
; Input Port ; Comment                                                                              ;
+------------+--------------------------------------------------------------------------------------+
; rst        ; No input delay, min/max delays, false-path exceptions, or max skew assignments found ;
; set        ; No input delay, min/max delays, false-path exceptions, or max skew assignments found ;
+------------+--------------------------------------------------------------------------------------+


+-----------------------------------------------------------------------------------------------------+
; Unconstrained Output Ports                                                                          ;
+-------------+---------------------------------------------------------------------------------------+
; Output Port ; Comment                                                                               ;
+-------------+---------------------------------------------------------------------------------------+
; q[0]        ; No output delay, min/max delays, false-path exceptions, or max skew assignments found ;
; q[1]        ; No output delay, min/max delays, false-path exceptions, or max skew assignments found ;
; q[2]        ; No output delay, min/max delays, false-path exceptions, or max skew assignments found ;
; q[3]        ; No output delay, min/max delays, false-path exceptions, or max skew assignments found ;
; seg_led[0]  ; No output delay, min/max delays, false-path exceptions, or max skew assignments found ;
; seg_led[1]  ; No output delay, min/max delays, false-path exceptions, or max skew assignments found ;
; seg_led[2]  ; No output delay, min/max delays, false-path exceptions, or max skew assignments found ;
; seg_led[3]  ; No output delay, min/max delays, false-path exceptions, or max skew assignments found ;
; seg_led[4]  ; No output delay, min/max delays, false-path exceptions, or max skew assignments found ;
; seg_led[5]  ; No output delay, min/max delays, false-path exceptions, or max skew assignments found ;
; seg_led[6]  ; No output delay, min/max delays, false-path exceptions, or max skew assignments found ;
+-------------+---------------------------------------------------------------------------------------+


+---------------------------------------------------------------------------------------------------+
; Unconstrained Input Ports                                                                         ;
+------------+--------------------------------------------------------------------------------------+
; Input Port ; Comment                                                                              ;
+------------+--------------------------------------------------------------------------------------+
; rst        ; No input delay, min/max delays, false-path exceptions, or max skew assignments found ;
; set        ; No input delay, min/max delays, false-path exceptions, or max skew assignments found ;
+------------+--------------------------------------------------------------------------------------+


+-----------------------------------------------------------------------------------------------------+
; Unconstrained Output Ports                                                                          ;
+-------------+---------------------------------------------------------------------------------------+
; Output Port ; Comment                                                                               ;
+-------------+---------------------------------------------------------------------------------------+
; q[0]        ; No output delay, min/max delays, false-path exceptions, or max skew assignments found ;
; q[1]        ; No output delay, min/max delays, false-path exceptions, or max skew assignments found ;
; q[2]        ; No output delay, min/max delays, false-path exceptions, or max skew assignments found ;
; q[3]        ; No output delay, min/max delays, false-path exceptions, or max skew assignments found ;
; seg_led[0]  ; No output delay, min/max delays, false-path exceptions, or max skew assignments found ;
; seg_led[1]  ; No output delay, min/max delays, false-path exceptions, or max skew assignments found ;
; seg_led[2]  ; No output delay, min/max delays, false-path exceptions, or max skew assignments found ;
; seg_led[3]  ; No output delay, min/max delays, false-path exceptions, or max skew assignments found ;
; seg_led[4]  ; No output delay, min/max delays, false-path exceptions, or max skew assignments found ;
; seg_led[5]  ; No output delay, min/max delays, false-path exceptions, or max skew assignments found ;
; seg_led[6]  ; No output delay, min/max delays, false-path exceptions, or max skew assignments found ;
+-------------+---------------------------------------------------------------------------------------+


+--------------------------+
; Timing Analyzer Messages ;
+--------------------------+
Info: *******************************************************************
Info: Running Quartus Prime Timing Analyzer
    Info: Version 22.1std.2 Build 922 07/20/2023 SC Lite Edition
    Info: Processing started: Tue Nov 21 22:13:43 2023
Info: Command: quartus_sta Counter10_JK -c Counter10_JK
Info: qsta_default_script.tcl version: #1
Warning (18236): Number of processors has not been specified which may cause overloading on shared machines.  Set the global assignment NUM_PARALLEL_PROCESSORS in your QSF to an appropriate value for best performance.
Info (20030): Parallel compilation is enabled and will use 14 of the 14 processors detected
Info (21077): Low junction temperature is -40 degrees C
Info (21077): High junction temperature is 100 degrees C
Warning (335093): The Timing Analyzer is analyzing 1 combinational loops as latches. For more details, run the Check Timing command in the Timing Analyzer or view the "User-Specified and Inferred Latches" table in the Analysis & Synthesis report.
Critical Warning (332012): Synopsys Design Constraints File file not found: 'Counter10_JK.sdc'. A Synopsys Design Constraints File is required by the Timing Analyzer to get proper timing constraints. Without it, the Compiler will not properly optimize the design.
Info (332142): No user constrained base clocks found in the design. Calling "derive_clocks -period 1.0"
Info (332105): Deriving Clocks
    Info (332105): create_clock -period 1.000 -name clk clk
    Info (332105): create_clock -period 1.000 -name rst rst
    Info (332105): create_clock -period 1.000 -name divide:c1|clk_p divide:c1|clk_p
Info (332143): No user constrained clock uncertainty found in the design. Calling "derive_clock_uncertainty"
Info (332123): Deriving Clock Uncertainty. Please refer to report_sdc in the Timing Analyzer to see clock uncertainties.
Info: Found TIMING_ANALYZER_REPORT_SCRIPT_INCLUDE_DEFAULT_ANALYSIS = ON
Info: Analyzing Slow 1200mV 100C Model
Info: Can't run Report Timing Closure Recommendations. The current device family is not supported.
Critical Warning (332148): Timing requirements not met
Info (332146): Worst-case setup slack is -2.951
    Info (332119):     Slack       End Point TNS Clock 
    Info (332119): ========= =================== =====================
    Info (332119):    -2.951              -8.095 rst 
    Info (332119):    -2.685             -64.210 clk 
    Info (332119):    -1.507              -1.507 divide:c1|clk_p 
Info (332146): Worst-case hold slack is -0.179
    Info (332119):     Slack       End Point TNS Clock 
    Info (332119): ========= =================== =====================
    Info (332119):    -0.179              -0.199 rst 
    Info (332119):     0.671               0.000 clk 
    Info (332119):     0.930               0.000 divide:c1|clk_p 
Info (332146): Worst-case recovery slack is -3.559
    Info (332119):     Slack       End Point TNS Clock 
    Info (332119): ========= =================== =====================
    Info (332119):    -3.559              -3.559 divide:c1|clk_p 
    Info (332119):    -1.776              -4.584 rst 
    Info (332119):    -0.617              -6.923 clk 
Info (332146): Worst-case removal slack is -0.028
    Info (332119):     Slack       End Point TNS Clock 
    Info (332119): ========= =================== =====================
    Info (332119):    -0.028              -0.336 clk 
    Info (332119):     0.850               0.000 rst 
    Info (332119):     3.381               0.000 divide:c1|clk_p 
Info (332146): Worst-case minimum pulse width slack is -3.000
    Info (332119):     Slack       End Point TNS Clock 
    Info (332119): ========= =================== =====================
    Info (332119):    -3.000             -49.299 clk 
    Info (332119):    -3.000              -9.521 rst 
    Info (332119):    -1.403              -1.403 divide:c1|clk_p 
Info: Analyzing Slow 1200mV -40C Model
Info (334003): Started post-fitting delay annotation
Info (334004): Delay annotation completed successfully
Info (332123): Deriving Clock Uncertainty. Please refer to report_sdc in the Timing Analyzer to see clock uncertainties.
Critical Warning (332148): Timing requirements not met
Info (332146): Worst-case setup slack is -2.561
    Info (332119):     Slack       End Point TNS Clock 
    Info (332119): ========= =================== =====================
    Info (332119):    -2.561              -7.005 rst 
    Info (332119):    -2.118             -50.630 clk 
    Info (332119):    -1.461              -1.461 divide:c1|clk_p 
Info (332146): Worst-case hold slack is -0.189
    Info (332119):     Slack       End Point TNS Clock 
    Info (332119): ========= =================== =====================
    Info (332119):    -0.189              -0.257 rst 
    Info (332119):     0.584               0.000 clk 
    Info (332119):     0.822               0.000 divide:c1|clk_p 
Info (332146): Worst-case recovery slack is -3.347
    Info (332119):     Slack       End Point TNS Clock 
    Info (332119): ========= =================== =====================
    Info (332119):    -3.347              -3.347 divide:c1|clk_p 
    Info (332119):    -1.727              -4.519 rst 
    Info (332119):    -0.508              -5.446 clk 
Info (332146): Worst-case removal slack is 0.091
    Info (332119):     Slack       End Point TNS Clock 
    Info (332119): ========= =================== =====================
    Info (332119):     0.091               0.000 clk 
    Info (332119):     0.854               0.000 rst 
    Info (332119):     3.089               0.000 divide:c1|clk_p 
Info (332146): Worst-case minimum pulse width slack is -3.000
    Info (332119):     Slack       End Point TNS Clock 
    Info (332119): ========= =================== =====================
    Info (332119):    -3.000             -49.299 clk 
    Info (332119):    -3.000              -8.613 rst 
    Info (332119):    -1.403              -1.403 divide:c1|clk_p 
Info: Analyzing Fast 1200mV -40C Model
Info (332123): Deriving Clock Uncertainty. Please refer to report_sdc in the Timing Analyzer to see clock uncertainties.
Critical Warning (332148): Timing requirements not met
Info (332146): Worst-case setup slack is -0.726
    Info (332119):     Slack       End Point TNS Clock 
    Info (332119): ========= =================== =====================
    Info (332119):    -0.726              -1.777 rst 
    Info (332119):    -0.454              -6.845 clk 
    Info (332119):    -0.040              -0.040 divide:c1|clk_p 
Info (332146): Worst-case hold slack is -0.105
    Info (332119):     Slack       End Point TNS Clock 
    Info (332119): ========= =================== =====================
    Info (332119):    -0.105              -0.223 rst 
    Info (332119):     0.239               0.000 clk 
    Info (332119):     0.341               0.000 divide:c1|clk_p 
Info (332146): Worst-case recovery slack is -0.975
    Info (332119):     Slack       End Point TNS Clock 
    Info (332119): ========= =================== =====================
    Info (332119):    -0.975              -0.975 divide:c1|clk_p 
    Info (332119):    -0.282              -3.200 clk 
    Info (332119):    -0.062              -0.062 rst 
Info (332146): Worst-case removal slack is -0.228
    Info (332119):     Slack       End Point TNS Clock 
    Info (332119): ========= =================== =====================
    Info (332119):    -0.228              -5.425 clk 
    Info (332119):     0.379               0.000 rst 
    Info (332119):     1.570               0.000 divide:c1|clk_p 
Info (332146): Worst-case minimum pulse width slack is -3.000
    Info (332119):     Slack       End Point TNS Clock 
    Info (332119): ========= =================== =====================
    Info (332119):    -3.000             -41.829 clk 
    Info (332119):    -3.000              -8.493 rst 
    Info (332119):    -1.000              -1.000 divide:c1|clk_p 
Info (332102): Design is not fully constrained for setup requirements
Info (332102): Design is not fully constrained for hold requirements
Info: Quartus Prime Timing Analyzer was successful. 0 errors, 6 warnings
    Info: Peak virtual memory: 4867 megabytes
    Info: Processing ended: Tue Nov 21 22:13:44 2023
    Info: Elapsed time: 00:00:01
    Info: Total CPU time (on all processors): 00:00:00


