Analysis & Synthesis report for Counter_II
Thu Nov 16 12:15:30 2023
Quartus Prime Version 22.1std.2 Build 922 07/20/2023 SC Lite Edition


---------------------
; Table of Contents ;
---------------------
  1. Legal Notice
  2. Analysis & Synthesis Summary
  3. Analysis & Synthesis Settings
  4. Parallel Compilation
  5. Analysis & Synthesis Source Files Read
  6. Analysis & Synthesis Resource Usage Summary
  7. Analysis & Synthesis Resource Utilization by Entity
  8. Registers Removed During Synthesis
  9. General Register Statistics
 10. Inverted Register Statistics
 11. Multiplexer Restructuring Statistics (Restructuring Performed)
 12. Parameter Settings for User Entity Instance: Debounce_II:u1
 13. Parameter Settings for Inferred Entity Instance: lpm_divide:Div0
 14. Parameter Settings for Inferred Entity Instance: lpm_divide:Mod1
 15. Parameter Settings for Inferred Entity Instance: lpm_divide:Mod0
 16. Analysis & Synthesis Messages



----------------
; Legal Notice ;
----------------
Copyright (C) 2023  Intel Corporation. All rights reserved.
Your use of Intel Corporation's design tools, logic functions 
and other software and tools, and any partner logic 
functions, and any output files from any of the foregoing 
(including device programming or simulation files), and any 
associated documentation or information are expressly subject 
to the terms and conditions of the Intel Program License 
Subscription Agreement, the Intel Quartus Prime License Agreement,
the Intel FPGA IP License Agreement, or other applicable license
agreement, including, without limitation, that your use is for
the sole purpose of programming logic devices manufactured by
Intel and sold by Intel or its authorized distributors.  Please
refer to the applicable agreement for further details, at
https://fpgasoftware.intel.com/eula.



+------------------------------------------------------------------------------+
; Analysis & Synthesis Summary                                                 ;
+-----------------------------+------------------------------------------------+
; Analysis & Synthesis Status ; Successful - Thu Nov 16 12:15:30 2023          ;
; Quartus Prime Version       ; 22.1std.2 Build 922 07/20/2023 SC Lite Edition ;
; Revision Name               ; Counter_II                                     ;
; Top-level Entity Name       ; Counter_II                                     ;
; Family                      ; MAX II                                         ;
; Total logic elements        ; 118                                            ;
; Total pins                  ; 25                                             ;
; Total virtual pins          ; 0                                              ;
; UFM blocks                  ; 0 / 1 ( 0 % )                                  ;
+-----------------------------+------------------------------------------------+


+------------------------------------------------------------------------------------------------------------+
; Analysis & Synthesis Settings                                                                              ;
+------------------------------------------------------------------+--------------------+--------------------+
; Option                                                           ; Setting            ; Default Value      ;
+------------------------------------------------------------------+--------------------+--------------------+
; Device                                                           ; EPM1270T144C5      ;                    ;
; Top-level entity name                                            ; Counter_II         ; Counter_II         ;
; Family name                                                      ; MAX II             ; Cyclone V          ;
; Use smart compilation                                            ; Off                ; Off                ;
; Enable parallel Assembler and Timing Analyzer during compilation ; On                 ; On                 ;
; Enable compact report table                                      ; Off                ; Off                ;
; Restructure Multiplexers                                         ; Auto               ; Auto               ;
; Create Debugging Nodes for IP Cores                              ; Off                ; Off                ;
; Preserve fewer node names                                        ; On                 ; On                 ;
; Intel FPGA IP Evaluation Mode                                    ; Enable             ; Enable             ;
; Verilog Version                                                  ; Verilog_2001       ; Verilog_2001       ;
; VHDL Version                                                     ; VHDL_1993          ; VHDL_1993          ;
; State Machine Processing                                         ; Auto               ; Auto               ;
; Safe State Machine                                               ; Off                ; Off                ;
; Extract Verilog State Machines                                   ; On                 ; On                 ;
; Extract VHDL State Machines                                      ; On                 ; On                 ;
; Ignore Verilog initial constructs                                ; Off                ; Off                ;
; Iteration limit for constant Verilog loops                       ; 5000               ; 5000               ;
; Iteration limit for non-constant Verilog loops                   ; 250                ; 250                ;
; Add Pass-Through Logic to Inferred RAMs                          ; On                 ; On                 ;
; Infer RAMs from Raw Logic                                        ; On                 ; On                 ;
; Parallel Synthesis                                               ; On                 ; On                 ;
; NOT Gate Push-Back                                               ; On                 ; On                 ;
; Power-Up Don't Care                                              ; On                 ; On                 ;
; Remove Redundant Logic Cells                                     ; Off                ; Off                ;
; Remove Duplicate Registers                                       ; On                 ; On                 ;
; Ignore CARRY Buffers                                             ; Off                ; Off                ;
; Ignore CASCADE Buffers                                           ; Off                ; Off                ;
; Ignore GLOBAL Buffers                                            ; Off                ; Off                ;
; Ignore ROW GLOBAL Buffers                                        ; Off                ; Off                ;
; Ignore LCELL Buffers                                             ; Off                ; Off                ;
; Ignore SOFT Buffers                                              ; On                 ; On                 ;
; Limit AHDL Integers to 32 Bits                                   ; Off                ; Off                ;
; Optimization Technique                                           ; Balanced           ; Balanced           ;
; Carry Chain Length                                               ; 70                 ; 70                 ;
; Auto Carry Chains                                                ; On                 ; On                 ;
; Auto Open-Drain Pins                                             ; On                 ; On                 ;
; Perform WYSIWYG Primitive Resynthesis                            ; Off                ; Off                ;
; Auto Shift Register Replacement                                  ; Auto               ; Auto               ;
; Allow Shift Register Merging across Hierarchies                  ; Auto               ; Auto               ;
; Auto Clock Enable Replacement                                    ; On                 ; On                 ;
; Allow Synchronous Control Signals                                ; On                 ; On                 ;
; Force Use of Synchronous Clear Signals                           ; Off                ; Off                ;
; Auto Resource Sharing                                            ; Off                ; Off                ;
; Use LogicLock Constraints during Resource Balancing              ; On                 ; On                 ;
; Ignore translate_off and synthesis_off directives                ; Off                ; Off                ;
; Report Parameter Settings                                        ; On                 ; On                 ;
; Report Source Assignments                                        ; On                 ; On                 ;
; Report Connectivity Checks                                       ; On                 ; On                 ;
; Ignore Maximum Fan-Out Assignments                               ; Off                ; Off                ;
; Synchronization Register Chain Length                            ; 2                  ; 2                  ;
; Power Optimization During Synthesis                              ; Normal compilation ; Normal compilation ;
; HDL message level                                                ; Level2             ; Level2             ;
; Suppress Register Optimization Related Messages                  ; Off                ; Off                ;
; Number of Removed Registers Reported in Synthesis Report         ; 5000               ; 5000               ;
; Number of Swept Nodes Reported in Synthesis Report               ; 5000               ; 5000               ;
; Number of Inverted Registers Reported in Synthesis Report        ; 100                ; 100                ;
; Clock MUX Protection                                             ; On                 ; On                 ;
; Block Design Naming                                              ; Auto               ; Auto               ;
; Synthesis Effort                                                 ; Auto               ; Auto               ;
; Shift Register Replacement - Allow Asynchronous Clear Signal     ; On                 ; On                 ;
; Analysis & Synthesis Message Level                               ; Medium             ; Medium             ;
; Disable Register Merging Across Hierarchies                      ; Auto               ; Auto               ;
+------------------------------------------------------------------+--------------------+--------------------+


+------------------------------------------+
; Parallel Compilation                     ;
+----------------------------+-------------+
; Processors                 ; Number      ;
+----------------------------+-------------+
; Number detected on machine ; 20          ;
; Maximum allowed            ; 14          ;
;                            ;             ;
; Average used               ; 1.00        ;
; Maximum used               ; 1           ;
;                            ;             ;
; Usage by Processor         ; % Time Used ;
;     Processor 1            ; 100.0%      ;
+----------------------------+-------------+


+--------------------------------------------------------------------------------------------------------------------------------------------------------------+
; Analysis & Synthesis Source Files Read                                                                                                                       ;
+----------------------------------+-----------------+------------------------------+----------------------------------------------------------------+---------+
; File Name with User-Entered Path ; Used in Netlist ; File Type                    ; File Name with Absolute Path                                   ; Library ;
+----------------------------------+-----------------+------------------------------+----------------------------------------------------------------+---------+
; ../Debounce_II/Debounce_II.v     ; yes             ; User Verilog HDL File        ; D:/ShuDianShiYan/Debounce_II/Debounce_II.v                     ;         ;
; Counter_II.v                     ; yes             ; User Verilog HDL File        ; D:/ShuDianShiYan/Counter_II/Counter_II.v                       ;         ;
; lpm_divide.tdf                   ; yes             ; Megafunction                 ; d:/quartus/quartus/libraries/megafunctions/lpm_divide.tdf      ;         ;
; abs_divider.inc                  ; yes             ; Megafunction                 ; d:/quartus/quartus/libraries/megafunctions/abs_divider.inc     ;         ;
; sign_div_unsign.inc              ; yes             ; Megafunction                 ; d:/quartus/quartus/libraries/megafunctions/sign_div_unsign.inc ;         ;
; aglobal221.inc                   ; yes             ; Megafunction                 ; d:/quartus/quartus/libraries/megafunctions/aglobal221.inc      ;         ;
; db/lpm_divide_ovl.tdf            ; yes             ; Auto-Generated Megafunction  ; D:/ShuDianShiYan/Counter_II/db/lpm_divide_ovl.tdf              ;         ;
; db/sign_div_unsign_9kh.tdf       ; yes             ; Auto-Generated Megafunction  ; D:/ShuDianShiYan/Counter_II/db/sign_div_unsign_9kh.tdf         ;         ;
; db/alt_u_div_die.tdf             ; yes             ; Auto-Generated Megafunction  ; D:/ShuDianShiYan/Counter_II/db/alt_u_div_die.tdf               ;         ;
; db/add_sub_e7c.tdf               ; yes             ; Auto-Generated Megafunction  ; D:/ShuDianShiYan/Counter_II/db/add_sub_e7c.tdf                 ;         ;
; db/add_sub_f7c.tdf               ; yes             ; Auto-Generated Megafunction  ; D:/ShuDianShiYan/Counter_II/db/add_sub_f7c.tdf                 ;         ;
; db/add_sub_g7c.tdf               ; yes             ; Auto-Generated Megafunction  ; D:/ShuDianShiYan/Counter_II/db/add_sub_g7c.tdf                 ;         ;
; db/add_sub_h7c.tdf               ; yes             ; Auto-Generated Megafunction  ; D:/ShuDianShiYan/Counter_II/db/add_sub_h7c.tdf                 ;         ;
; db/add_sub_i7c.tdf               ; yes             ; Auto-Generated Megafunction  ; D:/ShuDianShiYan/Counter_II/db/add_sub_i7c.tdf                 ;         ;
; db/lpm_divide_rnl.tdf            ; yes             ; Auto-Generated Megafunction  ; D:/ShuDianShiYan/Counter_II/db/lpm_divide_rnl.tdf              ;         ;
; db/lpm_divide_tnl.tdf            ; yes             ; Auto-Generated Megafunction  ; D:/ShuDianShiYan/Counter_II/db/lpm_divide_tnl.tdf              ;         ;
; db/sign_div_unsign_bkh.tdf       ; yes             ; Auto-Generated Megafunction  ; D:/ShuDianShiYan/Counter_II/db/sign_div_unsign_bkh.tdf         ;         ;
; db/alt_u_div_hie.tdf             ; yes             ; Auto-Generated Megafunction  ; D:/ShuDianShiYan/Counter_II/db/alt_u_div_hie.tdf               ;         ;
; db/add_sub_j7c.tdf               ; yes             ; Auto-Generated Megafunction  ; D:/ShuDianShiYan/Counter_II/db/add_sub_j7c.tdf                 ;         ;
+----------------------------------+-----------------+------------------------------+----------------------------------------------------------------+---------+


+-----------------------------------------------------+
; Analysis & Synthesis Resource Usage Summary         ;
+---------------------------------------------+-------+
; Resource                                    ; Usage ;
+---------------------------------------------+-------+
; Total logic elements                        ; 118   ;
;     -- Combinational with no register       ; 90    ;
;     -- Register only                        ; 7     ;
;     -- Combinational with a register        ; 21    ;
;                                             ;       ;
; Logic element usage by number of LUT inputs ;       ;
;     -- 4 input functions                    ; 21    ;
;     -- 3 input functions                    ; 13    ;
;     -- 2 input functions                    ; 54    ;
;     -- 1 input functions                    ; 23    ;
;     -- 0 input functions                    ; 0     ;
;                                             ;       ;
; Logic elements by mode                      ;       ;
;     -- normal mode                          ; 80    ;
;     -- arithmetic mode                      ; 38    ;
;     -- qfbk mode                            ; 0     ;
;     -- register cascade mode                ; 0     ;
;     -- synchronous clear/load mode          ; 0     ;
;     -- asynchronous clear/load mode         ; 26    ;
;                                             ;       ;
; Total registers                             ; 28    ;
; Total logic cells in carry chains           ; 52    ;
; I/O pins                                    ; 25    ;
; Maximum fan-out node                        ; clk   ;
; Maximum fan-out                             ; 28    ;
; Total fan-out                               ; 341   ;
; Average fan-out                             ; 2.38  ;
+---------------------------------------------+-------+


+----------------------------------------------------------------------------------------------------------------------------------------------------------------------------------------------------------------------------------------------------------------------------------------------------------------------------------------------------------------------+
; Analysis & Synthesis Resource Utilization by Entity                                                                                                                                                                                                                                                                                                                  ;
+----------------------------------------+-------------+--------------+------------+------+--------------+--------------+-------------------+------------------+-----------------+------------+-----------------------------------------------------------------------------------------------------------------------------------+---------------------+--------------+
; Compilation Hierarchy Node             ; Logic Cells ; LC Registers ; UFM Blocks ; Pins ; Virtual Pins ; LUT-Only LCs ; Register-Only LCs ; LUT/Register LCs ; Carry Chain LCs ; Packed LCs ; Full Hierarchy Name                                                                                                               ; Entity Name         ; Library Name ;
+----------------------------------------+-------------+--------------+------------+------+--------------+--------------+-------------------+------------------+-----------------+------------+-----------------------------------------------------------------------------------------------------------------------------------+---------------------+--------------+
; |Counter_II                            ; 118 (49)    ; 28           ; 0          ; 25   ; 0            ; 90 (29)      ; 7 (4)             ; 21 (16)          ; 52 (16)         ; 0 (0)      ; |Counter_II                                                                                                                       ; Counter_II          ; work         ;
;    |Debounce_II:u1|                    ; 11 (11)     ; 8            ; 0          ; 0    ; 0            ; 3 (3)        ; 3 (3)             ; 5 (5)            ; 0 (0)           ; 0 (0)      ; |Counter_II|Debounce_II:u1                                                                                                        ; Debounce_II         ; work         ;
;    |lpm_divide:Div0|                   ; 19 (0)      ; 0            ; 0          ; 0    ; 0            ; 19 (0)       ; 0 (0)             ; 0 (0)            ; 11 (0)          ; 0 (0)      ; |Counter_II|lpm_divide:Div0                                                                                                       ; lpm_divide          ; work         ;
;       |lpm_divide_ovl:auto_generated|  ; 19 (0)      ; 0            ; 0          ; 0    ; 0            ; 19 (0)       ; 0 (0)             ; 0 (0)            ; 11 (0)          ; 0 (0)      ; |Counter_II|lpm_divide:Div0|lpm_divide_ovl:auto_generated                                                                         ; lpm_divide_ovl      ; work         ;
;          |sign_div_unsign_9kh:divider| ; 19 (0)      ; 0            ; 0          ; 0    ; 0            ; 19 (0)       ; 0 (0)             ; 0 (0)            ; 11 (0)          ; 0 (0)      ; |Counter_II|lpm_divide:Div0|lpm_divide_ovl:auto_generated|sign_div_unsign_9kh:divider                                             ; sign_div_unsign_9kh ; work         ;
;             |alt_u_div_die:divider|    ; 19 (8)      ; 0            ; 0          ; 0    ; 0            ; 19 (8)       ; 0 (0)             ; 0 (0)            ; 11 (0)          ; 0 (0)      ; |Counter_II|lpm_divide:Div0|lpm_divide_ovl:auto_generated|sign_div_unsign_9kh:divider|alt_u_div_die:divider                       ; alt_u_div_die       ; work         ;
;                |add_sub_i7c:add_sub_4| ; 6 (6)       ; 0            ; 0          ; 0    ; 0            ; 6 (6)        ; 0 (0)             ; 0 (0)            ; 6 (6)           ; 0 (0)      ; |Counter_II|lpm_divide:Div0|lpm_divide_ovl:auto_generated|sign_div_unsign_9kh:divider|alt_u_div_die:divider|add_sub_i7c:add_sub_4 ; add_sub_i7c         ; work         ;
;                |add_sub_i7c:add_sub_5| ; 5 (5)       ; 0            ; 0          ; 0    ; 0            ; 5 (5)        ; 0 (0)             ; 0 (0)            ; 5 (5)           ; 0 (0)      ; |Counter_II|lpm_divide:Div0|lpm_divide_ovl:auto_generated|sign_div_unsign_9kh:divider|alt_u_div_die:divider|add_sub_i7c:add_sub_5 ; add_sub_i7c         ; work         ;
;    |lpm_divide:Mod0|                   ; 21 (0)      ; 0            ; 0          ; 0    ; 0            ; 21 (0)       ; 0 (0)             ; 0 (0)            ; 13 (0)          ; 0 (0)      ; |Counter_II|lpm_divide:Mod0                                                                                                       ; lpm_divide          ; work         ;
;       |lpm_divide_tnl:auto_generated|  ; 21 (0)      ; 0            ; 0          ; 0    ; 0            ; 21 (0)       ; 0 (0)             ; 0 (0)            ; 13 (0)          ; 0 (0)      ; |Counter_II|lpm_divide:Mod0|lpm_divide_tnl:auto_generated                                                                         ; lpm_divide_tnl      ; work         ;
;          |sign_div_unsign_bkh:divider| ; 21 (0)      ; 0            ; 0          ; 0    ; 0            ; 21 (0)       ; 0 (0)             ; 0 (0)            ; 13 (0)          ; 0 (0)      ; |Counter_II|lpm_divide:Mod0|lpm_divide_tnl:auto_generated|sign_div_unsign_bkh:divider                                             ; sign_div_unsign_bkh ; work         ;
;             |alt_u_div_hie:divider|    ; 21 (8)      ; 0            ; 0          ; 0    ; 0            ; 21 (8)       ; 0 (0)             ; 0 (0)            ; 13 (0)          ; 0 (0)      ; |Counter_II|lpm_divide:Mod0|lpm_divide_tnl:auto_generated|sign_div_unsign_bkh:divider|alt_u_div_hie:divider                       ; alt_u_div_hie       ; work         ;
;                |add_sub_j7c:add_sub_5| ; 6 (6)       ; 0            ; 0          ; 0    ; 0            ; 6 (6)        ; 0 (0)             ; 0 (0)            ; 6 (6)           ; 0 (0)      ; |Counter_II|lpm_divide:Mod0|lpm_divide_tnl:auto_generated|sign_div_unsign_bkh:divider|alt_u_div_hie:divider|add_sub_j7c:add_sub_5 ; add_sub_j7c         ; work         ;
;                |add_sub_j7c:add_sub_6| ; 7 (7)       ; 0            ; 0          ; 0    ; 0            ; 7 (7)        ; 0 (0)             ; 0 (0)            ; 7 (7)           ; 0 (0)      ; |Counter_II|lpm_divide:Mod0|lpm_divide_tnl:auto_generated|sign_div_unsign_bkh:divider|alt_u_div_hie:divider|add_sub_j7c:add_sub_6 ; add_sub_j7c         ; work         ;
;    |lpm_divide:Mod1|                   ; 18 (0)      ; 0            ; 0          ; 0    ; 0            ; 18 (0)       ; 0 (0)             ; 0 (0)            ; 12 (0)          ; 0 (0)      ; |Counter_II|lpm_divide:Mod1                                                                                                       ; lpm_divide          ; work         ;
;       |lpm_divide_rnl:auto_generated|  ; 18 (0)      ; 0            ; 0          ; 0    ; 0            ; 18 (0)       ; 0 (0)             ; 0 (0)            ; 12 (0)          ; 0 (0)      ; |Counter_II|lpm_divide:Mod1|lpm_divide_rnl:auto_generated                                                                         ; lpm_divide_rnl      ; work         ;
;          |sign_div_unsign_9kh:divider| ; 18 (0)      ; 0            ; 0          ; 0    ; 0            ; 18 (0)       ; 0 (0)             ; 0 (0)            ; 12 (0)          ; 0 (0)      ; |Counter_II|lpm_divide:Mod1|lpm_divide_rnl:auto_generated|sign_div_unsign_9kh:divider                                             ; sign_div_unsign_9kh ; work         ;
;             |alt_u_div_die:divider|    ; 18 (6)      ; 0            ; 0          ; 0    ; 0            ; 18 (6)       ; 0 (0)             ; 0 (0)            ; 12 (0)          ; 0 (0)      ; |Counter_II|lpm_divide:Mod1|lpm_divide_rnl:auto_generated|sign_div_unsign_9kh:divider|alt_u_div_die:divider                       ; alt_u_div_die       ; work         ;
;                |add_sub_i7c:add_sub_4| ; 6 (6)       ; 0            ; 0          ; 0    ; 0            ; 6 (6)        ; 0 (0)             ; 0 (0)            ; 6 (6)           ; 0 (0)      ; |Counter_II|lpm_divide:Mod1|lpm_divide_rnl:auto_generated|sign_div_unsign_9kh:divider|alt_u_div_die:divider|add_sub_i7c:add_sub_4 ; add_sub_i7c         ; work         ;
;                |add_sub_i7c:add_sub_5| ; 6 (6)       ; 0            ; 0          ; 0    ; 0            ; 6 (6)        ; 0 (0)             ; 0 (0)            ; 6 (6)           ; 0 (0)      ; |Counter_II|lpm_divide:Mod1|lpm_divide_rnl:auto_generated|sign_div_unsign_9kh:divider|alt_u_div_die:divider|add_sub_i7c:add_sub_5 ; add_sub_i7c         ; work         ;
+----------------------------------------+-------------+--------------+------------+------+--------------+--------------+-------------------+------------------+-----------------+------------+-----------------------------------------------------------------------------------------------------------------------------------+---------------------+--------------+
Note: For table entries with two numbers listed, the numbers in parentheses indicate the number of resources of the given type used by the specific entity alone. The numbers listed outside of parentheses indicate the total resources of the given type used by the specific entity and all of its sub-entities in the hierarchy.


+--------------------------------------------------------------------------------+
; Registers Removed During Synthesis                                             ;
+---------------------------------------+----------------------------------------+
; Register name                         ; Reason for Removal                     ;
+---------------------------------------+----------------------------------------+
; digtal_sw[7]~reg0                     ; Stuck at VCC due to stuck port data_in ;
; digtal_sw[6]~reg0                     ; Stuck at VCC due to stuck port data_in ;
; digtal_sw[5]~reg0                     ; Stuck at VCC due to stuck port data_in ;
; digtal_sw[4]~reg0                     ; Stuck at VCC due to stuck port data_in ;
; digtal_sw[3]~reg0                     ; Stuck at VCC due to stuck port data_in ;
; digtal_sw[2]~reg0                     ; Stuck at VCC due to stuck port data_in ;
; count[5]                              ; Stuck at GND due to stuck port data_in ;
; Total Number of Removed Registers = 7 ;                                        ;
+---------------------------------------+----------------------------------------+


+------------------------------------------------------+
; General Register Statistics                          ;
+----------------------------------------------+-------+
; Statistic                                    ; Value ;
+----------------------------------------------+-------+
; Total registers                              ; 28    ;
; Number of registers using Synchronous Clear  ; 0     ;
; Number of registers using Synchronous Load   ; 0     ;
; Number of registers using Asynchronous Clear ; 26    ;
; Number of registers using Asynchronous Load  ; 0     ;
; Number of registers using Clock Enable       ; 12    ;
; Number of registers using Preset             ; 0     ;
+----------------------------------------------+-------+


+--------------------------------------------------+
; Inverted Register Statistics                     ;
+----------------------------------------+---------+
; Inverted Register                      ; Fan out ;
+----------------------------------------+---------+
; digtal_sw[0]~reg0                      ; 1       ;
; digtal_sw[1]~reg0                      ; 1       ;
; select                                 ; 6       ;
; timer_access                           ; 9       ;
; Total number of inverted registers = 4 ;         ;
+----------------------------------------+---------+


+------------------------------------------------------------------------------------------------------------------------------------------+
; Multiplexer Restructuring Statistics (Restructuring Performed)                                                                           ;
+--------------------+-----------+---------------+----------------------+------------------------+------------+----------------------------+
; Multiplexer Inputs ; Bus Width ; Baseline Area ; Area if Restructured ; Saving if Restructured ; Registered ; Example Multiplexer Output ;
+--------------------+-----------+---------------+----------------------+------------------------+------------+----------------------------+
; 3:1                ; 4 bits    ; 8 LEs         ; 8 LEs                ; 0 LEs                  ; Yes        ; |Counter_II|bin[0]         ;
+--------------------+-----------+---------------+----------------------+------------------------+------------+----------------------------+


+-------------------------------------------------------------+
; Parameter Settings for User Entity Instance: Debounce_II:u1 ;
+----------------+-------+------------------------------------+
; Parameter Name ; Value ; Type                               ;
+----------------+-------+------------------------------------+
; N              ; 1     ; Signed Integer                     ;
+----------------+-------+------------------------------------+
Note: In order to hide this table in the UI and the text report file, please set the "Show Parameter Settings in Synthesis Report" option in "Analysis and Synthesis Settings -> More Settings" to "Off".


+------------------------------------------------------------------+
; Parameter Settings for Inferred Entity Instance: lpm_divide:Div0 ;
+------------------------+----------------+------------------------+
; Parameter Name         ; Value          ; Type                   ;
+------------------------+----------------+------------------------+
; LPM_WIDTHN             ; 6              ; Untyped                ;
; LPM_WIDTHD             ; 4              ; Untyped                ;
; LPM_NREPRESENTATION    ; UNSIGNED       ; Untyped                ;
; LPM_DREPRESENTATION    ; UNSIGNED       ; Untyped                ;
; LPM_PIPELINE           ; 0              ; Untyped                ;
; LPM_REMAINDERPOSITIVE  ; TRUE           ; Untyped                ;
; MAXIMIZE_SPEED         ; 5              ; Untyped                ;
; CBXI_PARAMETER         ; lpm_divide_ovl ; Untyped                ;
; CARRY_CHAIN            ; MANUAL         ; Untyped                ;
; OPTIMIZE_FOR_SPEED     ; 5              ; Untyped                ;
; AUTO_CARRY_CHAINS      ; ON             ; AUTO_CARRY             ;
; IGNORE_CARRY_BUFFERS   ; OFF            ; IGNORE_CARRY           ;
; AUTO_CASCADE_CHAINS    ; ON             ; AUTO_CASCADE           ;
; IGNORE_CASCADE_BUFFERS ; OFF            ; IGNORE_CASCADE         ;
+------------------------+----------------+------------------------+
Note: In order to hide this table in the UI and the text report file, please set the "Show Parameter Settings in Synthesis Report" option in "Analysis and Synthesis Settings -> More Settings" to "Off".


+------------------------------------------------------------------+
; Parameter Settings for Inferred Entity Instance: lpm_divide:Mod1 ;
+------------------------+----------------+------------------------+
; Parameter Name         ; Value          ; Type                   ;
+------------------------+----------------+------------------------+
; LPM_WIDTHN             ; 6              ; Untyped                ;
; LPM_WIDTHD             ; 4              ; Untyped                ;
; LPM_NREPRESENTATION    ; UNSIGNED       ; Untyped                ;
; LPM_DREPRESENTATION    ; UNSIGNED       ; Untyped                ;
; LPM_PIPELINE           ; 0              ; Untyped                ;
; LPM_REMAINDERPOSITIVE  ; TRUE           ; Untyped                ;
; MAXIMIZE_SPEED         ; 5              ; Untyped                ;
; CBXI_PARAMETER         ; lpm_divide_rnl ; Untyped                ;
; CARRY_CHAIN            ; MANUAL         ; Untyped                ;
; OPTIMIZE_FOR_SPEED     ; 5              ; Untyped                ;
; AUTO_CARRY_CHAINS      ; ON             ; AUTO_CARRY             ;
; IGNORE_CARRY_BUFFERS   ; OFF            ; IGNORE_CARRY           ;
; AUTO_CASCADE_CHAINS    ; ON             ; AUTO_CASCADE           ;
; IGNORE_CASCADE_BUFFERS ; OFF            ; IGNORE_CASCADE         ;
+------------------------+----------------+------------------------+
Note: In order to hide this table in the UI and the text report file, please set the "Show Parameter Settings in Synthesis Report" option in "Analysis and Synthesis Settings -> More Settings" to "Off".


+------------------------------------------------------------------+
; Parameter Settings for Inferred Entity Instance: lpm_divide:Mod0 ;
+------------------------+----------------+------------------------+
; Parameter Name         ; Value          ; Type                   ;
+------------------------+----------------+------------------------+
; LPM_WIDTHN             ; 7              ; Untyped                ;
; LPM_WIDTHD             ; 5              ; Untyped                ;
; LPM_NREPRESENTATION    ; UNSIGNED       ; Untyped                ;
; LPM_DREPRESENTATION    ; UNSIGNED       ; Untyped                ;
; LPM_PIPELINE           ; 0              ; Untyped                ;
; LPM_REMAINDERPOSITIVE  ; TRUE           ; Untyped                ;
; MAXIMIZE_SPEED         ; 5              ; Untyped                ;
; CBXI_PARAMETER         ; lpm_divide_tnl ; Untyped                ;
; CARRY_CHAIN            ; MANUAL         ; Untyped                ;
; OPTIMIZE_FOR_SPEED     ; 5              ; Untyped                ;
; AUTO_CARRY_CHAINS      ; ON             ; AUTO_CARRY             ;
; IGNORE_CARRY_BUFFERS   ; OFF            ; IGNORE_CARRY           ;
; AUTO_CASCADE_CHAINS    ; ON             ; AUTO_CASCADE           ;
; IGNORE_CASCADE_BUFFERS ; OFF            ; IGNORE_CASCADE         ;
+------------------------+----------------+------------------------+
Note: In order to hide this table in the UI and the text report file, please set the "Show Parameter Settings in Synthesis Report" option in "Analysis and Synthesis Settings -> More Settings" to "Off".


+-------------------------------+
; Analysis & Synthesis Messages ;
+-------------------------------+
Info: *******************************************************************
Info: Running Quartus Prime Analysis & Synthesis
    Info: Version 22.1std.2 Build 922 07/20/2023 SC Lite Edition
    Info: Processing started: Thu Nov 16 12:15:24 2023
Info: Command: quartus_map --read_settings_files=on --write_settings_files=off Counter_II -c Counter_II
Warning (18236): Number of processors has not been specified which may cause overloading on shared machines.  Set the global assignment NUM_PARALLEL_PROCESSORS in your QSF to an appropriate value for best performance.
Info (20030): Parallel compilation is enabled and will use 14 of the 14 processors detected
Info (12021): Found 1 design units, including 1 entities, in source file /shudianshiyan/debounce_ii/debounce_ii.v
    Info (12023): Found entity 1: Debounce_II File: D:/ShuDianShiYan/Debounce_II/Debounce_II.v Line: 1
Info (12021): Found 1 design units, including 1 entities, in source file counter_ii.v
    Info (12023): Found entity 1: Counter_II File: D:/ShuDianShiYan/Counter_II/Counter_II.v Line: 1
Info (12021): Found 1 design units, including 1 entities, in source file counter_ii_tb.v
    Info (12023): Found entity 1: Counter_II_tb File: D:/ShuDianShiYan/Counter_II/Counter_II_tb.v Line: 2
Info (12127): Elaborating entity "Counter_II" for the top level hierarchy
Warning (10230): Verilog HDL assignment warning at Counter_II.v(36): truncated value with size 8 to match size of target (7) File: D:/ShuDianShiYan/Counter_II/Counter_II.v Line: 36
Warning (10230): Verilog HDL assignment warning at Counter_II.v(37): truncated value with size 8 to match size of target (7) File: D:/ShuDianShiYan/Counter_II/Counter_II.v Line: 37
Warning (10230): Verilog HDL assignment warning at Counter_II.v(38): truncated value with size 8 to match size of target (7) File: D:/ShuDianShiYan/Counter_II/Counter_II.v Line: 38
Warning (10230): Verilog HDL assignment warning at Counter_II.v(39): truncated value with size 8 to match size of target (7) File: D:/ShuDianShiYan/Counter_II/Counter_II.v Line: 39
Warning (10230): Verilog HDL assignment warning at Counter_II.v(40): truncated value with size 8 to match size of target (7) File: D:/ShuDianShiYan/Counter_II/Counter_II.v Line: 40
Warning (10230): Verilog HDL assignment warning at Counter_II.v(41): truncated value with size 8 to match size of target (7) File: D:/ShuDianShiYan/Counter_II/Counter_II.v Line: 41
Warning (10230): Verilog HDL assignment warning at Counter_II.v(42): truncated value with size 8 to match size of target (7) File: D:/ShuDianShiYan/Counter_II/Counter_II.v Line: 42
Warning (10230): Verilog HDL assignment warning at Counter_II.v(43): truncated value with size 8 to match size of target (7) File: D:/ShuDianShiYan/Counter_II/Counter_II.v Line: 43
Warning (10230): Verilog HDL assignment warning at Counter_II.v(44): truncated value with size 8 to match size of target (7) File: D:/ShuDianShiYan/Counter_II/Counter_II.v Line: 44
Warning (10230): Verilog HDL assignment warning at Counter_II.v(45): truncated value with size 8 to match size of target (7) File: D:/ShuDianShiYan/Counter_II/Counter_II.v Line: 45
Warning (10230): Verilog HDL assignment warning at Counter_II.v(69): truncated value with size 32 to match size of target (6) File: D:/ShuDianShiYan/Counter_II/Counter_II.v Line: 69
Warning (10230): Verilog HDL assignment warning at Counter_II.v(78): truncated value with size 32 to match size of target (4) File: D:/ShuDianShiYan/Counter_II/Counter_II.v Line: 78
Warning (10230): Verilog HDL assignment warning at Counter_II.v(82): truncated value with size 32 to match size of target (4) File: D:/ShuDianShiYan/Counter_II/Counter_II.v Line: 82
Warning (10030): Net "seg.data_a" at Counter_II.v(11) has no driver or initial value, using a default initial value '0' File: D:/ShuDianShiYan/Counter_II/Counter_II.v Line: 11
Warning (10030): Net "seg.waddr_a" at Counter_II.v(11) has no driver or initial value, using a default initial value '0' File: D:/ShuDianShiYan/Counter_II/Counter_II.v Line: 11
Warning (10030): Net "seg.we_a" at Counter_II.v(11) has no driver or initial value, using a default initial value '0' File: D:/ShuDianShiYan/Counter_II/Counter_II.v Line: 11
Info (12128): Elaborating entity "Debounce_II" for hierarchy "Debounce_II:u1" File: D:/ShuDianShiYan/Counter_II/Counter_II.v Line: 30
Critical Warning (127005): Memory depth (16) in the design file differs from memory depth (10) in the Memory Initialization File "D:/ShuDianShiYan/Counter_II/db/Counter_II.ram0_Counter_II_c3057c72.hdl.mif" -- setting initial value for remaining addresses to 0
Info (278001): Inferred 3 megafunctions from design logic
    Info (278004): Inferred divider/modulo megafunction ("lpm_divide") from the following logic: "Div0" File: D:/ShuDianShiYan/Counter_II/Counter_II.v Line: 78
    Info (278004): Inferred divider/modulo megafunction ("lpm_divide") from the following logic: "Mod1" File: D:/ShuDianShiYan/Counter_II/Counter_II.v Line: 79
    Info (278004): Inferred divider/modulo megafunction ("lpm_divide") from the following logic: "Mod0" File: D:/ShuDianShiYan/Counter_II/Counter_II.v Line: 69
Info (12130): Elaborated megafunction instantiation "lpm_divide:Div0" File: D:/ShuDianShiYan/Counter_II/Counter_II.v Line: 78
Info (12133): Instantiated megafunction "lpm_divide:Div0" with the following parameter: File: D:/ShuDianShiYan/Counter_II/Counter_II.v Line: 78
    Info (12134): Parameter "LPM_WIDTHN" = "6"
    Info (12134): Parameter "LPM_WIDTHD" = "4"
    Info (12134): Parameter "LPM_NREPRESENTATION" = "UNSIGNED"
    Info (12134): Parameter "LPM_DREPRESENTATION" = "UNSIGNED"
Info (12021): Found 1 design units, including 1 entities, in source file db/lpm_divide_ovl.tdf
    Info (12023): Found entity 1: lpm_divide_ovl File: D:/ShuDianShiYan/Counter_II/db/lpm_divide_ovl.tdf Line: 25
Info (12021): Found 1 design units, including 1 entities, in source file db/sign_div_unsign_9kh.tdf
    Info (12023): Found entity 1: sign_div_unsign_9kh File: D:/ShuDianShiYan/Counter_II/db/sign_div_unsign_9kh.tdf Line: 25
Info (12021): Found 1 design units, including 1 entities, in source file db/alt_u_div_die.tdf
    Info (12023): Found entity 1: alt_u_div_die File: D:/ShuDianShiYan/Counter_II/db/alt_u_div_die.tdf Line: 33
Info (12021): Found 1 design units, including 1 entities, in source file db/add_sub_e7c.tdf
    Info (12023): Found entity 1: add_sub_e7c File: D:/ShuDianShiYan/Counter_II/db/add_sub_e7c.tdf Line: 23
Info (12021): Found 1 design units, including 1 entities, in source file db/add_sub_f7c.tdf
    Info (12023): Found entity 1: add_sub_f7c File: D:/ShuDianShiYan/Counter_II/db/add_sub_f7c.tdf Line: 23
Info (12021): Found 1 design units, including 1 entities, in source file db/add_sub_g7c.tdf
    Info (12023): Found entity 1: add_sub_g7c File: D:/ShuDianShiYan/Counter_II/db/add_sub_g7c.tdf Line: 25
Info (12021): Found 1 design units, including 1 entities, in source file db/add_sub_h7c.tdf
    Info (12023): Found entity 1: add_sub_h7c File: D:/ShuDianShiYan/Counter_II/db/add_sub_h7c.tdf Line: 25
Info (12021): Found 1 design units, including 1 entities, in source file db/add_sub_i7c.tdf
    Info (12023): Found entity 1: add_sub_i7c File: D:/ShuDianShiYan/Counter_II/db/add_sub_i7c.tdf Line: 25
Info (12130): Elaborated megafunction instantiation "lpm_divide:Mod1" File: D:/ShuDianShiYan/Counter_II/Counter_II.v Line: 79
Info (12133): Instantiated megafunction "lpm_divide:Mod1" with the following parameter: File: D:/ShuDianShiYan/Counter_II/Counter_II.v Line: 79
    Info (12134): Parameter "LPM_WIDTHN" = "6"
    Info (12134): Parameter "LPM_WIDTHD" = "4"
    Info (12134): Parameter "LPM_NREPRESENTATION" = "UNSIGNED"
    Info (12134): Parameter "LPM_DREPRESENTATION" = "UNSIGNED"
Info (12021): Found 1 design units, including 1 entities, in source file db/lpm_divide_rnl.tdf
    Info (12023): Found entity 1: lpm_divide_rnl File: D:/ShuDianShiYan/Counter_II/db/lpm_divide_rnl.tdf Line: 25
Info (12130): Elaborated megafunction instantiation "lpm_divide:Mod0" File: D:/ShuDianShiYan/Counter_II/Counter_II.v Line: 69
Info (12133): Instantiated megafunction "lpm_divide:Mod0" with the following parameter: File: D:/ShuDianShiYan/Counter_II/Counter_II.v Line: 69
    Info (12134): Parameter "LPM_WIDTHN" = "7"
    Info (12134): Parameter "LPM_WIDTHD" = "5"
    Info (12134): Parameter "LPM_NREPRESENTATION" = "UNSIGNED"
    Info (12134): Parameter "LPM_DREPRESENTATION" = "UNSIGNED"
Info (12021): Found 1 design units, including 1 entities, in source file db/lpm_divide_tnl.tdf
    Info (12023): Found entity 1: lpm_divide_tnl File: D:/ShuDianShiYan/Counter_II/db/lpm_divide_tnl.tdf Line: 25
Info (12021): Found 1 design units, including 1 entities, in source file db/sign_div_unsign_bkh.tdf
    Info (12023): Found entity 1: sign_div_unsign_bkh File: D:/ShuDianShiYan/Counter_II/db/sign_div_unsign_bkh.tdf Line: 25
Info (12021): Found 1 design units, including 1 entities, in source file db/alt_u_div_hie.tdf
    Info (12023): Found entity 1: alt_u_div_hie File: D:/ShuDianShiYan/Counter_II/db/alt_u_div_hie.tdf Line: 35
Info (12021): Found 1 design units, including 1 entities, in source file db/add_sub_j7c.tdf
    Info (12023): Found entity 1: add_sub_j7c File: D:/ShuDianShiYan/Counter_II/db/add_sub_j7c.tdf Line: 25
Warning (13024): Output pins are stuck at VCC or GND
    Warning (13410): Pin "seg_led[7]" is stuck at GND File: D:/ShuDianShiYan/Counter_II/Counter_II.v Line: 7
    Warning (13410): Pin "digtal_sw[2]" is stuck at VCC File: D:/ShuDianShiYan/Counter_II/Counter_II.v Line: 92
    Warning (13410): Pin "digtal_sw[3]" is stuck at VCC File: D:/ShuDianShiYan/Counter_II/Counter_II.v Line: 92
    Warning (13410): Pin "digtal_sw[4]" is stuck at VCC File: D:/ShuDianShiYan/Counter_II/Counter_II.v Line: 92
    Warning (13410): Pin "digtal_sw[5]" is stuck at VCC File: D:/ShuDianShiYan/Counter_II/Counter_II.v Line: 92
    Warning (13410): Pin "digtal_sw[6]" is stuck at VCC File: D:/ShuDianShiYan/Counter_II/Counter_II.v Line: 92
    Warning (13410): Pin "digtal_sw[7]" is stuck at VCC File: D:/ShuDianShiYan/Counter_II/Counter_II.v Line: 92
    Warning (13410): Pin "count_out[5]" is stuck at GND File: D:/ShuDianShiYan/Counter_II/Counter_II.v Line: 9
Info (18000): Registers with preset signals will power-up high File: D:/ShuDianShiYan/Counter_II/Counter_II.v Line: 92
Info (21057): Implemented 143 device resources after synthesis - the final resource count might be different
    Info (21058): Implemented 3 input pins
    Info (21059): Implemented 22 output pins
    Info (21061): Implemented 118 logic cells
Info: Quartus Prime Analysis & Synthesis was successful. 0 errors, 27 warnings
    Info: Peak virtual memory: 4736 megabytes
    Info: Processing ended: Thu Nov 16 12:15:30 2023
    Info: Elapsed time: 00:00:06
    Info: Total CPU time (on all processors): 00:00:04


