C51 COMPILER V9.54   MAIN                                                                  06/29/2024 16:06:21 PAGE 1   


C51 COMPILER V9.54, COMPILATION OF MODULE MAIN
OBJECT MODULE PLACED IN .\Objects\main.obj
COMPILER INVOKED BY: D:\DianSai\Keil5 C51\C51\BIN\C51.EXE main.c OPTIMIZE(8,SPEED) BROWSE DEBUG OBJECTEXTEND PRINT(.\Lis
                    -tings\main.lst) TABS(2) OBJECT(.\Objects\main.obj)

line level    source

   1          #include <at89c51RC2.h>
   2          
   3          void Delay500ms()   //@12.000MHz
   4          {
   5   1        unsigned char i, j, k;
   6   1      
   7   1        i = 4;
   8   1        j = 205;
   9   1        k = 187;
  10   1        do
  11   1        {
  12   2          do
  13   2          {
  14   3            while (--k);
  15   3          } while (--j);
  16   2        } while (--i);
  17   1      }
  18          
  19          
  20          void main()
  21          {
  22   1        
  23   1        while(1)
  24   1        {
  25   2          P2 = 0xFE;
  26   2          Delay500ms();
  27   2          P2 = 0xFD;
  28   2          Delay500ms();
  29   2          P2 = 0xFB;
  30   2          Delay500ms();
  31   2          P2 = 0xF7;
  32   2          Delay500ms();
  33   2          P2 = 0xEF;
  34   2          Delay500ms();
  35   2          P2 = 0xDF;
  36   2          Delay500ms();
  37   2          P2 = 0xBF;
  38   2          Delay500ms();
  39   2          P2 = 0x7F;
  40   2          Delay500ms();
  41   2        }
  42   1      
  43   1      }


MODULE INFORMATION:   STATIC OVERLAYABLE
   CODE SIZE        =     63    ----
   CONSTANT SIZE    =   ----    ----
   XDATA SIZE       =   ----    ----
   PDATA SIZE       =   ----    ----
   DATA SIZE        =   ----    ----
   IDATA SIZE       =   ----    ----
   BIT SIZE         =   ----    ----
END OF MODULE INFORMATION.

C51 COMPILER V9.54   MAIN                                                                  06/29/2024 16:06:21 PAGE 2   


C51 COMPILATION COMPLETE.  0 WARNING(S),  0 ERROR(S)
