Analysis & Synthesis report for Time_Counter
Fri Nov 10 09:06:25 2023
Quartus Prime Version 22.1std.2 Build 922 07/20/2023 SC Lite Edition


---------------------
; Table of Contents ;
---------------------
  1. Legal Notice
  2. Analysis & Synthesis Summary
  3. Analysis & Synthesis Settings
  4. Parallel Compilation
  5. Analysis & Synthesis Source Files Read
  6. Analysis & Synthesis Resource Usage Summary
  7. Analysis & Synthesis Resource Utilization by Entity
  8. Registers Removed During Synthesis
  9. General Register Statistics
 10. Inverted Register Statistics
 11. Parameter Settings for User Entity Instance: Top-level Entity: |Time_Counter
 12. Parameter Settings for User Entity Instance: debounce:u1
 13. Parameter Settings for Inferred Entity Instance: lpm_divide:Div0
 14. Parameter Settings for Inferred Entity Instance: lpm_divide:Mod1
 15. Parameter Settings for Inferred Entity Instance: lpm_divide:Mod0
 16. Post-Synthesis Netlist Statistics for Top Partition
 17. Elapsed Time Per Partition
 18. Analysis & Synthesis Messages



----------------
; Legal Notice ;
----------------
Copyright (C) 2023  Intel Corporation. All rights reserved.
Your use of Intel Corporation's design tools, logic functions 
and other software and tools, and any partner logic 
functions, and any output files from any of the foregoing 
(including device programming or simulation files), and any 
associated documentation or information are expressly subject 
to the terms and conditions of the Intel Program License 
Subscription Agreement, the Intel Quartus Prime License Agreement,
the Intel FPGA IP License Agreement, or other applicable license
agreement, including, without limitation, that your use is for
the sole purpose of programming logic devices manufactured by
Intel and sold by Intel or its authorized distributors.  Please
refer to the applicable agreement for further details, at
https://fpgasoftware.intel.com/eula.



+-------------------------------------------------------------------------------------+
; Analysis & Synthesis Summary                                                        ;
+------------------------------------+------------------------------------------------+
; Analysis & Synthesis Status        ; Successful - Fri Nov 10 09:06:25 2023          ;
; Quartus Prime Version              ; 22.1std.2 Build 922 07/20/2023 SC Lite Edition ;
; Revision Name                      ; Time_Counter                                   ;
; Top-level Entity Name              ; Time_Counter                                   ;
; Family                             ; MAX 10                                         ;
; Total logic elements               ; 180                                            ;
;     Total combinational functions  ; 178                                            ;
;     Dedicated logic registers      ; 78                                             ;
; Total registers                    ; 78                                             ;
; Total pins                         ; 21                                             ;
; Total virtual pins                 ; 0                                              ;
; Total memory bits                  ; 0                                              ;
; Embedded Multiplier 9-bit elements ; 0                                              ;
; Total PLLs                         ; 0                                              ;
; UFM blocks                         ; 0                                              ;
; ADC blocks                         ; 0                                              ;
+------------------------------------+------------------------------------------------+


+------------------------------------------------------------------------------------------------------------+
; Analysis & Synthesis Settings                                                                              ;
+------------------------------------------------------------------+--------------------+--------------------+
; Option                                                           ; Setting            ; Default Value      ;
+------------------------------------------------------------------+--------------------+--------------------+
; Device                                                           ; 10M02SCM153I7G     ;                    ;
; Top-level entity name                                            ; Time_Counter       ; Time_Counter       ;
; Family name                                                      ; MAX 10             ; Cyclone V          ;
; Use smart compilation                                            ; Off                ; Off                ;
; Enable parallel Assembler and Timing Analyzer during compilation ; On                 ; On                 ;
; Enable compact report table                                      ; Off                ; Off                ;
; Restructure Multiplexers                                         ; Auto               ; Auto               ;
; Create Debugging Nodes for IP Cores                              ; Off                ; Off                ;
; Preserve fewer node names                                        ; On                 ; On                 ;
; Intel FPGA IP Evaluation Mode                                    ; Enable             ; Enable             ;
; Verilog Version                                                  ; Verilog_2001       ; Verilog_2001       ;
; VHDL Version                                                     ; VHDL_1993          ; VHDL_1993          ;
; State Machine Processing                                         ; Auto               ; Auto               ;
; Safe State Machine                                               ; Off                ; Off                ;
; Extract Verilog State Machines                                   ; On                 ; On                 ;
; Extract VHDL State Machines                                      ; On                 ; On                 ;
; Ignore Verilog initial constructs                                ; Off                ; Off                ;
; Iteration limit for constant Verilog loops                       ; 5000               ; 5000               ;
; Iteration limit for non-constant Verilog loops                   ; 250                ; 250                ;
; Add Pass-Through Logic to Inferred RAMs                          ; On                 ; On                 ;
; Infer RAMs from Raw Logic                                        ; On                 ; On                 ;
; Parallel Synthesis                                               ; On                 ; On                 ;
; DSP Block Balancing                                              ; Auto               ; Auto               ;
; NOT Gate Push-Back                                               ; On                 ; On                 ;
; Power-Up Don't Care                                              ; On                 ; On                 ;
; Remove Redundant Logic Cells                                     ; Off                ; Off                ;
; Remove Duplicate Registers                                       ; On                 ; On                 ;
; Ignore CARRY Buffers                                             ; Off                ; Off                ;
; Ignore CASCADE Buffers                                           ; Off                ; Off                ;
; Ignore GLOBAL Buffers                                            ; Off                ; Off                ;
; Ignore ROW GLOBAL Buffers                                        ; Off                ; Off                ;
; Ignore LCELL Buffers                                             ; Off                ; Off                ;
; Ignore SOFT Buffers                                              ; On                 ; On                 ;
; Limit AHDL Integers to 32 Bits                                   ; Off                ; Off                ;
; Optimization Technique                                           ; Balanced           ; Balanced           ;
; Carry Chain Length                                               ; 70                 ; 70                 ;
; Auto Carry Chains                                                ; On                 ; On                 ;
; Auto Open-Drain Pins                                             ; On                 ; On                 ;
; Perform WYSIWYG Primitive Resynthesis                            ; Off                ; Off                ;
; Auto ROM Replacement                                             ; On                 ; On                 ;
; Auto RAM Replacement                                             ; On                 ; On                 ;
; Auto DSP Block Replacement                                       ; On                 ; On                 ;
; Auto Shift Register Replacement                                  ; Auto               ; Auto               ;
; Allow Shift Register Merging across Hierarchies                  ; Auto               ; Auto               ;
; Auto Clock Enable Replacement                                    ; On                 ; On                 ;
; Strict RAM Replacement                                           ; Off                ; Off                ;
; Allow Synchronous Control Signals                                ; On                 ; On                 ;
; Force Use of Synchronous Clear Signals                           ; Off                ; Off                ;
; Auto RAM Block Balancing                                         ; On                 ; On                 ;
; Auto RAM to Logic Cell Conversion                                ; Off                ; Off                ;
; Auto Resource Sharing                                            ; Off                ; Off                ;
; Allow Any RAM Size For Recognition                               ; Off                ; Off                ;
; Allow Any ROM Size For Recognition                               ; Off                ; Off                ;
; Allow Any Shift Register Size For Recognition                    ; Off                ; Off                ;
; Use LogicLock Constraints during Resource Balancing              ; On                 ; On                 ;
; Ignore translate_off and synthesis_off directives                ; Off                ; Off                ;
; Timing-Driven Synthesis                                          ; On                 ; On                 ;
; Report Parameter Settings                                        ; On                 ; On                 ;
; Report Source Assignments                                        ; On                 ; On                 ;
; Report Connectivity Checks                                       ; On                 ; On                 ;
; Ignore Maximum Fan-Out Assignments                               ; Off                ; Off                ;
; Synchronization Register Chain Length                            ; 2                  ; 2                  ;
; Power Optimization During Synthesis                              ; Normal compilation ; Normal compilation ;
; HDL message level                                                ; Level2             ; Level2             ;
; Suppress Register Optimization Related Messages                  ; Off                ; Off                ;
; Number of Removed Registers Reported in Synthesis Report         ; 5000               ; 5000               ;
; Number of Swept Nodes Reported in Synthesis Report               ; 5000               ; 5000               ;
; Number of Inverted Registers Reported in Synthesis Report        ; 100                ; 100                ;
; Clock MUX Protection                                             ; On                 ; On                 ;
; Auto Gated Clock Conversion                                      ; Off                ; Off                ;
; Block Design Naming                                              ; Auto               ; Auto               ;
; SDC constraint protection                                        ; Off                ; Off                ;
; Synthesis Effort                                                 ; Auto               ; Auto               ;
; Shift Register Replacement - Allow Asynchronous Clear Signal     ; On                 ; On                 ;
; Pre-Mapping Resynthesis Optimization                             ; Off                ; Off                ;
; Analysis & Synthesis Message Level                               ; Medium             ; Medium             ;
; Disable Register Merging Across Hierarchies                      ; Auto               ; Auto               ;
; Resource Aware Inference For Block RAM                           ; On                 ; On                 ;
+------------------------------------------------------------------+--------------------+--------------------+


+------------------------------------------+
; Parallel Compilation                     ;
+----------------------------+-------------+
; Processors                 ; Number      ;
+----------------------------+-------------+
; Number detected on machine ; 20          ;
; Maximum allowed            ; 14          ;
;                            ;             ;
; Average used               ; 1.00        ;
; Maximum used               ; 14          ;
;                            ;             ;
; Usage by Processor         ; % Time Used ;
;     Processor 1            ; 100.0%      ;
;     Processors 2-14        ;   0.0%      ;
+----------------------------+-------------+


+--------------------------------------------------------------------------------------------------------------------------------------------------------------+
; Analysis & Synthesis Source Files Read                                                                                                                       ;
+----------------------------------+-----------------+------------------------------+----------------------------------------------------------------+---------+
; File Name with User-Entered Path ; Used in Netlist ; File Type                    ; File Name with Absolute Path                                   ; Library ;
+----------------------------------+-----------------+------------------------------+----------------------------------------------------------------+---------+
; ../debounce/debounce.v           ; yes             ; User Verilog HDL File        ; D:/ShuDianShiYan/debounce/debounce.v                           ;         ;
; Time_Counter.v                   ; yes             ; User Verilog HDL File        ; D:/ShuDianShiYan/Time_Counter/Time_Counter.v                   ;         ;
; lpm_divide.tdf                   ; yes             ; Megafunction                 ; d:/quartus/quartus/libraries/megafunctions/lpm_divide.tdf      ;         ;
; abs_divider.inc                  ; yes             ; Megafunction                 ; d:/quartus/quartus/libraries/megafunctions/abs_divider.inc     ;         ;
; sign_div_unsign.inc              ; yes             ; Megafunction                 ; d:/quartus/quartus/libraries/megafunctions/sign_div_unsign.inc ;         ;
; aglobal221.inc                   ; yes             ; Megafunction                 ; d:/quartus/quartus/libraries/megafunctions/aglobal221.inc      ;         ;
; db/lpm_divide_6sl.tdf            ; yes             ; Auto-Generated Megafunction  ; D:/ShuDianShiYan/Time_Counter/db/lpm_divide_6sl.tdf            ;         ;
; db/sign_div_unsign_8kh.tdf       ; yes             ; Auto-Generated Megafunction  ; D:/ShuDianShiYan/Time_Counter/db/sign_div_unsign_8kh.tdf       ;         ;
; db/alt_u_div_qee.tdf             ; yes             ; Auto-Generated Megafunction  ; D:/ShuDianShiYan/Time_Counter/db/alt_u_div_qee.tdf             ;         ;
; db/add_sub_t3c.tdf               ; yes             ; Auto-Generated Megafunction  ; D:/ShuDianShiYan/Time_Counter/db/add_sub_t3c.tdf               ;         ;
; db/add_sub_u3c.tdf               ; yes             ; Auto-Generated Megafunction  ; D:/ShuDianShiYan/Time_Counter/db/add_sub_u3c.tdf               ;         ;
; db/lpm_divide_9kl.tdf            ; yes             ; Auto-Generated Megafunction  ; D:/ShuDianShiYan/Time_Counter/db/lpm_divide_9kl.tdf            ;         ;
; db/lpm_divide_bkl.tdf            ; yes             ; Auto-Generated Megafunction  ; D:/ShuDianShiYan/Time_Counter/db/lpm_divide_bkl.tdf            ;         ;
; db/sign_div_unsign_akh.tdf       ; yes             ; Auto-Generated Megafunction  ; D:/ShuDianShiYan/Time_Counter/db/sign_div_unsign_akh.tdf       ;         ;
; db/alt_u_div_uee.tdf             ; yes             ; Auto-Generated Megafunction  ; D:/ShuDianShiYan/Time_Counter/db/alt_u_div_uee.tdf             ;         ;
+----------------------------------+-----------------+------------------------------+----------------------------------------------------------------+---------+


+---------------------------------------------------------+
; Analysis & Synthesis Resource Usage Summary             ;
+---------------------------------------------+-----------+
; Resource                                    ; Usage     ;
+---------------------------------------------+-----------+
; Estimated Total logic elements              ; 180       ;
;                                             ;           ;
; Total combinational functions               ; 178       ;
; Logic element usage by number of LUT inputs ;           ;
;     -- 4 input functions                    ; 34        ;
;     -- 3 input functions                    ; 20        ;
;     -- <=2 input functions                  ; 124       ;
;                                             ;           ;
; Logic elements by mode                      ;           ;
;     -- normal mode                          ; 86        ;
;     -- arithmetic mode                      ; 92        ;
;                                             ;           ;
; Total registers                             ; 78        ;
;     -- Dedicated logic registers            ; 78        ;
;     -- I/O registers                        ; 0         ;
;                                             ;           ;
; I/O pins                                    ; 21        ;
;                                             ;           ;
; Embedded Multiplier 9-bit elements          ; 0         ;
;                                             ;           ;
; Maximum fan-out node                        ; clk~input ;
; Maximum fan-out                             ; 78        ;
; Total fan-out                               ; 790       ;
; Average fan-out                             ; 2.65      ;
+---------------------------------------------+-----------+


+--------------------------------------------------------------------------------------------------------------------------------------------------------------------------------------------------------------------------------------------------------------------------------------------------------------------------------------------------+
; Analysis & Synthesis Resource Utilization by Entity                                                                                                                                                                                                                                                                                              ;
+----------------------------------------+---------------------+---------------------------+-------------+------------+--------------+---------+-----------+------+--------------+------------+---------------------------------------------------------------------------------------------------------------+---------------------+--------------+
; Compilation Hierarchy Node             ; Combinational ALUTs ; Dedicated Logic Registers ; Memory Bits ; UFM Blocks ; DSP Elements ; DSP 9x9 ; DSP 18x18 ; Pins ; Virtual Pins ; ADC blocks ; Full Hierarchy Name                                                                                           ; Entity Name         ; Library Name ;
+----------------------------------------+---------------------+---------------------------+-------------+------------+--------------+---------+-----------+------+--------------+------------+---------------------------------------------------------------------------------------------------------------+---------------------+--------------+
; |Time_Counter                          ; 178 (97)            ; 78 (56)                   ; 0           ; 0          ; 0            ; 0       ; 0         ; 21   ; 0            ; 0          ; |Time_Counter                                                                                                 ; Time_Counter        ; work         ;
;    |debounce:u1|                       ; 27 (27)             ; 22 (22)                   ; 0           ; 0          ; 0            ; 0       ; 0         ; 0    ; 0            ; 0          ; |Time_Counter|debounce:u1                                                                                     ; debounce            ; work         ;
;    |lpm_divide:Div0|                   ; 17 (0)              ; 0 (0)                     ; 0           ; 0          ; 0            ; 0       ; 0         ; 0    ; 0            ; 0          ; |Time_Counter|lpm_divide:Div0                                                                                 ; lpm_divide          ; work         ;
;       |lpm_divide_6sl:auto_generated|  ; 17 (0)              ; 0 (0)                     ; 0           ; 0          ; 0            ; 0       ; 0         ; 0    ; 0            ; 0          ; |Time_Counter|lpm_divide:Div0|lpm_divide_6sl:auto_generated                                                   ; lpm_divide_6sl      ; work         ;
;          |sign_div_unsign_8kh:divider| ; 17 (0)              ; 0 (0)                     ; 0           ; 0          ; 0            ; 0       ; 0         ; 0    ; 0            ; 0          ; |Time_Counter|lpm_divide:Div0|lpm_divide_6sl:auto_generated|sign_div_unsign_8kh:divider                       ; sign_div_unsign_8kh ; work         ;
;             |alt_u_div_qee:divider|    ; 17 (17)             ; 0 (0)                     ; 0           ; 0          ; 0            ; 0       ; 0         ; 0    ; 0            ; 0          ; |Time_Counter|lpm_divide:Div0|lpm_divide_6sl:auto_generated|sign_div_unsign_8kh:divider|alt_u_div_qee:divider ; alt_u_div_qee       ; work         ;
;    |lpm_divide:Mod0|                   ; 20 (0)              ; 0 (0)                     ; 0           ; 0          ; 0            ; 0       ; 0         ; 0    ; 0            ; 0          ; |Time_Counter|lpm_divide:Mod0                                                                                 ; lpm_divide          ; work         ;
;       |lpm_divide_bkl:auto_generated|  ; 20 (0)              ; 0 (0)                     ; 0           ; 0          ; 0            ; 0       ; 0         ; 0    ; 0            ; 0          ; |Time_Counter|lpm_divide:Mod0|lpm_divide_bkl:auto_generated                                                   ; lpm_divide_bkl      ; work         ;
;          |sign_div_unsign_akh:divider| ; 20 (0)              ; 0 (0)                     ; 0           ; 0          ; 0            ; 0       ; 0         ; 0    ; 0            ; 0          ; |Time_Counter|lpm_divide:Mod0|lpm_divide_bkl:auto_generated|sign_div_unsign_akh:divider                       ; sign_div_unsign_akh ; work         ;
;             |alt_u_div_uee:divider|    ; 20 (20)             ; 0 (0)                     ; 0           ; 0          ; 0            ; 0       ; 0         ; 0    ; 0            ; 0          ; |Time_Counter|lpm_divide:Mod0|lpm_divide_bkl:auto_generated|sign_div_unsign_akh:divider|alt_u_div_uee:divider ; alt_u_div_uee       ; work         ;
;    |lpm_divide:Mod1|                   ; 17 (0)              ; 0 (0)                     ; 0           ; 0          ; 0            ; 0       ; 0         ; 0    ; 0            ; 0          ; |Time_Counter|lpm_divide:Mod1                                                                                 ; lpm_divide          ; work         ;
;       |lpm_divide_9kl:auto_generated|  ; 17 (0)              ; 0 (0)                     ; 0           ; 0          ; 0            ; 0       ; 0         ; 0    ; 0            ; 0          ; |Time_Counter|lpm_divide:Mod1|lpm_divide_9kl:auto_generated                                                   ; lpm_divide_9kl      ; work         ;
;          |sign_div_unsign_8kh:divider| ; 17 (0)              ; 0 (0)                     ; 0           ; 0          ; 0            ; 0       ; 0         ; 0    ; 0            ; 0          ; |Time_Counter|lpm_divide:Mod1|lpm_divide_9kl:auto_generated|sign_div_unsign_8kh:divider                       ; sign_div_unsign_8kh ; work         ;
;             |alt_u_div_qee:divider|    ; 17 (17)             ; 0 (0)                     ; 0           ; 0          ; 0            ; 0       ; 0         ; 0    ; 0            ; 0          ; |Time_Counter|lpm_divide:Mod1|lpm_divide_9kl:auto_generated|sign_div_unsign_8kh:divider|alt_u_div_qee:divider ; alt_u_div_qee       ; work         ;
+----------------------------------------+---------------------+---------------------------+-------------+------------+--------------+---------+-----------+------+--------------+------------+---------------------------------------------------------------------------------------------------------------+---------------------+--------------+
Note: For table entries with two numbers listed, the numbers in parentheses indicate the number of resources of the given type used by the specific entity alone. The numbers listed outside of parentheses indicate the total resources of the given type used by the specific entity and all of its sub-entities in the hierarchy.


+-------------------------------------------------------------------------------+
; Registers Removed During Synthesis                                            ;
+----------------------------------------+--------------------------------------+
; Register name                          ; Reason for Removal                   ;
+----------------------------------------+--------------------------------------+
; seg~0                                  ; Stuck at GND due to stuck port clock ;
; seg~1                                  ; Stuck at GND due to stuck port clock ;
; seg~2                                  ; Stuck at GND due to stuck port clock ;
; seg~3                                  ; Stuck at GND due to stuck port clock ;
; seg~4                                  ; Stuck at GND due to stuck port clock ;
; seg~5                                  ; Stuck at GND due to stuck port clock ;
; seg~6                                  ; Stuck at GND due to stuck port clock ;
; seg~7                                  ; Stuck at GND due to stuck port clock ;
; seg~8                                  ; Stuck at GND due to stuck port clock ;
; seg~9                                  ; Stuck at GND due to stuck port clock ;
; seg~10                                 ; Stuck at GND due to stuck port clock ;
; seg~11                                 ; Stuck at GND due to stuck port clock ;
; seg~12                                 ; Stuck at GND due to stuck port clock ;
; seg~13                                 ; Stuck at GND due to stuck port clock ;
; seg~14                                 ; Stuck at GND due to stuck port clock ;
; seg~15                                 ; Stuck at GND due to stuck port clock ;
; seg~16                                 ; Stuck at GND due to stuck port clock ;
; seg~17                                 ; Stuck at GND due to stuck port clock ;
; seg~18                                 ; Stuck at GND due to stuck port clock ;
; seg~19                                 ; Stuck at GND due to stuck port clock ;
; seg~20                                 ; Stuck at GND due to stuck port clock ;
; seg~21                                 ; Stuck at GND due to stuck port clock ;
; seg~22                                 ; Stuck at GND due to stuck port clock ;
; seg~23                                 ; Stuck at GND due to stuck port clock ;
; seg~24                                 ; Stuck at GND due to stuck port clock ;
; seg~25                                 ; Stuck at GND due to stuck port clock ;
; seg~26                                 ; Stuck at GND due to stuck port clock ;
; seg~27                                 ; Stuck at GND due to stuck port clock ;
; seg~28                                 ; Stuck at GND due to stuck port clock ;
; seg~29                                 ; Stuck at GND due to stuck port clock ;
; seg~30                                 ; Stuck at GND due to stuck port clock ;
; seg~31                                 ; Stuck at GND due to stuck port clock ;
; seg~32                                 ; Stuck at GND due to stuck port clock ;
; seg~33                                 ; Stuck at GND due to stuck port clock ;
; seg~34                                 ; Stuck at GND due to stuck port clock ;
; seg~35                                 ; Stuck at GND due to stuck port clock ;
; seg~36                                 ; Stuck at GND due to stuck port clock ;
; seg~37                                 ; Stuck at GND due to stuck port clock ;
; seg~38                                 ; Stuck at GND due to stuck port clock ;
; seg~39                                 ; Stuck at GND due to stuck port clock ;
; seg~40                                 ; Stuck at GND due to stuck port clock ;
; seg~41                                 ; Stuck at GND due to stuck port clock ;
; seg~42                                 ; Stuck at GND due to stuck port clock ;
; seg~43                                 ; Stuck at GND due to stuck port clock ;
; seg~44                                 ; Stuck at GND due to stuck port clock ;
; seg~45                                 ; Stuck at GND due to stuck port clock ;
; seg~46                                 ; Stuck at GND due to stuck port clock ;
; seg~47                                 ; Stuck at GND due to stuck port clock ;
; seg~48                                 ; Stuck at GND due to stuck port clock ;
; seg~49                                 ; Stuck at GND due to stuck port clock ;
; seg~50                                 ; Stuck at GND due to stuck port clock ;
; seg~51                                 ; Stuck at GND due to stuck port clock ;
; seg~52                                 ; Stuck at GND due to stuck port clock ;
; seg~53                                 ; Stuck at GND due to stuck port clock ;
; seg~54                                 ; Stuck at GND due to stuck port clock ;
; seg~55                                 ; Stuck at GND due to stuck port clock ;
; seg~56                                 ; Stuck at GND due to stuck port clock ;
; seg~57                                 ; Stuck at GND due to stuck port clock ;
; seg~58                                 ; Stuck at GND due to stuck port clock ;
; seg~59                                 ; Stuck at GND due to stuck port clock ;
; seg~60                                 ; Stuck at GND due to stuck port clock ;
; seg~61                                 ; Stuck at GND due to stuck port clock ;
; seg~62                                 ; Stuck at GND due to stuck port clock ;
; seg~63                                 ; Stuck at GND due to stuck port clock ;
; seg~64                                 ; Stuck at GND due to stuck port clock ;
; seg~65                                 ; Stuck at GND due to stuck port clock ;
; seg~66                                 ; Stuck at GND due to stuck port clock ;
; seg~67                                 ; Stuck at GND due to stuck port clock ;
; seg~68                                 ; Stuck at GND due to stuck port clock ;
; seg~69                                 ; Stuck at GND due to stuck port clock ;
; seg~70                                 ; Stuck at GND due to stuck port clock ;
; seg~71                                 ; Stuck at GND due to stuck port clock ;
; seg~72                                 ; Stuck at GND due to stuck port clock ;
; seg~73                                 ; Stuck at GND due to stuck port clock ;
; seg~74                                 ; Stuck at GND due to stuck port clock ;
; seg~75                                 ; Stuck at GND due to stuck port clock ;
; seg~76                                 ; Stuck at GND due to stuck port clock ;
; seg~77                                 ; Stuck at GND due to stuck port clock ;
; seg~78                                 ; Stuck at GND due to stuck port clock ;
; seg~79                                 ; Stuck at GND due to stuck port clock ;
; seg~80                                 ; Stuck at GND due to stuck port clock ;
; seg~81                                 ; Stuck at GND due to stuck port clock ;
; seg~82                                 ; Stuck at GND due to stuck port clock ;
; seg~83                                 ; Stuck at GND due to stuck port clock ;
; seg~84                                 ; Stuck at GND due to stuck port clock ;
; seg~85                                 ; Stuck at GND due to stuck port clock ;
; seg~86                                 ; Stuck at GND due to stuck port clock ;
; seg~87                                 ; Stuck at GND due to stuck port clock ;
; seg~88                                 ; Stuck at GND due to stuck port clock ;
; seg~89                                 ; Stuck at GND due to stuck port clock ;
; Total Number of Removed Registers = 90 ;                                      ;
+----------------------------------------+--------------------------------------+


+------------------------------------------------------+
; General Register Statistics                          ;
+----------------------------------------------+-------+
; Statistic                                    ; Value ;
+----------------------------------------------+-------+
; Total registers                              ; 78    ;
; Number of registers using Synchronous Clear  ; 68    ;
; Number of registers using Synchronous Load   ; 0     ;
; Number of registers using Asynchronous Clear ; 77    ;
; Number of registers using Asynchronous Load  ; 0     ;
; Number of registers using Clock Enable       ; 30    ;
; Number of registers using Preset             ; 0     ;
+----------------------------------------------+-------+


+--------------------------------------------------+
; Inverted Register Statistics                     ;
+----------------------------------------+---------+
; Inverted Register                      ; Fan out ;
+----------------------------------------+---------+
; timer_access                           ; 2       ;
; debounce:u1|key_sec[0]                 ; 3       ;
; debounce:u1|key_sec_pre[0]             ; 1       ;
; debounce:u1|key_rst[0]                 ; 2       ;
; debounce:u1|key_rst_pre[0]             ; 1       ;
; Total number of inverted registers = 5 ;         ;
+----------------------------------------+---------+


+------------------------------------------------------------------------------+
; Parameter Settings for User Entity Instance: Top-level Entity: |Time_Counter ;
+----------------+-------+-----------------------------------------------------+
; Parameter Name ; Value ; Type                                                ;
+----------------+-------+-----------------------------------------------------+
; CNT_NUM        ; 3464  ; Signed Integer                                      ;
+----------------+-------+-----------------------------------------------------+
Note: In order to hide this table in the UI and the text report file, please set the "Show Parameter Settings in Synthesis Report" option in "Analysis and Synthesis Settings -> More Settings" to "Off".


+----------------------------------------------------------+
; Parameter Settings for User Entity Instance: debounce:u1 ;
+----------------+-------+---------------------------------+
; Parameter Name ; Value ; Type                            ;
+----------------+-------+---------------------------------+
; N              ; 1     ; Signed Integer                  ;
+----------------+-------+---------------------------------+
Note: In order to hide this table in the UI and the text report file, please set the "Show Parameter Settings in Synthesis Report" option in "Analysis and Synthesis Settings -> More Settings" to "Off".


+------------------------------------------------------------------+
; Parameter Settings for Inferred Entity Instance: lpm_divide:Div0 ;
+------------------------+----------------+------------------------+
; Parameter Name         ; Value          ; Type                   ;
+------------------------+----------------+------------------------+
; LPM_WIDTHN             ; 5              ; Untyped                ;
; LPM_WIDTHD             ; 4              ; Untyped                ;
; LPM_NREPRESENTATION    ; UNSIGNED       ; Untyped                ;
; LPM_DREPRESENTATION    ; UNSIGNED       ; Untyped                ;
; LPM_PIPELINE           ; 0              ; Untyped                ;
; LPM_REMAINDERPOSITIVE  ; TRUE           ; Untyped                ;
; MAXIMIZE_SPEED         ; 5              ; Untyped                ;
; CBXI_PARAMETER         ; lpm_divide_6sl ; Untyped                ;
; CARRY_CHAIN            ; MANUAL         ; Untyped                ;
; OPTIMIZE_FOR_SPEED     ; 5              ; Untyped                ;
; AUTO_CARRY_CHAINS      ; ON             ; AUTO_CARRY             ;
; IGNORE_CARRY_BUFFERS   ; OFF            ; IGNORE_CARRY           ;
; AUTO_CASCADE_CHAINS    ; ON             ; AUTO_CASCADE           ;
; IGNORE_CASCADE_BUFFERS ; OFF            ; IGNORE_CASCADE         ;
+------------------------+----------------+------------------------+
Note: In order to hide this table in the UI and the text report file, please set the "Show Parameter Settings in Synthesis Report" option in "Analysis and Synthesis Settings -> More Settings" to "Off".


+------------------------------------------------------------------+
; Parameter Settings for Inferred Entity Instance: lpm_divide:Mod1 ;
+------------------------+----------------+------------------------+
; Parameter Name         ; Value          ; Type                   ;
+------------------------+----------------+------------------------+
; LPM_WIDTHN             ; 5              ; Untyped                ;
; LPM_WIDTHD             ; 4              ; Untyped                ;
; LPM_NREPRESENTATION    ; UNSIGNED       ; Untyped                ;
; LPM_DREPRESENTATION    ; UNSIGNED       ; Untyped                ;
; LPM_PIPELINE           ; 0              ; Untyped                ;
; LPM_REMAINDERPOSITIVE  ; TRUE           ; Untyped                ;
; MAXIMIZE_SPEED         ; 5              ; Untyped                ;
; CBXI_PARAMETER         ; lpm_divide_9kl ; Untyped                ;
; CARRY_CHAIN            ; MANUAL         ; Untyped                ;
; OPTIMIZE_FOR_SPEED     ; 5              ; Untyped                ;
; AUTO_CARRY_CHAINS      ; ON             ; AUTO_CARRY             ;
; IGNORE_CARRY_BUFFERS   ; OFF            ; IGNORE_CARRY           ;
; AUTO_CASCADE_CHAINS    ; ON             ; AUTO_CASCADE           ;
; IGNORE_CASCADE_BUFFERS ; OFF            ; IGNORE_CASCADE         ;
+------------------------+----------------+------------------------+
Note: In order to hide this table in the UI and the text report file, please set the "Show Parameter Settings in Synthesis Report" option in "Analysis and Synthesis Settings -> More Settings" to "Off".


+------------------------------------------------------------------+
; Parameter Settings for Inferred Entity Instance: lpm_divide:Mod0 ;
+------------------------+----------------+------------------------+
; Parameter Name         ; Value          ; Type                   ;
+------------------------+----------------+------------------------+
; LPM_WIDTHN             ; 6              ; Untyped                ;
; LPM_WIDTHD             ; 5              ; Untyped                ;
; LPM_NREPRESENTATION    ; UNSIGNED       ; Untyped                ;
; LPM_DREPRESENTATION    ; UNSIGNED       ; Untyped                ;
; LPM_PIPELINE           ; 0              ; Untyped                ;
; LPM_REMAINDERPOSITIVE  ; TRUE           ; Untyped                ;
; MAXIMIZE_SPEED         ; 5              ; Untyped                ;
; CBXI_PARAMETER         ; lpm_divide_bkl ; Untyped                ;
; CARRY_CHAIN            ; MANUAL         ; Untyped                ;
; OPTIMIZE_FOR_SPEED     ; 5              ; Untyped                ;
; AUTO_CARRY_CHAINS      ; ON             ; AUTO_CARRY             ;
; IGNORE_CARRY_BUFFERS   ; OFF            ; IGNORE_CARRY           ;
; AUTO_CASCADE_CHAINS    ; ON             ; AUTO_CASCADE           ;
; IGNORE_CASCADE_BUFFERS ; OFF            ; IGNORE_CASCADE         ;
+------------------------+----------------+------------------------+
Note: In order to hide this table in the UI and the text report file, please set the "Show Parameter Settings in Synthesis Report" option in "Analysis and Synthesis Settings -> More Settings" to "Off".


+-----------------------------------------------------+
; Post-Synthesis Netlist Statistics for Top Partition ;
+-----------------------+-----------------------------+
; Type                  ; Count                       ;
+-----------------------+-----------------------------+
; boundary_port         ; 21                          ;
; cycloneiii_ff         ; 78                          ;
;     CLR               ; 4                           ;
;     CLR SCLR          ; 43                          ;
;     ENA CLR           ; 5                           ;
;     ENA CLR SCLR      ; 25                          ;
;     plain             ; 1                           ;
; cycloneiii_lcell_comb ; 190                         ;
;     arith             ; 92                          ;
;         2 data inputs ; 77                          ;
;         3 data inputs ; 15                          ;
;     normal            ; 98                          ;
;         0 data inputs ; 9                           ;
;         1 data inputs ; 15                          ;
;         2 data inputs ; 35                          ;
;         3 data inputs ; 5                           ;
;         4 data inputs ; 34                          ;
;                       ;                             ;
; Max LUT depth         ; 8.50                        ;
; Average LUT depth     ; 4.24                        ;
+-----------------------+-----------------------------+


+-------------------------------+
; Elapsed Time Per Partition    ;
+----------------+--------------+
; Partition Name ; Elapsed Time ;
+----------------+--------------+
; Top            ; 00:00:00     ;
+----------------+--------------+


+-------------------------------+
; Analysis & Synthesis Messages ;
+-------------------------------+
Info: *******************************************************************
Info: Running Quartus Prime Analysis & Synthesis
    Info: Version 22.1std.2 Build 922 07/20/2023 SC Lite Edition
    Info: Processing started: Fri Nov 10 09:06:19 2023
Info: Command: quartus_map --read_settings_files=on --write_settings_files=off Time_Counter -c Time_Counter
Warning (18236): Number of processors has not been specified which may cause overloading on shared machines.  Set the global assignment NUM_PARALLEL_PROCESSORS in your QSF to an appropriate value for best performance.
Info (20030): Parallel compilation is enabled and will use 14 of the 14 processors detected
Info (12021): Found 1 design units, including 1 entities, in source file /shudianshiyan/debounce/debounce.v
    Info (12023): Found entity 1: debounce File: D:/ShuDianShiYan/debounce/debounce.v Line: 18
Info (12021): Found 1 design units, including 1 entities, in source file time_counter.v
    Info (12023): Found entity 1: Time_Counter File: D:/ShuDianShiYan/Time_Counter/Time_Counter.v Line: 1
Info (12127): Elaborating entity "Time_Counter" for the top level hierarchy
Warning (10230): Verilog HDL assignment warning at Time_Counter.v(80): truncated value with size 32 to match size of target (5) File: D:/ShuDianShiYan/Time_Counter/Time_Counter.v Line: 80
Warning (10230): Verilog HDL assignment warning at Time_Counter.v(93): truncated value with size 32 to match size of target (4) File: D:/ShuDianShiYan/Time_Counter/Time_Counter.v Line: 93
Warning (10230): Verilog HDL assignment warning at Time_Counter.v(97): truncated value with size 32 to match size of target (4) File: D:/ShuDianShiYan/Time_Counter/Time_Counter.v Line: 97
Warning (10030): Net "seg.data_a" at Time_Counter.v(12) has no driver or initial value, using a default initial value '0' File: D:/ShuDianShiYan/Time_Counter/Time_Counter.v Line: 12
Warning (10030): Net "seg.waddr_a" at Time_Counter.v(12) has no driver or initial value, using a default initial value '0' File: D:/ShuDianShiYan/Time_Counter/Time_Counter.v Line: 12
Warning (10030): Net "seg.we_a" at Time_Counter.v(12) has no driver or initial value, using a default initial value '0' File: D:/ShuDianShiYan/Time_Counter/Time_Counter.v Line: 12
Info (12128): Elaborating entity "debounce" for hierarchy "debounce:u1" File: D:/ShuDianShiYan/Time_Counter/Time_Counter.v Line: 43
Critical Warning (127005): Memory depth (16) in the design file differs from memory depth (10) in the Memory Initialization File "D:/ShuDianShiYan/Time_Counter/db/Time_Counter.ram0_Time_Counter_cd5ac927.hdl.mif" -- setting initial value for remaining addresses to 0
Info (276014): Found 1 instances of uninferred RAM logic
    Info (276013): RAM logic "seg" is uninferred because MIF is not supported for the selected family File: D:/ShuDianShiYan/Time_Counter/Time_Counter.v Line: 12
Info (278001): Inferred 3 megafunctions from design logic
    Info (278004): Inferred divider/modulo megafunction ("lpm_divide") from the following logic: "Div0" File: D:/ShuDianShiYan/Time_Counter/Time_Counter.v Line: 93
    Info (278004): Inferred divider/modulo megafunction ("lpm_divide") from the following logic: "Mod1" File: D:/ShuDianShiYan/Time_Counter/Time_Counter.v Line: 94
    Info (278004): Inferred divider/modulo megafunction ("lpm_divide") from the following logic: "Mod0" File: D:/ShuDianShiYan/Time_Counter/Time_Counter.v Line: 80
Info (12130): Elaborated megafunction instantiation "lpm_divide:Div0" File: D:/ShuDianShiYan/Time_Counter/Time_Counter.v Line: 93
Info (12133): Instantiated megafunction "lpm_divide:Div0" with the following parameter: File: D:/ShuDianShiYan/Time_Counter/Time_Counter.v Line: 93
    Info (12134): Parameter "LPM_WIDTHN" = "5"
    Info (12134): Parameter "LPM_WIDTHD" = "4"
    Info (12134): Parameter "LPM_NREPRESENTATION" = "UNSIGNED"
    Info (12134): Parameter "LPM_DREPRESENTATION" = "UNSIGNED"
Info (12021): Found 1 design units, including 1 entities, in source file db/lpm_divide_6sl.tdf
    Info (12023): Found entity 1: lpm_divide_6sl File: D:/ShuDianShiYan/Time_Counter/db/lpm_divide_6sl.tdf Line: 25
Info (12021): Found 1 design units, including 1 entities, in source file db/sign_div_unsign_8kh.tdf
    Info (12023): Found entity 1: sign_div_unsign_8kh File: D:/ShuDianShiYan/Time_Counter/db/sign_div_unsign_8kh.tdf Line: 25
Info (12021): Found 1 design units, including 1 entities, in source file db/alt_u_div_qee.tdf
    Info (12023): Found entity 1: alt_u_div_qee File: D:/ShuDianShiYan/Time_Counter/db/alt_u_div_qee.tdf Line: 27
Info (12021): Found 1 design units, including 1 entities, in source file db/add_sub_t3c.tdf
    Info (12023): Found entity 1: add_sub_t3c File: D:/ShuDianShiYan/Time_Counter/db/add_sub_t3c.tdf Line: 23
Info (12021): Found 1 design units, including 1 entities, in source file db/add_sub_u3c.tdf
    Info (12023): Found entity 1: add_sub_u3c File: D:/ShuDianShiYan/Time_Counter/db/add_sub_u3c.tdf Line: 23
Info (12130): Elaborated megafunction instantiation "lpm_divide:Mod1" File: D:/ShuDianShiYan/Time_Counter/Time_Counter.v Line: 94
Info (12133): Instantiated megafunction "lpm_divide:Mod1" with the following parameter: File: D:/ShuDianShiYan/Time_Counter/Time_Counter.v Line: 94
    Info (12134): Parameter "LPM_WIDTHN" = "5"
    Info (12134): Parameter "LPM_WIDTHD" = "4"
    Info (12134): Parameter "LPM_NREPRESENTATION" = "UNSIGNED"
    Info (12134): Parameter "LPM_DREPRESENTATION" = "UNSIGNED"
Info (12021): Found 1 design units, including 1 entities, in source file db/lpm_divide_9kl.tdf
    Info (12023): Found entity 1: lpm_divide_9kl File: D:/ShuDianShiYan/Time_Counter/db/lpm_divide_9kl.tdf Line: 25
Info (12130): Elaborated megafunction instantiation "lpm_divide:Mod0" File: D:/ShuDianShiYan/Time_Counter/Time_Counter.v Line: 80
Info (12133): Instantiated megafunction "lpm_divide:Mod0" with the following parameter: File: D:/ShuDianShiYan/Time_Counter/Time_Counter.v Line: 80
    Info (12134): Parameter "LPM_WIDTHN" = "6"
    Info (12134): Parameter "LPM_WIDTHD" = "5"
    Info (12134): Parameter "LPM_NREPRESENTATION" = "UNSIGNED"
    Info (12134): Parameter "LPM_DREPRESENTATION" = "UNSIGNED"
Info (12021): Found 1 design units, including 1 entities, in source file db/lpm_divide_bkl.tdf
    Info (12023): Found entity 1: lpm_divide_bkl File: D:/ShuDianShiYan/Time_Counter/db/lpm_divide_bkl.tdf Line: 25
Info (12021): Found 1 design units, including 1 entities, in source file db/sign_div_unsign_akh.tdf
    Info (12023): Found entity 1: sign_div_unsign_akh File: D:/ShuDianShiYan/Time_Counter/db/sign_div_unsign_akh.tdf Line: 25
Info (12021): Found 1 design units, including 1 entities, in source file db/alt_u_div_uee.tdf
    Info (12023): Found entity 1: alt_u_div_uee File: D:/ShuDianShiYan/Time_Counter/db/alt_u_div_uee.tdf Line: 27
Info (13000): Registers with preset signals will power-up high File: D:/ShuDianShiYan/debounce/debounce.v Line: 82
Info (13003): DEV_CLRn pin will set, and not reset, register with preset signal due to NOT Gate Push-Back
Warning (13024): Output pins are stuck at VCC or GND
    Warning (13410): Pin "seg_led_1[1]" is stuck at VCC File: D:/ShuDianShiYan/Time_Counter/Time_Counter.v Line: 7
    Warning (13410): Pin "seg_led_1[7]" is stuck at GND File: D:/ShuDianShiYan/Time_Counter/Time_Counter.v Line: 7
    Warning (13410): Pin "seg_led_1[8]" is stuck at GND File: D:/ShuDianShiYan/Time_Counter/Time_Counter.v Line: 7
    Warning (13410): Pin "seg_led_2[7]" is stuck at GND File: D:/ShuDianShiYan/Time_Counter/Time_Counter.v Line: 8
    Warning (13410): Pin "seg_led_2[8]" is stuck at GND File: D:/ShuDianShiYan/Time_Counter/Time_Counter.v Line: 8
Info (286030): Timing-Driven Synthesis is running
Info (16010): Generating hard_block partition "hard_block:auto_generated_inst"
    Info (16011): Adding 0 node(s), including 0 DDIO, 0 PLL, 0 transceiver and 0 LCELL
Info (21057): Implemented 201 device resources after synthesis - the final resource count might be different
    Info (21058): Implemented 3 input pins
    Info (21059): Implemented 18 output pins
    Info (21061): Implemented 180 logic cells
Info: Quartus Prime Analysis & Synthesis was successful. 0 errors, 14 warnings
    Info: Peak virtual memory: 4854 megabytes
    Info: Processing ended: Fri Nov 10 09:06:25 2023
    Info: Elapsed time: 00:00:06
    Info: Total CPU time (on all processors): 00:00:03


