Analysis & Synthesis report for QJ3to8
Fri Oct 27 10:01:22 2023
Quartus Prime Version 22.1std.2 Build 922 07/20/2023 SC Lite Edition


---------------------
; Table of Contents ;
---------------------
  1. Legal Notice
  2. Analysis & Synthesis Summary
  3. Analysis & Synthesis Settings
  4. Parallel Compilation
  5. Analysis & Synthesis Source Files Read
  6. Analysis & Synthesis Resource Usage Summary
  7. Analysis & Synthesis Resource Utilization by Entity
  8. General Register Statistics
  9. Inverted Register Statistics
 10. Multiplexer Restructuring Statistics (Restructuring Performed)
 11. Parameter Settings for User Entity Instance: debounce:u0
 12. Port Connectivity Checks: "my_qj38:u5|decoder_3to8:u4"
 13. Port Connectivity Checks: "my_qj38:u5|decoder_3to8:u3"
 14. Port Connectivity Checks: "my_qj38:u5|decoder_3to8:u2"
 15. Port Connectivity Checks: "my_qj38:u5|decoder_3to8:u1"
 16. Post-Synthesis Netlist Statistics for Top Partition
 17. Elapsed Time Per Partition
 18. Analysis & Synthesis Messages
 19. Analysis & Synthesis Suppressed Messages



----------------
; Legal Notice ;
----------------
Copyright (C) 2023  Intel Corporation. All rights reserved.
Your use of Intel Corporation's design tools, logic functions 
and other software and tools, and any partner logic 
functions, and any output files from any of the foregoing 
(including device programming or simulation files), and any 
associated documentation or information are expressly subject 
to the terms and conditions of the Intel Program License 
Subscription Agreement, the Intel Quartus Prime License Agreement,
the Intel FPGA IP License Agreement, or other applicable license
agreement, including, without limitation, that your use is for
the sole purpose of programming logic devices manufactured by
Intel and sold by Intel or its authorized distributors.  Please
refer to the applicable agreement for further details, at
https://fpgasoftware.intel.com/eula.



+-------------------------------------------------------------------------------------+
; Analysis & Synthesis Summary                                                        ;
+------------------------------------+------------------------------------------------+
; Analysis & Synthesis Status        ; Successful - Fri Oct 27 10:01:22 2023          ;
; Quartus Prime Version              ; 22.1std.2 Build 922 07/20/2023 SC Lite Edition ;
; Revision Name                      ; QJ3to8                                         ;
; Top-level Entity Name              ; QJ3to8                                         ;
; Family                             ; MAX 10                                         ;
; Total logic elements               ; 72                                             ;
;     Total combinational functions  ; 56                                             ;
;     Dedicated logic registers      ; 45                                             ;
; Total registers                    ; 45                                             ;
; Total pins                         ; 14                                             ;
; Total virtual pins                 ; 0                                              ;
; Total memory bits                  ; 0                                              ;
; Embedded Multiplier 9-bit elements ; 0                                              ;
; Total PLLs                         ; 0                                              ;
; UFM blocks                         ; 0                                              ;
; ADC blocks                         ; 0                                              ;
+------------------------------------+------------------------------------------------+


+------------------------------------------------------------------------------------------------------------+
; Analysis & Synthesis Settings                                                                              ;
+------------------------------------------------------------------+--------------------+--------------------+
; Option                                                           ; Setting            ; Default Value      ;
+------------------------------------------------------------------+--------------------+--------------------+
; Device                                                           ; 10M02SCM153I7G     ;                    ;
; Top-level entity name                                            ; QJ3to8             ; QJ3to8             ;
; Family name                                                      ; MAX 10             ; Cyclone V          ;
; Use smart compilation                                            ; Off                ; Off                ;
; Enable parallel Assembler and Timing Analyzer during compilation ; On                 ; On                 ;
; Enable compact report table                                      ; Off                ; Off                ;
; Restructure Multiplexers                                         ; Auto               ; Auto               ;
; Create Debugging Nodes for IP Cores                              ; Off                ; Off                ;
; Preserve fewer node names                                        ; On                 ; On                 ;
; Intel FPGA IP Evaluation Mode                                    ; Enable             ; Enable             ;
; Verilog Version                                                  ; Verilog_2001       ; Verilog_2001       ;
; VHDL Version                                                     ; VHDL_1993          ; VHDL_1993          ;
; State Machine Processing                                         ; Auto               ; Auto               ;
; Safe State Machine                                               ; Off                ; Off                ;
; Extract Verilog State Machines                                   ; On                 ; On                 ;
; Extract VHDL State Machines                                      ; On                 ; On                 ;
; Ignore Verilog initial constructs                                ; Off                ; Off                ;
; Iteration limit for constant Verilog loops                       ; 5000               ; 5000               ;
; Iteration limit for non-constant Verilog loops                   ; 250                ; 250                ;
; Add Pass-Through Logic to Inferred RAMs                          ; On                 ; On                 ;
; Infer RAMs from Raw Logic                                        ; On                 ; On                 ;
; Parallel Synthesis                                               ; On                 ; On                 ;
; DSP Block Balancing                                              ; Auto               ; Auto               ;
; NOT Gate Push-Back                                               ; On                 ; On                 ;
; Power-Up Don't Care                                              ; On                 ; On                 ;
; Remove Redundant Logic Cells                                     ; Off                ; Off                ;
; Remove Duplicate Registers                                       ; On                 ; On                 ;
; Ignore CARRY Buffers                                             ; Off                ; Off                ;
; Ignore CASCADE Buffers                                           ; Off                ; Off                ;
; Ignore GLOBAL Buffers                                            ; Off                ; Off                ;
; Ignore ROW GLOBAL Buffers                                        ; Off                ; Off                ;
; Ignore LCELL Buffers                                             ; Off                ; Off                ;
; Ignore SOFT Buffers                                              ; On                 ; On                 ;
; Limit AHDL Integers to 32 Bits                                   ; Off                ; Off                ;
; Optimization Technique                                           ; Balanced           ; Balanced           ;
; Carry Chain Length                                               ; 70                 ; 70                 ;
; Auto Carry Chains                                                ; On                 ; On                 ;
; Auto Open-Drain Pins                                             ; On                 ; On                 ;
; Perform WYSIWYG Primitive Resynthesis                            ; Off                ; Off                ;
; Auto ROM Replacement                                             ; On                 ; On                 ;
; Auto RAM Replacement                                             ; On                 ; On                 ;
; Auto DSP Block Replacement                                       ; On                 ; On                 ;
; Auto Shift Register Replacement                                  ; Auto               ; Auto               ;
; Allow Shift Register Merging across Hierarchies                  ; Auto               ; Auto               ;
; Auto Clock Enable Replacement                                    ; On                 ; On                 ;
; Strict RAM Replacement                                           ; Off                ; Off                ;
; Allow Synchronous Control Signals                                ; On                 ; On                 ;
; Force Use of Synchronous Clear Signals                           ; Off                ; Off                ;
; Auto RAM Block Balancing                                         ; On                 ; On                 ;
; Auto RAM to Logic Cell Conversion                                ; Off                ; Off                ;
; Auto Resource Sharing                                            ; Off                ; Off                ;
; Allow Any RAM Size For Recognition                               ; Off                ; Off                ;
; Allow Any ROM Size For Recognition                               ; Off                ; Off                ;
; Allow Any Shift Register Size For Recognition                    ; Off                ; Off                ;
; Use LogicLock Constraints during Resource Balancing              ; On                 ; On                 ;
; Ignore translate_off and synthesis_off directives                ; Off                ; Off                ;
; Timing-Driven Synthesis                                          ; On                 ; On                 ;
; Report Parameter Settings                                        ; On                 ; On                 ;
; Report Source Assignments                                        ; On                 ; On                 ;
; Report Connectivity Checks                                       ; On                 ; On                 ;
; Ignore Maximum Fan-Out Assignments                               ; Off                ; Off                ;
; Synchronization Register Chain Length                            ; 2                  ; 2                  ;
; Power Optimization During Synthesis                              ; Normal compilation ; Normal compilation ;
; HDL message level                                                ; Level2             ; Level2             ;
; Suppress Register Optimization Related Messages                  ; Off                ; Off                ;
; Number of Removed Registers Reported in Synthesis Report         ; 5000               ; 5000               ;
; Number of Swept Nodes Reported in Synthesis Report               ; 5000               ; 5000               ;
; Number of Inverted Registers Reported in Synthesis Report        ; 100                ; 100                ;
; Clock MUX Protection                                             ; On                 ; On                 ;
; Auto Gated Clock Conversion                                      ; Off                ; Off                ;
; Block Design Naming                                              ; Auto               ; Auto               ;
; SDC constraint protection                                        ; Off                ; Off                ;
; Synthesis Effort                                                 ; Auto               ; Auto               ;
; Shift Register Replacement - Allow Asynchronous Clear Signal     ; On                 ; On                 ;
; Pre-Mapping Resynthesis Optimization                             ; Off                ; Off                ;
; Analysis & Synthesis Message Level                               ; Medium             ; Medium             ;
; Disable Register Merging Across Hierarchies                      ; Auto               ; Auto               ;
; Resource Aware Inference For Block RAM                           ; On                 ; On                 ;
+------------------------------------------------------------------+--------------------+--------------------+


+------------------------------------------+
; Parallel Compilation                     ;
+----------------------------+-------------+
; Processors                 ; Number      ;
+----------------------------+-------------+
; Number detected on machine ; 20          ;
; Maximum allowed            ; 14          ;
;                            ;             ;
; Average used               ; 1.00        ;
; Maximum used               ; 14          ;
;                            ;             ;
; Usage by Processor         ; % Time Used ;
;     Processor 1            ; 100.0%      ;
;     Processors 2-14        ;   0.0%      ;
+----------------------------+-------------+


+--------------------------------------------------------------------------------------------------------------------------------------+
; Analysis & Synthesis Source Files Read                                                                                               ;
+----------------------------------+-----------------+------------------------+----------------------------------------------+---------+
; File Name with User-Entered Path ; Used in Netlist ; File Type              ; File Name with Absolute Path                 ; Library ;
+----------------------------------+-----------------+------------------------+----------------------------------------------+---------+
; ../decoder_3to8/decoder_3to8.v   ; yes             ; User Verilog HDL File  ; D:/ShuDianShiYan/decoder_3to8/decoder_3to8.v ;         ;
; ../debounce/debounce.v           ; yes             ; User Verilog HDL File  ; D:/ShuDianShiYan/debounce/debounce.v         ;         ;
; QJ3to8.v                         ; yes             ; User Verilog HDL File  ; D:/ShuDianShiYan/QJ3to8/QJ3to8.v             ;         ;
; my_qj38.v                        ; yes             ; User Verilog HDL File  ; D:/ShuDianShiYan/QJ3to8/my_qj38.v            ;         ;
+----------------------------------+-----------------+------------------------+----------------------------------------------+---------+


+---------------------------------------------------------+
; Analysis & Synthesis Resource Usage Summary             ;
+---------------------------------------------+-----------+
; Resource                                    ; Usage     ;
+---------------------------------------------+-----------+
; Estimated Total logic elements              ; 72        ;
;                                             ;           ;
; Total combinational functions               ; 56        ;
; Logic element usage by number of LUT inputs ;           ;
;     -- 4 input functions                    ; 23        ;
;     -- 3 input functions                    ; 5         ;
;     -- <=2 input functions                  ; 28        ;
;                                             ;           ;
; Logic elements by mode                      ;           ;
;     -- normal mode                          ; 39        ;
;     -- arithmetic mode                      ; 17        ;
;                                             ;           ;
; Total registers                             ; 45        ;
;     -- Dedicated logic registers            ; 45        ;
;     -- I/O registers                        ; 0         ;
;                                             ;           ;
; I/O pins                                    ; 14        ;
;                                             ;           ;
; Embedded Multiplier 9-bit elements          ; 0         ;
;                                             ;           ;
; Maximum fan-out node                        ; clk~input ;
; Maximum fan-out                             ; 45        ;
; Total fan-out                               ; 342       ;
; Average fan-out                             ; 2.65      ;
+---------------------------------------------+-----------+


+----------------------------------------------------------------------------------------------------------------------------------------------------------------------------------------------------------------------------------------------------+
; Analysis & Synthesis Resource Utilization by Entity                                                                                                                                                                                                ;
+----------------------------+---------------------+---------------------------+-------------+------------+--------------+---------+-----------+------+--------------+------------+------------------------------------+--------------+--------------+
; Compilation Hierarchy Node ; Combinational ALUTs ; Dedicated Logic Registers ; Memory Bits ; UFM Blocks ; DSP Elements ; DSP 9x9 ; DSP 18x18 ; Pins ; Virtual Pins ; ADC blocks ; Full Hierarchy Name                ; Entity Name  ; Library Name ;
+----------------------------+---------------------+---------------------------+-------------+------------+--------------+---------+-----------+------+--------------+------------+------------------------------------+--------------+--------------+
; |QJ3to8                    ; 56 (17)             ; 45 (15)                   ; 0           ; 0          ; 0            ; 0       ; 0         ; 14   ; 0            ; 0          ; |QJ3to8                            ; QJ3to8       ; work         ;
;    |debounce:u0|           ; 35 (35)             ; 30 (30)                   ; 0           ; 0          ; 0            ; 0       ; 0         ; 0    ; 0            ; 0          ; |QJ3to8|debounce:u0                ; debounce     ; work         ;
;    |my_qj38:u5|            ; 4 (0)               ; 0 (0)                     ; 0           ; 0          ; 0            ; 0       ; 0         ; 0    ; 0            ; 0          ; |QJ3to8|my_qj38:u5                 ; my_qj38      ; work         ;
;       |decoder_3to8:u1|    ; 2 (2)               ; 0 (0)                     ; 0           ; 0          ; 0            ; 0       ; 0         ; 0    ; 0            ; 0          ; |QJ3to8|my_qj38:u5|decoder_3to8:u1 ; decoder_3to8 ; work         ;
;       |decoder_3to8:u2|    ; 1 (1)               ; 0 (0)                     ; 0           ; 0          ; 0            ; 0       ; 0         ; 0    ; 0            ; 0          ; |QJ3to8|my_qj38:u5|decoder_3to8:u2 ; decoder_3to8 ; work         ;
;       |decoder_3to8:u3|    ; 1 (1)               ; 0 (0)                     ; 0           ; 0          ; 0            ; 0       ; 0         ; 0    ; 0            ; 0          ; |QJ3to8|my_qj38:u5|decoder_3to8:u3 ; decoder_3to8 ; work         ;
+----------------------------+---------------------+---------------------------+-------------+------------+--------------+---------+-----------+------+--------------+------------+------------------------------------+--------------+--------------+
Note: For table entries with two numbers listed, the numbers in parentheses indicate the number of resources of the given type used by the specific entity alone. The numbers listed outside of parentheses indicate the total resources of the given type used by the specific entity and all of its sub-entities in the hierarchy.


+------------------------------------------------------+
; General Register Statistics                          ;
+----------------------------------------------+-------+
; Statistic                                    ; Value ;
+----------------------------------------------+-------+
; Total registers                              ; 45    ;
; Number of registers using Synchronous Clear  ; 18    ;
; Number of registers using Synchronous Load   ; 0     ;
; Number of registers using Asynchronous Clear ; 45    ;
; Number of registers using Asynchronous Load  ; 0     ;
; Number of registers using Clock Enable       ; 16    ;
; Number of registers using Preset             ; 0     ;
+----------------------------------------------+-------+


+---------------------------------------------------+
; Inverted Register Statistics                      ;
+-----------------------------------------+---------+
; Inverted Register                       ; Fan out ;
+-----------------------------------------+---------+
; led[0]~reg0                             ; 2       ;
; led[1]~reg0                             ; 1       ;
; led[2]~reg0                             ; 1       ;
; led[3]~reg0                             ; 1       ;
; led[4]~reg0                             ; 2       ;
; debounce:u0|key_sec[1]                  ; 2       ;
; debounce:u0|key_sec_pre[1]              ; 1       ;
; debounce:u0|key_sec[2]                  ; 2       ;
; debounce:u0|key_sec_pre[2]              ; 1       ;
; debounce:u0|key_sec[0]                  ; 5       ;
; debounce:u0|key_sec_pre[0]              ; 4       ;
; debounce:u0|key_rst[0]                  ; 2       ;
; debounce:u0|key_rst[1]                  ; 2       ;
; debounce:u0|key_rst_pre[0]              ; 1       ;
; debounce:u0|key_rst_pre[1]              ; 1       ;
; debounce:u0|key_rst[2]                  ; 2       ;
; debounce:u0|key_rst_pre[2]              ; 1       ;
; Total number of inverted registers = 17 ;         ;
+-----------------------------------------+---------+


+------------------------------------------------------------------------------------------------------------------------------------------+
; Multiplexer Restructuring Statistics (Restructuring Performed)                                                                           ;
+--------------------+-----------+---------------+----------------------+------------------------+------------+----------------------------+
; Multiplexer Inputs ; Bus Width ; Baseline Area ; Area if Restructured ; Saving if Restructured ; Registered ; Example Multiplexer Output ;
+--------------------+-----------+---------------+----------------------+------------------------+------------+----------------------------+
; 3:1                ; 3 bits    ; 6 LEs         ; 3 LEs                ; 3 LEs                  ; Yes        ; |QJ3to8|led[1]~reg0        ;
+--------------------+-----------+---------------+----------------------+------------------------+------------+----------------------------+


+----------------------------------------------------------+
; Parameter Settings for User Entity Instance: debounce:u0 ;
+----------------+-------+---------------------------------+
; Parameter Name ; Value ; Type                            ;
+----------------+-------+---------------------------------+
; N              ; 3     ; Signed Integer                  ;
+----------------+-------+---------------------------------+
Note: In order to hide this table in the UI and the text report file, please set the "Show Parameter Settings in Synthesis Report" option in "Analysis and Synthesis Settings -> More Settings" to "Off".


+--------------------------------------------------------+
; Port Connectivity Checks: "my_qj38:u5|decoder_3to8:u4" ;
+-------+--------+----------+----------------------------+
; Port  ; Type   ; Severity ; Details                    ;
+-------+--------+----------+----------------------------+
; Y_low ; Output ; Info     ; Explicitly unconnected     ;
+-------+--------+----------+----------------------------+


+--------------------------------------------------------+
; Port Connectivity Checks: "my_qj38:u5|decoder_3to8:u3" ;
+-------+--------+----------+----------------------------+
; Port  ; Type   ; Severity ; Details                    ;
+-------+--------+----------+----------------------------+
; Y_low ; Output ; Info     ; Explicitly unconnected     ;
+-------+--------+----------+----------------------------+


+--------------------------------------------------------+
; Port Connectivity Checks: "my_qj38:u5|decoder_3to8:u2" ;
+-------+--------+----------+----------------------------+
; Port  ; Type   ; Severity ; Details                    ;
+-------+--------+----------+----------------------------+
; Y_low ; Output ; Info     ; Explicitly unconnected     ;
+-------+--------+----------+----------------------------+


+--------------------------------------------------------+
; Port Connectivity Checks: "my_qj38:u5|decoder_3to8:u1" ;
+-------+--------+----------+----------------------------+
; Port  ; Type   ; Severity ; Details                    ;
+-------+--------+----------+----------------------------+
; A[0]  ; Input  ; Info     ; Stuck at GND               ;
; Y_low ; Output ; Info     ; Explicitly unconnected     ;
+-------+--------+----------+----------------------------+


+-----------------------------------------------------+
; Post-Synthesis Netlist Statistics for Top Partition ;
+-----------------------+-----------------------------+
; Type                  ; Count                       ;
+-----------------------+-----------------------------+
; boundary_port         ; 14                          ;
; cycloneiii_ff         ; 45                          ;
;     CLR               ; 11                          ;
;     CLR SCLR          ; 18                          ;
;     ENA CLR           ; 16                          ;
; cycloneiii_lcell_comb ; 61                          ;
;     arith             ; 17                          ;
;         2 data inputs ; 17                          ;
;     normal            ; 44                          ;
;         1 data inputs ; 12                          ;
;         2 data inputs ; 4                           ;
;         3 data inputs ; 5                           ;
;         4 data inputs ; 23                          ;
;                       ;                             ;
; Max LUT depth         ; 6.00                        ;
; Average LUT depth     ; 2.75                        ;
+-----------------------+-----------------------------+


+-------------------------------+
; Elapsed Time Per Partition    ;
+----------------+--------------+
; Partition Name ; Elapsed Time ;
+----------------+--------------+
; Top            ; 00:00:00     ;
+----------------+--------------+


+-------------------------------+
; Analysis & Synthesis Messages ;
+-------------------------------+
Info: *******************************************************************
Info: Running Quartus Prime Analysis & Synthesis
    Info: Version 22.1std.2 Build 922 07/20/2023 SC Lite Edition
    Info: Processing started: Fri Oct 27 10:01:15 2023
Info: Command: quartus_map --read_settings_files=on --write_settings_files=off QJ3to8 -c QJ3to8
Warning (18236): Number of processors has not been specified which may cause overloading on shared machines.  Set the global assignment NUM_PARALLEL_PROCESSORS in your QSF to an appropriate value for best performance.
Info (20030): Parallel compilation is enabled and will use 14 of the 14 processors detected
Info (12021): Found 1 design units, including 1 entities, in source file /shudianshiyan/decoder_3to8/decoder_3to8.v
    Info (12023): Found entity 1: decoder_3to8 File: D:/ShuDianShiYan/decoder_3to8/decoder_3to8.v Line: 1
Info (12021): Found 1 design units, including 1 entities, in source file /shudianshiyan/debounce/debounce.v
    Info (12023): Found entity 1: debounce File: D:/ShuDianShiYan/debounce/debounce.v Line: 18
Info (12021): Found 1 design units, including 1 entities, in source file qj3to8.v
    Info (12023): Found entity 1: QJ3to8 File: D:/ShuDianShiYan/QJ3to8/QJ3to8.v Line: 1
Info (12021): Found 1 design units, including 1 entities, in source file my_qj38.v
    Info (12023): Found entity 1: my_qj38 File: D:/ShuDianShiYan/QJ3to8/my_qj38.v Line: 1
Warning (10236): Verilog HDL Implicit Net warning at QJ3to8.v(25): created implicit net for "En_d" File: D:/ShuDianShiYan/QJ3to8/QJ3to8.v Line: 25
Info (12127): Elaborating entity "QJ3to8" for the top level hierarchy
Info (12128): Elaborating entity "debounce" for hierarchy "debounce:u0" File: D:/ShuDianShiYan/QJ3to8/QJ3to8.v Line: 26
Info (12128): Elaborating entity "my_qj38" for hierarchy "my_qj38:u5" File: D:/ShuDianShiYan/QJ3to8/QJ3to8.v Line: 80
Info (12128): Elaborating entity "decoder_3to8" for hierarchy "my_qj38:u5|decoder_3to8:u1" File: D:/ShuDianShiYan/QJ3to8/my_qj38.v Line: 21
Warning (10240): Verilog HDL Always Construct warning at decoder_3to8.v(13): inferring latch(es) for variable "Si", which holds its previous value in one or more paths through the always construct File: D:/ShuDianShiYan/decoder_3to8/decoder_3to8.v Line: 13
Warning (10240): Verilog HDL Always Construct warning at decoder_3to8.v(13): inferring latch(es) for variable "Ci", which holds its previous value in one or more paths through the always construct File: D:/ShuDianShiYan/decoder_3to8/decoder_3to8.v Line: 13
Info (10041): Inferred latch for "Ci" at decoder_3to8.v(45) File: D:/ShuDianShiYan/decoder_3to8/decoder_3to8.v Line: 45
Info (10041): Inferred latch for "Si" at decoder_3to8.v(35) File: D:/ShuDianShiYan/decoder_3to8/decoder_3to8.v Line: 35
Info (13000): Registers with preset signals will power-up high File: D:/ShuDianShiYan/QJ3to8/QJ3to8.v Line: 51
Info (13003): DEV_CLRn pin will set, and not reset, register with preset signal due to NOT Gate Push-Back
Info (286030): Timing-Driven Synthesis is running
Info (144001): Generated suppressed messages file D:/ShuDianShiYan/QJ3to8/output_files/QJ3to8.map.smsg
Info (16010): Generating hard_block partition "hard_block:auto_generated_inst"
    Info (16011): Adding 0 node(s), including 0 DDIO, 0 PLL, 0 transceiver and 0 LCELL
Info (21057): Implemented 86 device resources after synthesis - the final resource count might be different
    Info (21058): Implemented 9 input pins
    Info (21059): Implemented 5 output pins
    Info (21061): Implemented 72 logic cells
Info: Quartus Prime Analysis & Synthesis was successful. 0 errors, 4 warnings
    Info: Peak virtual memory: 4848 megabytes
    Info: Processing ended: Fri Oct 27 10:01:22 2023
    Info: Elapsed time: 00:00:07
    Info: Total CPU time (on all processors): 00:00:03


+------------------------------------------+
; Analysis & Synthesis Suppressed Messages ;
+------------------------------------------+
The suppressed messages can be found in D:/ShuDianShiYan/QJ3to8/output_files/QJ3to8.map.smsg.


