Analysis & Synthesis report for cn
Thu Nov 30 09:53:33 2023
Quartus Prime Version 22.1std.2 Build 922 07/20/2023 SC Lite Edition


---------------------
; Table of Contents ;
---------------------
  1. Legal Notice
  2. Analysis & Synthesis Summary
  3. Analysis & Synthesis Settings
  4. Parallel Compilation
  5. Analysis & Synthesis Source Files Read
  6. Analysis & Synthesis Resource Usage Summary
  7. Analysis & Synthesis Resource Utilization by Entity
  8. Registers Removed During Synthesis
  9. General Register Statistics
 10. Inverted Register Statistics
 11. Parameter Settings for User Entity Instance: divide:u2
 12. Parameter Settings for User Entity Instance: debounce:u1
 13. Parameter Settings for Inferred Entity Instance: lpm_divide:Mod0
 14. Parameter Settings for Inferred Entity Instance: lpm_divide:Div0
 15. Analysis & Synthesis Messages



----------------
; Legal Notice ;
----------------
Copyright (C) 2023  Intel Corporation. All rights reserved.
Your use of Intel Corporation's design tools, logic functions 
and other software and tools, and any partner logic 
functions, and any output files from any of the foregoing 
(including device programming or simulation files), and any 
associated documentation or information are expressly subject 
to the terms and conditions of the Intel Program License 
Subscription Agreement, the Intel Quartus Prime License Agreement,
the Intel FPGA IP License Agreement, or other applicable license
agreement, including, without limitation, that your use is for
the sole purpose of programming logic devices manufactured by
Intel and sold by Intel or its authorized distributors.  Please
refer to the applicable agreement for further details, at
https://fpgasoftware.intel.com/eula.



+------------------------------------------------------------------------------+
; Analysis & Synthesis Summary                                                 ;
+-----------------------------+------------------------------------------------+
; Analysis & Synthesis Status ; Successful - Thu Nov 30 09:53:33 2023          ;
; Quartus Prime Version       ; 22.1std.2 Build 922 07/20/2023 SC Lite Edition ;
; Revision Name               ; cn                                             ;
; Top-level Entity Name       ; cn                                             ;
; Family                      ; MAX II                                         ;
; Total logic elements        ; 532                                            ;
; Total pins                  ; 26                                             ;
; Total virtual pins          ; 0                                              ;
; UFM blocks                  ; 0 / 1 ( 0 % )                                  ;
+-----------------------------+------------------------------------------------+


+------------------------------------------------------------------------------------------------------------+
; Analysis & Synthesis Settings                                                                              ;
+------------------------------------------------------------------+--------------------+--------------------+
; Option                                                           ; Setting            ; Default Value      ;
+------------------------------------------------------------------+--------------------+--------------------+
; Device                                                           ; EPM1270T144C5      ;                    ;
; Top-level entity name                                            ; cn                 ; cn                 ;
; Family name                                                      ; MAX II             ; Cyclone V          ;
; Use smart compilation                                            ; Off                ; Off                ;
; Enable parallel Assembler and Timing Analyzer during compilation ; On                 ; On                 ;
; Enable compact report table                                      ; Off                ; Off                ;
; Restructure Multiplexers                                         ; Auto               ; Auto               ;
; Create Debugging Nodes for IP Cores                              ; Off                ; Off                ;
; Preserve fewer node names                                        ; On                 ; On                 ;
; Intel FPGA IP Evaluation Mode                                    ; Enable             ; Enable             ;
; Verilog Version                                                  ; Verilog_2001       ; Verilog_2001       ;
; VHDL Version                                                     ; VHDL_1993          ; VHDL_1993          ;
; State Machine Processing                                         ; Auto               ; Auto               ;
; Safe State Machine                                               ; Off                ; Off                ;
; Extract Verilog State Machines                                   ; On                 ; On                 ;
; Extract VHDL State Machines                                      ; On                 ; On                 ;
; Ignore Verilog initial constructs                                ; Off                ; Off                ;
; Iteration limit for constant Verilog loops                       ; 5000               ; 5000               ;
; Iteration limit for non-constant Verilog loops                   ; 250                ; 250                ;
; Add Pass-Through Logic to Inferred RAMs                          ; On                 ; On                 ;
; Infer RAMs from Raw Logic                                        ; On                 ; On                 ;
; Parallel Synthesis                                               ; On                 ; On                 ;
; NOT Gate Push-Back                                               ; On                 ; On                 ;
; Power-Up Don't Care                                              ; On                 ; On                 ;
; Remove Redundant Logic Cells                                     ; Off                ; Off                ;
; Remove Duplicate Registers                                       ; On                 ; On                 ;
; Ignore CARRY Buffers                                             ; Off                ; Off                ;
; Ignore CASCADE Buffers                                           ; Off                ; Off                ;
; Ignore GLOBAL Buffers                                            ; Off                ; Off                ;
; Ignore ROW GLOBAL Buffers                                        ; Off                ; Off                ;
; Ignore LCELL Buffers                                             ; Off                ; Off                ;
; Ignore SOFT Buffers                                              ; On                 ; On                 ;
; Limit AHDL Integers to 32 Bits                                   ; Off                ; Off                ;
; Optimization Technique                                           ; Balanced           ; Balanced           ;
; Carry Chain Length                                               ; 70                 ; 70                 ;
; Auto Carry Chains                                                ; On                 ; On                 ;
; Auto Open-Drain Pins                                             ; On                 ; On                 ;
; Perform WYSIWYG Primitive Resynthesis                            ; Off                ; Off                ;
; Auto Shift Register Replacement                                  ; Auto               ; Auto               ;
; Allow Shift Register Merging across Hierarchies                  ; Auto               ; Auto               ;
; Auto Clock Enable Replacement                                    ; On                 ; On                 ;
; Allow Synchronous Control Signals                                ; On                 ; On                 ;
; Force Use of Synchronous Clear Signals                           ; Off                ; Off                ;
; Auto Resource Sharing                                            ; Off                ; Off                ;
; Use LogicLock Constraints during Resource Balancing              ; On                 ; On                 ;
; Ignore translate_off and synthesis_off directives                ; Off                ; Off                ;
; Report Parameter Settings                                        ; On                 ; On                 ;
; Report Source Assignments                                        ; On                 ; On                 ;
; Report Connectivity Checks                                       ; On                 ; On                 ;
; Ignore Maximum Fan-Out Assignments                               ; Off                ; Off                ;
; Synchronization Register Chain Length                            ; 2                  ; 2                  ;
; Power Optimization During Synthesis                              ; Normal compilation ; Normal compilation ;
; HDL message level                                                ; Level2             ; Level2             ;
; Suppress Register Optimization Related Messages                  ; Off                ; Off                ;
; Number of Removed Registers Reported in Synthesis Report         ; 5000               ; 5000               ;
; Number of Swept Nodes Reported in Synthesis Report               ; 5000               ; 5000               ;
; Number of Inverted Registers Reported in Synthesis Report        ; 100                ; 100                ;
; Clock MUX Protection                                             ; On                 ; On                 ;
; Block Design Naming                                              ; Auto               ; Auto               ;
; Synthesis Effort                                                 ; Auto               ; Auto               ;
; Shift Register Replacement - Allow Asynchronous Clear Signal     ; On                 ; On                 ;
; Analysis & Synthesis Message Level                               ; Medium             ; Medium             ;
; Disable Register Merging Across Hierarchies                      ; Auto               ; Auto               ;
+------------------------------------------------------------------+--------------------+--------------------+


+------------------------------------------+
; Parallel Compilation                     ;
+----------------------------+-------------+
; Processors                 ; Number      ;
+----------------------------+-------------+
; Number detected on machine ; 20          ;
; Maximum allowed            ; 14          ;
;                            ;             ;
; Average used               ; 1.00        ;
; Maximum used               ; 1           ;
;                            ;             ;
; Usage by Processor         ; % Time Used ;
;     Processor 1            ; 100.0%      ;
+----------------------------+-------------+


+--------------------------------------------------------------------------------------------------------------------------------------------------------------+
; Analysis & Synthesis Source Files Read                                                                                                                       ;
+----------------------------------+-----------------+------------------------------+----------------------------------------------------------------+---------+
; File Name with User-Entered Path ; Used in Netlist ; File Type                    ; File Name with Absolute Path                                   ; Library ;
+----------------------------------+-----------------+------------------------------+----------------------------------------------------------------+---------+
; cn.v                             ; yes             ; User Verilog HDL File        ; D:/ShuDianShiYan/cn/cn.v                                       ;         ;
; divide.v                         ; yes             ; User Verilog HDL File        ; D:/ShuDianShiYan/cn/divide.v                                   ;         ;
; debounce.v                       ; yes             ; Auto-Found Verilog HDL File  ; D:/ShuDianShiYan/cn/debounce.v                                 ;         ;
; lpm_divide.tdf                   ; yes             ; Megafunction                 ; d:/quartus/quartus/libraries/megafunctions/lpm_divide.tdf      ;         ;
; abs_divider.inc                  ; yes             ; Megafunction                 ; d:/quartus/quartus/libraries/megafunctions/abs_divider.inc     ;         ;
; sign_div_unsign.inc              ; yes             ; Megafunction                 ; d:/quartus/quartus/libraries/megafunctions/sign_div_unsign.inc ;         ;
; aglobal221.inc                   ; yes             ; Megafunction                 ; d:/quartus/quartus/libraries/megafunctions/aglobal221.inc      ;         ;
; db/lpm_divide_8pl.tdf            ; yes             ; Auto-Generated Megafunction  ; D:/ShuDianShiYan/cn/db/lpm_divide_8pl.tdf                      ;         ;
; db/sign_div_unsign_mlh.tdf       ; yes             ; Auto-Generated Megafunction  ; D:/ShuDianShiYan/cn/db/sign_div_unsign_mlh.tdf                 ;         ;
; db/alt_u_div_7le.tdf             ; yes             ; Auto-Generated Megafunction  ; D:/ShuDianShiYan/cn/db/alt_u_div_7le.tdf                       ;         ;
; db/add_sub_e7c.tdf               ; yes             ; Auto-Generated Megafunction  ; D:/ShuDianShiYan/cn/db/add_sub_e7c.tdf                         ;         ;
; db/add_sub_f7c.tdf               ; yes             ; Auto-Generated Megafunction  ; D:/ShuDianShiYan/cn/db/add_sub_f7c.tdf                         ;         ;
; db/add_sub_i7c.tdf               ; yes             ; Auto-Generated Megafunction  ; D:/ShuDianShiYan/cn/db/add_sub_i7c.tdf                         ;         ;
; db/add_sub_g7c.tdf               ; yes             ; Auto-Generated Megafunction  ; D:/ShuDianShiYan/cn/db/add_sub_g7c.tdf                         ;         ;
; db/add_sub_h7c.tdf               ; yes             ; Auto-Generated Megafunction  ; D:/ShuDianShiYan/cn/db/add_sub_h7c.tdf                         ;         ;
; db/lpm_divide_51m.tdf            ; yes             ; Auto-Generated Megafunction  ; D:/ShuDianShiYan/cn/db/lpm_divide_51m.tdf                      ;         ;
+----------------------------------+-----------------+------------------------------+----------------------------------------------------------------+---------+


+-----------------------------------------------------+
; Analysis & Synthesis Resource Usage Summary         ;
+---------------------------------------------+-------+
; Resource                                    ; Usage ;
+---------------------------------------------+-------+
; Total logic elements                        ; 532   ;
;     -- Combinational with no register       ; 487   ;
;     -- Register only                        ; 11    ;
;     -- Combinational with a register        ; 34    ;
;                                             ;       ;
; Logic element usage by number of LUT inputs ;       ;
;     -- 4 input functions                    ; 73    ;
;     -- 3 input functions                    ; 121   ;
;     -- 2 input functions                    ; 200   ;
;     -- 1 input functions                    ; 127   ;
;     -- 0 input functions                    ; 0     ;
;                                             ;       ;
; Logic elements by mode                      ;       ;
;     -- normal mode                          ; 329   ;
;     -- arithmetic mode                      ; 203   ;
;     -- qfbk mode                            ; 0     ;
;     -- register cascade mode                ; 0     ;
;     -- synchronous clear/load mode          ; 3     ;
;     -- asynchronous clear/load mode         ; 44    ;
;                                             ;       ;
; Total registers                             ; 45    ;
; Total logic cells in carry chains           ; 276   ;
; I/O pins                                    ; 26    ;
; Maximum fan-out node                        ; bnt0  ;
; Maximum fan-out                             ; 45    ;
; Total fan-out                               ; 1324  ;
; Average fan-out                             ; 2.37  ;
+---------------------------------------------+-------+


+----------------------------------------------------------------------------------------------------------------------------------------------------------------------------------------------------------------------------------------------------------------------------------------------------------------------------------------------------------------+
; Analysis & Synthesis Resource Utilization by Entity                                                                                                                                                                                                                                                                                                            ;
+-----------------------------------------+-------------+--------------+------------+------+--------------+--------------+-------------------+------------------+-----------------+------------+----------------------------------------------------------------------------------------------------------------------------+---------------------+--------------+
; Compilation Hierarchy Node              ; Logic Cells ; LC Registers ; UFM Blocks ; Pins ; Virtual Pins ; LUT-Only LCs ; Register-Only LCs ; LUT/Register LCs ; Carry Chain LCs ; Packed LCs ; Full Hierarchy Name                                                                                                        ; Entity Name         ; Library Name ;
+-----------------------------------------+-------------+--------------+------------+------+--------------+--------------+-------------------+------------------+-----------------+------------+----------------------------------------------------------------------------------------------------------------------------+---------------------+--------------+
; |cn                                     ; 532 (71)    ; 45           ; 0          ; 26   ; 0            ; 487 (42)     ; 11 (4)            ; 34 (25)          ; 276 (44)        ; 0 (0)      ; |cn                                                                                                                        ; cn                  ; work         ;
;    |debounce:u1|                        ; 12 (12)     ; 8            ; 0          ; 0    ; 0            ; 4 (4)        ; 3 (3)             ; 5 (5)            ; 0 (0)           ; 0 (0)      ; |cn|debounce:u1                                                                                                            ; debounce            ; work         ;
;    |divide:u2|                          ; 18 (18)     ; 8            ; 0          ; 0    ; 0            ; 10 (10)      ; 4 (4)             ; 4 (4)            ; 7 (7)           ; 0 (0)      ; |cn|divide:u2                                                                                                              ; divide              ; work         ;
;    |lpm_divide:Div0|                    ; 207 (0)     ; 0            ; 0          ; 0    ; 0            ; 207 (0)      ; 0 (0)             ; 0 (0)            ; 103 (0)         ; 0 (0)      ; |cn|lpm_divide:Div0                                                                                                        ; lpm_divide          ; work         ;
;       |lpm_divide_51m:auto_generated|   ; 207 (0)     ; 0            ; 0          ; 0    ; 0            ; 207 (0)      ; 0 (0)             ; 0 (0)            ; 103 (0)         ; 0 (0)      ; |cn|lpm_divide:Div0|lpm_divide_51m:auto_generated                                                                          ; lpm_divide_51m      ; work         ;
;          |sign_div_unsign_mlh:divider|  ; 207 (0)     ; 0            ; 0          ; 0    ; 0            ; 207 (0)      ; 0 (0)             ; 0 (0)            ; 103 (0)         ; 0 (0)      ; |cn|lpm_divide:Div0|lpm_divide_51m:auto_generated|sign_div_unsign_mlh:divider                                              ; sign_div_unsign_mlh ; work         ;
;             |alt_u_div_7le:divider|     ; 207 (104)   ; 0            ; 0          ; 0    ; 0            ; 207 (104)    ; 0 (0)             ; 0 (0)            ; 103 (0)         ; 0 (0)      ; |cn|lpm_divide:Div0|lpm_divide_51m:auto_generated|sign_div_unsign_mlh:divider|alt_u_div_7le:divider                        ; alt_u_div_7le       ; work         ;
;                |add_sub_h7c:add_sub_3|  ; 5 (5)       ; 0            ; 0          ; 0    ; 0            ; 5 (5)        ; 0 (0)             ; 0 (0)            ; 5 (5)           ; 0 (0)      ; |cn|lpm_divide:Div0|lpm_divide_51m:auto_generated|sign_div_unsign_mlh:divider|alt_u_div_7le:divider|add_sub_h7c:add_sub_3  ; add_sub_h7c         ; work         ;
;                |add_sub_i7c:add_sub_10| ; 6 (6)       ; 0            ; 0          ; 0    ; 0            ; 6 (6)        ; 0 (0)             ; 0 (0)            ; 6 (6)           ; 0 (0)      ; |cn|lpm_divide:Div0|lpm_divide_51m:auto_generated|sign_div_unsign_mlh:divider|alt_u_div_7le:divider|add_sub_i7c:add_sub_10 ; add_sub_i7c         ; work         ;
;                |add_sub_i7c:add_sub_11| ; 6 (6)       ; 0            ; 0          ; 0    ; 0            ; 6 (6)        ; 0 (0)             ; 0 (0)            ; 6 (6)           ; 0 (0)      ; |cn|lpm_divide:Div0|lpm_divide_51m:auto_generated|sign_div_unsign_mlh:divider|alt_u_div_7le:divider|add_sub_i7c:add_sub_11 ; add_sub_i7c         ; work         ;
;                |add_sub_i7c:add_sub_12| ; 6 (6)       ; 0            ; 0          ; 0    ; 0            ; 6 (6)        ; 0 (0)             ; 0 (0)            ; 6 (6)           ; 0 (0)      ; |cn|lpm_divide:Div0|lpm_divide_51m:auto_generated|sign_div_unsign_mlh:divider|alt_u_div_7le:divider|add_sub_i7c:add_sub_12 ; add_sub_i7c         ; work         ;
;                |add_sub_i7c:add_sub_13| ; 6 (6)       ; 0            ; 0          ; 0    ; 0            ; 6 (6)        ; 0 (0)             ; 0 (0)            ; 6 (6)           ; 0 (0)      ; |cn|lpm_divide:Div0|lpm_divide_51m:auto_generated|sign_div_unsign_mlh:divider|alt_u_div_7le:divider|add_sub_i7c:add_sub_13 ; add_sub_i7c         ; work         ;
;                |add_sub_i7c:add_sub_14| ; 6 (6)       ; 0            ; 0          ; 0    ; 0            ; 6 (6)        ; 0 (0)             ; 0 (0)            ; 6 (6)           ; 0 (0)      ; |cn|lpm_divide:Div0|lpm_divide_51m:auto_generated|sign_div_unsign_mlh:divider|alt_u_div_7le:divider|add_sub_i7c:add_sub_14 ; add_sub_i7c         ; work         ;
;                |add_sub_i7c:add_sub_15| ; 6 (6)       ; 0            ; 0          ; 0    ; 0            ; 6 (6)        ; 0 (0)             ; 0 (0)            ; 6 (6)           ; 0 (0)      ; |cn|lpm_divide:Div0|lpm_divide_51m:auto_generated|sign_div_unsign_mlh:divider|alt_u_div_7le:divider|add_sub_i7c:add_sub_15 ; add_sub_i7c         ; work         ;
;                |add_sub_i7c:add_sub_16| ; 6 (6)       ; 0            ; 0          ; 0    ; 0            ; 6 (6)        ; 0 (0)             ; 0 (0)            ; 6 (6)           ; 0 (0)      ; |cn|lpm_divide:Div0|lpm_divide_51m:auto_generated|sign_div_unsign_mlh:divider|alt_u_div_7le:divider|add_sub_i7c:add_sub_16 ; add_sub_i7c         ; work         ;
;                |add_sub_i7c:add_sub_17| ; 6 (6)       ; 0            ; 0          ; 0    ; 0            ; 6 (6)        ; 0 (0)             ; 0 (0)            ; 6 (6)           ; 0 (0)      ; |cn|lpm_divide:Div0|lpm_divide_51m:auto_generated|sign_div_unsign_mlh:divider|alt_u_div_7le:divider|add_sub_i7c:add_sub_17 ; add_sub_i7c         ; work         ;
;                |add_sub_i7c:add_sub_18| ; 7 (7)       ; 0            ; 0          ; 0    ; 0            ; 7 (7)        ; 0 (0)             ; 0 (0)            ; 7 (7)           ; 0 (0)      ; |cn|lpm_divide:Div0|lpm_divide_51m:auto_generated|sign_div_unsign_mlh:divider|alt_u_div_7le:divider|add_sub_i7c:add_sub_18 ; add_sub_i7c         ; work         ;
;                |add_sub_i7c:add_sub_19| ; 7 (7)       ; 0            ; 0          ; 0    ; 0            ; 7 (7)        ; 0 (0)             ; 0 (0)            ; 7 (7)           ; 0 (0)      ; |cn|lpm_divide:Div0|lpm_divide_51m:auto_generated|sign_div_unsign_mlh:divider|alt_u_div_7le:divider|add_sub_i7c:add_sub_19 ; add_sub_i7c         ; work         ;
;                |add_sub_i7c:add_sub_4|  ; 6 (6)       ; 0            ; 0          ; 0    ; 0            ; 6 (6)        ; 0 (0)             ; 0 (0)            ; 6 (6)           ; 0 (0)      ; |cn|lpm_divide:Div0|lpm_divide_51m:auto_generated|sign_div_unsign_mlh:divider|alt_u_div_7le:divider|add_sub_i7c:add_sub_4  ; add_sub_i7c         ; work         ;
;                |add_sub_i7c:add_sub_5|  ; 6 (6)       ; 0            ; 0          ; 0    ; 0            ; 6 (6)        ; 0 (0)             ; 0 (0)            ; 6 (6)           ; 0 (0)      ; |cn|lpm_divide:Div0|lpm_divide_51m:auto_generated|sign_div_unsign_mlh:divider|alt_u_div_7le:divider|add_sub_i7c:add_sub_5  ; add_sub_i7c         ; work         ;
;                |add_sub_i7c:add_sub_6|  ; 6 (6)       ; 0            ; 0          ; 0    ; 0            ; 6 (6)        ; 0 (0)             ; 0 (0)            ; 6 (6)           ; 0 (0)      ; |cn|lpm_divide:Div0|lpm_divide_51m:auto_generated|sign_div_unsign_mlh:divider|alt_u_div_7le:divider|add_sub_i7c:add_sub_6  ; add_sub_i7c         ; work         ;
;                |add_sub_i7c:add_sub_7|  ; 6 (6)       ; 0            ; 0          ; 0    ; 0            ; 6 (6)        ; 0 (0)             ; 0 (0)            ; 6 (6)           ; 0 (0)      ; |cn|lpm_divide:Div0|lpm_divide_51m:auto_generated|sign_div_unsign_mlh:divider|alt_u_div_7le:divider|add_sub_i7c:add_sub_7  ; add_sub_i7c         ; work         ;
;                |add_sub_i7c:add_sub_8|  ; 6 (6)       ; 0            ; 0          ; 0    ; 0            ; 6 (6)        ; 0 (0)             ; 0 (0)            ; 6 (6)           ; 0 (0)      ; |cn|lpm_divide:Div0|lpm_divide_51m:auto_generated|sign_div_unsign_mlh:divider|alt_u_div_7le:divider|add_sub_i7c:add_sub_8  ; add_sub_i7c         ; work         ;
;                |add_sub_i7c:add_sub_9|  ; 6 (6)       ; 0            ; 0          ; 0    ; 0            ; 6 (6)        ; 0 (0)             ; 0 (0)            ; 6 (6)           ; 0 (0)      ; |cn|lpm_divide:Div0|lpm_divide_51m:auto_generated|sign_div_unsign_mlh:divider|alt_u_div_7le:divider|add_sub_i7c:add_sub_9  ; add_sub_i7c         ; work         ;
;    |lpm_divide:Mod0|                    ; 224 (0)     ; 0            ; 0          ; 0    ; 0            ; 224 (0)      ; 0 (0)             ; 0 (0)            ; 122 (0)         ; 0 (0)      ; |cn|lpm_divide:Mod0                                                                                                        ; lpm_divide          ; work         ;
;       |lpm_divide_8pl:auto_generated|   ; 224 (0)     ; 0            ; 0          ; 0    ; 0            ; 224 (0)      ; 0 (0)             ; 0 (0)            ; 122 (0)         ; 0 (0)      ; |cn|lpm_divide:Mod0|lpm_divide_8pl:auto_generated                                                                          ; lpm_divide_8pl      ; work         ;
;          |sign_div_unsign_mlh:divider|  ; 224 (0)     ; 0            ; 0          ; 0    ; 0            ; 224 (0)      ; 0 (0)             ; 0 (0)            ; 122 (0)         ; 0 (0)      ; |cn|lpm_divide:Mod0|lpm_divide_8pl:auto_generated|sign_div_unsign_mlh:divider                                              ; sign_div_unsign_mlh ; work         ;
;             |alt_u_div_7le:divider|     ; 224 (102)   ; 0            ; 0          ; 0    ; 0            ; 224 (102)    ; 0 (0)             ; 0 (0)            ; 122 (0)         ; 0 (0)      ; |cn|lpm_divide:Mod0|lpm_divide_8pl:auto_generated|sign_div_unsign_mlh:divider|alt_u_div_7le:divider                        ; alt_u_div_7le       ; work         ;
;                |add_sub_h7c:add_sub_3|  ; 6 (6)       ; 0            ; 0          ; 0    ; 0            ; 6 (6)        ; 0 (0)             ; 0 (0)            ; 6 (6)           ; 0 (0)      ; |cn|lpm_divide:Mod0|lpm_divide_8pl:auto_generated|sign_div_unsign_mlh:divider|alt_u_div_7le:divider|add_sub_h7c:add_sub_3  ; add_sub_h7c         ; work         ;
;                |add_sub_i7c:add_sub_10| ; 7 (7)       ; 0            ; 0          ; 0    ; 0            ; 7 (7)        ; 0 (0)             ; 0 (0)            ; 7 (7)           ; 0 (0)      ; |cn|lpm_divide:Mod0|lpm_divide_8pl:auto_generated|sign_div_unsign_mlh:divider|alt_u_div_7le:divider|add_sub_i7c:add_sub_10 ; add_sub_i7c         ; work         ;
;                |add_sub_i7c:add_sub_11| ; 7 (7)       ; 0            ; 0          ; 0    ; 0            ; 7 (7)        ; 0 (0)             ; 0 (0)            ; 7 (7)           ; 0 (0)      ; |cn|lpm_divide:Mod0|lpm_divide_8pl:auto_generated|sign_div_unsign_mlh:divider|alt_u_div_7le:divider|add_sub_i7c:add_sub_11 ; add_sub_i7c         ; work         ;
;                |add_sub_i7c:add_sub_12| ; 7 (7)       ; 0            ; 0          ; 0    ; 0            ; 7 (7)        ; 0 (0)             ; 0 (0)            ; 7 (7)           ; 0 (0)      ; |cn|lpm_divide:Mod0|lpm_divide_8pl:auto_generated|sign_div_unsign_mlh:divider|alt_u_div_7le:divider|add_sub_i7c:add_sub_12 ; add_sub_i7c         ; work         ;
;                |add_sub_i7c:add_sub_13| ; 7 (7)       ; 0            ; 0          ; 0    ; 0            ; 7 (7)        ; 0 (0)             ; 0 (0)            ; 7 (7)           ; 0 (0)      ; |cn|lpm_divide:Mod0|lpm_divide_8pl:auto_generated|sign_div_unsign_mlh:divider|alt_u_div_7le:divider|add_sub_i7c:add_sub_13 ; add_sub_i7c         ; work         ;
;                |add_sub_i7c:add_sub_14| ; 7 (7)       ; 0            ; 0          ; 0    ; 0            ; 7 (7)        ; 0 (0)             ; 0 (0)            ; 7 (7)           ; 0 (0)      ; |cn|lpm_divide:Mod0|lpm_divide_8pl:auto_generated|sign_div_unsign_mlh:divider|alt_u_div_7le:divider|add_sub_i7c:add_sub_14 ; add_sub_i7c         ; work         ;
;                |add_sub_i7c:add_sub_15| ; 7 (7)       ; 0            ; 0          ; 0    ; 0            ; 7 (7)        ; 0 (0)             ; 0 (0)            ; 7 (7)           ; 0 (0)      ; |cn|lpm_divide:Mod0|lpm_divide_8pl:auto_generated|sign_div_unsign_mlh:divider|alt_u_div_7le:divider|add_sub_i7c:add_sub_15 ; add_sub_i7c         ; work         ;
;                |add_sub_i7c:add_sub_16| ; 7 (7)       ; 0            ; 0          ; 0    ; 0            ; 7 (7)        ; 0 (0)             ; 0 (0)            ; 7 (7)           ; 0 (0)      ; |cn|lpm_divide:Mod0|lpm_divide_8pl:auto_generated|sign_div_unsign_mlh:divider|alt_u_div_7le:divider|add_sub_i7c:add_sub_16 ; add_sub_i7c         ; work         ;
;                |add_sub_i7c:add_sub_17| ; 7 (7)       ; 0            ; 0          ; 0    ; 0            ; 7 (7)        ; 0 (0)             ; 0 (0)            ; 7 (7)           ; 0 (0)      ; |cn|lpm_divide:Mod0|lpm_divide_8pl:auto_generated|sign_div_unsign_mlh:divider|alt_u_div_7le:divider|add_sub_i7c:add_sub_17 ; add_sub_i7c         ; work         ;
;                |add_sub_i7c:add_sub_18| ; 6 (6)       ; 0            ; 0          ; 0    ; 0            ; 6 (6)        ; 0 (0)             ; 0 (0)            ; 6 (6)           ; 0 (0)      ; |cn|lpm_divide:Mod0|lpm_divide_8pl:auto_generated|sign_div_unsign_mlh:divider|alt_u_div_7le:divider|add_sub_i7c:add_sub_18 ; add_sub_i7c         ; work         ;
;                |add_sub_i7c:add_sub_19| ; 6 (6)       ; 0            ; 0          ; 0    ; 0            ; 6 (6)        ; 0 (0)             ; 0 (0)            ; 6 (6)           ; 0 (0)      ; |cn|lpm_divide:Mod0|lpm_divide_8pl:auto_generated|sign_div_unsign_mlh:divider|alt_u_div_7le:divider|add_sub_i7c:add_sub_19 ; add_sub_i7c         ; work         ;
;                |add_sub_i7c:add_sub_20| ; 6 (6)       ; 0            ; 0          ; 0    ; 0            ; 6 (6)        ; 0 (0)             ; 0 (0)            ; 6 (6)           ; 0 (0)      ; |cn|lpm_divide:Mod0|lpm_divide_8pl:auto_generated|sign_div_unsign_mlh:divider|alt_u_div_7le:divider|add_sub_i7c:add_sub_20 ; add_sub_i7c         ; work         ;
;                |add_sub_i7c:add_sub_4|  ; 7 (7)       ; 0            ; 0          ; 0    ; 0            ; 7 (7)        ; 0 (0)             ; 0 (0)            ; 7 (7)           ; 0 (0)      ; |cn|lpm_divide:Mod0|lpm_divide_8pl:auto_generated|sign_div_unsign_mlh:divider|alt_u_div_7le:divider|add_sub_i7c:add_sub_4  ; add_sub_i7c         ; work         ;
;                |add_sub_i7c:add_sub_5|  ; 7 (7)       ; 0            ; 0          ; 0    ; 0            ; 7 (7)        ; 0 (0)             ; 0 (0)            ; 7 (7)           ; 0 (0)      ; |cn|lpm_divide:Mod0|lpm_divide_8pl:auto_generated|sign_div_unsign_mlh:divider|alt_u_div_7le:divider|add_sub_i7c:add_sub_5  ; add_sub_i7c         ; work         ;
;                |add_sub_i7c:add_sub_6|  ; 7 (7)       ; 0            ; 0          ; 0    ; 0            ; 7 (7)        ; 0 (0)             ; 0 (0)            ; 7 (7)           ; 0 (0)      ; |cn|lpm_divide:Mod0|lpm_divide_8pl:auto_generated|sign_div_unsign_mlh:divider|alt_u_div_7le:divider|add_sub_i7c:add_sub_6  ; add_sub_i7c         ; work         ;
;                |add_sub_i7c:add_sub_7|  ; 7 (7)       ; 0            ; 0          ; 0    ; 0            ; 7 (7)        ; 0 (0)             ; 0 (0)            ; 7 (7)           ; 0 (0)      ; |cn|lpm_divide:Mod0|lpm_divide_8pl:auto_generated|sign_div_unsign_mlh:divider|alt_u_div_7le:divider|add_sub_i7c:add_sub_7  ; add_sub_i7c         ; work         ;
;                |add_sub_i7c:add_sub_8|  ; 7 (7)       ; 0            ; 0          ; 0    ; 0            ; 7 (7)        ; 0 (0)             ; 0 (0)            ; 7 (7)           ; 0 (0)      ; |cn|lpm_divide:Mod0|lpm_divide_8pl:auto_generated|sign_div_unsign_mlh:divider|alt_u_div_7le:divider|add_sub_i7c:add_sub_8  ; add_sub_i7c         ; work         ;
;                |add_sub_i7c:add_sub_9|  ; 7 (7)       ; 0            ; 0          ; 0    ; 0            ; 7 (7)        ; 0 (0)             ; 0 (0)            ; 7 (7)           ; 0 (0)      ; |cn|lpm_divide:Mod0|lpm_divide_8pl:auto_generated|sign_div_unsign_mlh:divider|alt_u_div_7le:divider|add_sub_i7c:add_sub_9  ; add_sub_i7c         ; work         ;
+-----------------------------------------+-------------+--------------+------------+------+--------------+--------------+-------------------+------------------+-----------------+------------+----------------------------------------------------------------------------------------------------------------------------+---------------------+--------------+
Note: For table entries with two numbers listed, the numbers in parentheses indicate the number of resources of the given type used by the specific entity alone. The numbers listed outside of parentheses indicate the total resources of the given type used by the specific entity and all of its sub-entities in the hierarchy.


+--------------------------------------------------------------------------------+
; Registers Removed During Synthesis                                             ;
+---------------------------------------+----------------------------------------+
; Register name                         ; Reason for Removal                     ;
+---------------------------------------+----------------------------------------+
; cat[7]~reg0                           ; Stuck at VCC due to stuck port data_in ;
; cat[6]~reg0                           ; Stuck at VCC due to stuck port data_in ;
; cat[5]~reg0                           ; Stuck at VCC due to stuck port data_in ;
; cat[4]~reg0                           ; Stuck at VCC due to stuck port data_in ;
; cat[3]~reg0                           ; Stuck at VCC due to stuck port data_in ;
; cat[2]~reg0                           ; Stuck at VCC due to stuck port data_in ;
; Total Number of Removed Registers = 6 ;                                        ;
+---------------------------------------+----------------------------------------+


+------------------------------------------------------+
; General Register Statistics                          ;
+----------------------------------------------+-------+
; Statistic                                    ; Value ;
+----------------------------------------------+-------+
; Total registers                              ; 45    ;
; Number of registers using Synchronous Clear  ; 2     ;
; Number of registers using Synchronous Load   ; 1     ;
; Number of registers using Asynchronous Clear ; 44    ;
; Number of registers using Asynchronous Load  ; 0     ;
; Number of registers using Clock Enable       ; 21    ;
; Number of registers using Preset             ; 0     ;
+----------------------------------------------+-------+


+--------------------------------------------------+
; Inverted Register Statistics                     ;
+----------------------------------------+---------+
; Inverted Register                      ; Fan out ;
+----------------------------------------+---------+
; cat[0]~reg0                            ; 1       ;
; cat[1]~reg0                            ; 1       ;
; control                                ; 22      ;
; Total number of inverted registers = 3 ;         ;
+----------------------------------------+---------+


+--------------------------------------------------------+
; Parameter Settings for User Entity Instance: divide:u2 ;
+----------------+-------+-------------------------------+
; Parameter Name ; Value ; Type                          ;
+----------------+-------+-------------------------------+
; WIDTH          ; 7     ; Signed Integer                ;
; N              ; 100   ; Signed Integer                ;
+----------------+-------+-------------------------------+
Note: In order to hide this table in the UI and the text report file, please set the "Show Parameter Settings in Synthesis Report" option in "Analysis and Synthesis Settings -> More Settings" to "Off".


+----------------------------------------------------------+
; Parameter Settings for User Entity Instance: debounce:u1 ;
+----------------+-------+---------------------------------+
; Parameter Name ; Value ; Type                            ;
+----------------+-------+---------------------------------+
; N              ; 1     ; Signed Integer                  ;
+----------------+-------+---------------------------------+
Note: In order to hide this table in the UI and the text report file, please set the "Show Parameter Settings in Synthesis Report" option in "Analysis and Synthesis Settings -> More Settings" to "Off".


+------------------------------------------------------------------+
; Parameter Settings for Inferred Entity Instance: lpm_divide:Mod0 ;
+------------------------+----------------+------------------------+
; Parameter Name         ; Value          ; Type                   ;
+------------------------+----------------+------------------------+
; LPM_WIDTHN             ; 21             ; Untyped                ;
; LPM_WIDTHD             ; 4              ; Untyped                ;
; LPM_NREPRESENTATION    ; UNSIGNED       ; Untyped                ;
; LPM_DREPRESENTATION    ; UNSIGNED       ; Untyped                ;
; LPM_PIPELINE           ; 0              ; Untyped                ;
; LPM_REMAINDERPOSITIVE  ; TRUE           ; Untyped                ;
; MAXIMIZE_SPEED         ; 5              ; Untyped                ;
; CBXI_PARAMETER         ; lpm_divide_8pl ; Untyped                ;
; CARRY_CHAIN            ; MANUAL         ; Untyped                ;
; OPTIMIZE_FOR_SPEED     ; 5              ; Untyped                ;
; AUTO_CARRY_CHAINS      ; ON             ; AUTO_CARRY             ;
; IGNORE_CARRY_BUFFERS   ; OFF            ; IGNORE_CARRY           ;
; AUTO_CASCADE_CHAINS    ; ON             ; AUTO_CASCADE           ;
; IGNORE_CASCADE_BUFFERS ; OFF            ; IGNORE_CASCADE         ;
+------------------------+----------------+------------------------+
Note: In order to hide this table in the UI and the text report file, please set the "Show Parameter Settings in Synthesis Report" option in "Analysis and Synthesis Settings -> More Settings" to "Off".


+------------------------------------------------------------------+
; Parameter Settings for Inferred Entity Instance: lpm_divide:Div0 ;
+------------------------+----------------+------------------------+
; Parameter Name         ; Value          ; Type                   ;
+------------------------+----------------+------------------------+
; LPM_WIDTHN             ; 21             ; Untyped                ;
; LPM_WIDTHD             ; 4              ; Untyped                ;
; LPM_NREPRESENTATION    ; UNSIGNED       ; Untyped                ;
; LPM_DREPRESENTATION    ; UNSIGNED       ; Untyped                ;
; LPM_PIPELINE           ; 0              ; Untyped                ;
; LPM_REMAINDERPOSITIVE  ; TRUE           ; Untyped                ;
; MAXIMIZE_SPEED         ; 5              ; Untyped                ;
; CBXI_PARAMETER         ; lpm_divide_51m ; Untyped                ;
; CARRY_CHAIN            ; MANUAL         ; Untyped                ;
; OPTIMIZE_FOR_SPEED     ; 5              ; Untyped                ;
; AUTO_CARRY_CHAINS      ; ON             ; AUTO_CARRY             ;
; IGNORE_CARRY_BUFFERS   ; OFF            ; IGNORE_CARRY           ;
; AUTO_CASCADE_CHAINS    ; ON             ; AUTO_CASCADE           ;
; IGNORE_CASCADE_BUFFERS ; OFF            ; IGNORE_CASCADE         ;
+------------------------+----------------+------------------------+
Note: In order to hide this table in the UI and the text report file, please set the "Show Parameter Settings in Synthesis Report" option in "Analysis and Synthesis Settings -> More Settings" to "Off".


+-------------------------------+
; Analysis & Synthesis Messages ;
+-------------------------------+
Info: *******************************************************************
Info: Running Quartus Prime Analysis & Synthesis
    Info: Version 22.1std.2 Build 922 07/20/2023 SC Lite Edition
    Info: Processing started: Thu Nov 30 09:53:26 2023
Info: Command: quartus_map --read_settings_files=on --write_settings_files=off cn -c cn
Warning (18236): Number of processors has not been specified which may cause overloading on shared machines.  Set the global assignment NUM_PARALLEL_PROCESSORS in your QSF to an appropriate value for best performance.
Info (20030): Parallel compilation is enabled and will use 14 of the 14 processors detected
Info (12021): Found 1 design units, including 1 entities, in source file cn.v
    Info (12023): Found entity 1: cn File: D:/ShuDianShiYan/cn/cn.v Line: 1
Warning (12090): Entity "divide" obtained from "divide.v" instead of from Quartus Prime megafunction library File: D:/ShuDianShiYan/cn/divide.v Line: 1
Info (12021): Found 1 design units, including 1 entities, in source file divide.v
    Info (12023): Found entity 1: divide File: D:/ShuDianShiYan/cn/divide.v Line: 1
Info (12021): Found 1 design units, including 1 entities, in source file cn_tb.v
    Info (12023): Found entity 1: cn_tb File: D:/ShuDianShiYan/cn/cn_tb.v Line: 2
Info (12127): Elaborating entity "cn" for the top level hierarchy
Warning (10230): Verilog HDL assignment warning at cn.v(30): truncated value with size 9 to match size of target (4) File: D:/ShuDianShiYan/cn/cn.v Line: 30
Warning (10230): Verilog HDL assignment warning at cn.v(34): truncated value with size 9 to match size of target (4) File: D:/ShuDianShiYan/cn/cn.v Line: 34
Warning (10230): Verilog HDL assignment warning at cn.v(81): truncated value with size 32 to match size of target (9) File: D:/ShuDianShiYan/cn/cn.v Line: 81
Warning (10230): Verilog HDL assignment warning at cn.v(82): truncated value with size 32 to match size of target (9) File: D:/ShuDianShiYan/cn/cn.v Line: 82
Warning (10230): Verilog HDL assignment warning at cn.v(84): truncated value with size 21 to match size of target (8) File: D:/ShuDianShiYan/cn/cn.v Line: 84
Info (12128): Elaborating entity "divide" for hierarchy "divide:u2" File: D:/ShuDianShiYan/cn/cn.v Line: 20
Warning (10230): Verilog HDL assignment warning at divide.v(21): truncated value with size 32 to match size of target (7) File: D:/ShuDianShiYan/cn/divide.v Line: 21
Warning (10230): Verilog HDL assignment warning at divide.v(42): truncated value with size 32 to match size of target (7) File: D:/ShuDianShiYan/cn/divide.v Line: 42
Warning (12125): Using design file debounce.v, which is not specified as a design file for the current project, but contains definitions for 1 design units and 1 entities in project
    Info (12023): Found entity 1: debounce File: D:/ShuDianShiYan/cn/debounce.v Line: 1
Info (12128): Elaborating entity "debounce" for hierarchy "debounce:u1" File: D:/ShuDianShiYan/cn/cn.v Line: 91
Info (278001): Inferred 2 megafunctions from design logic
    Info (278004): Inferred divider/modulo megafunction ("lpm_divide") from the following logic: "Mod0" File: D:/ShuDianShiYan/cn/cn.v Line: 82
    Info (278004): Inferred divider/modulo megafunction ("lpm_divide") from the following logic: "Div0" File: D:/ShuDianShiYan/cn/cn.v Line: 81
Info (12130): Elaborated megafunction instantiation "lpm_divide:Mod0" File: D:/ShuDianShiYan/cn/cn.v Line: 82
Info (12133): Instantiated megafunction "lpm_divide:Mod0" with the following parameter: File: D:/ShuDianShiYan/cn/cn.v Line: 82
    Info (12134): Parameter "LPM_WIDTHN" = "21"
    Info (12134): Parameter "LPM_WIDTHD" = "4"
    Info (12134): Parameter "LPM_NREPRESENTATION" = "UNSIGNED"
    Info (12134): Parameter "LPM_DREPRESENTATION" = "UNSIGNED"
Info (12021): Found 1 design units, including 1 entities, in source file db/lpm_divide_8pl.tdf
    Info (12023): Found entity 1: lpm_divide_8pl File: D:/ShuDianShiYan/cn/db/lpm_divide_8pl.tdf Line: 25
Info (12021): Found 1 design units, including 1 entities, in source file db/sign_div_unsign_mlh.tdf
    Info (12023): Found entity 1: sign_div_unsign_mlh File: D:/ShuDianShiYan/cn/db/sign_div_unsign_mlh.tdf Line: 25
Info (12021): Found 1 design units, including 1 entities, in source file db/alt_u_div_7le.tdf
    Info (12023): Found entity 1: alt_u_div_7le File: D:/ShuDianShiYan/cn/db/alt_u_div_7le.tdf Line: 33
Info (12021): Found 1 design units, including 1 entities, in source file db/add_sub_e7c.tdf
    Info (12023): Found entity 1: add_sub_e7c File: D:/ShuDianShiYan/cn/db/add_sub_e7c.tdf Line: 23
Info (12021): Found 1 design units, including 1 entities, in source file db/add_sub_f7c.tdf
    Info (12023): Found entity 1: add_sub_f7c File: D:/ShuDianShiYan/cn/db/add_sub_f7c.tdf Line: 23
Info (12021): Found 1 design units, including 1 entities, in source file db/add_sub_i7c.tdf
    Info (12023): Found entity 1: add_sub_i7c File: D:/ShuDianShiYan/cn/db/add_sub_i7c.tdf Line: 25
Info (12021): Found 1 design units, including 1 entities, in source file db/add_sub_g7c.tdf
    Info (12023): Found entity 1: add_sub_g7c File: D:/ShuDianShiYan/cn/db/add_sub_g7c.tdf Line: 25
Info (12021): Found 1 design units, including 1 entities, in source file db/add_sub_h7c.tdf
    Info (12023): Found entity 1: add_sub_h7c File: D:/ShuDianShiYan/cn/db/add_sub_h7c.tdf Line: 25
Info (12130): Elaborated megafunction instantiation "lpm_divide:Div0" File: D:/ShuDianShiYan/cn/cn.v Line: 81
Info (12133): Instantiated megafunction "lpm_divide:Div0" with the following parameter: File: D:/ShuDianShiYan/cn/cn.v Line: 81
    Info (12134): Parameter "LPM_WIDTHN" = "21"
    Info (12134): Parameter "LPM_WIDTHD" = "4"
    Info (12134): Parameter "LPM_NREPRESENTATION" = "UNSIGNED"
    Info (12134): Parameter "LPM_DREPRESENTATION" = "UNSIGNED"
Info (12021): Found 1 design units, including 1 entities, in source file db/lpm_divide_51m.tdf
    Info (12023): Found entity 1: lpm_divide_51m File: D:/ShuDianShiYan/cn/db/lpm_divide_51m.tdf Line: 25
Warning (13024): Output pins are stuck at VCC or GND
    Warning (13410): Pin "cat[2]" is stuck at VCC File: D:/ShuDianShiYan/cn/cn.v Line: 27
    Warning (13410): Pin "cat[3]" is stuck at VCC File: D:/ShuDianShiYan/cn/cn.v Line: 27
    Warning (13410): Pin "cat[4]" is stuck at VCC File: D:/ShuDianShiYan/cn/cn.v Line: 27
    Warning (13410): Pin "cat[5]" is stuck at VCC File: D:/ShuDianShiYan/cn/cn.v Line: 27
    Warning (13410): Pin "cat[6]" is stuck at VCC File: D:/ShuDianShiYan/cn/cn.v Line: 27
    Warning (13410): Pin "cat[7]" is stuck at VCC File: D:/ShuDianShiYan/cn/cn.v Line: 27
Info (18000): Registers with preset signals will power-up high File: D:/ShuDianShiYan/cn/cn.v Line: 27
Info (21057): Implemented 558 device resources after synthesis - the final resource count might be different
    Info (21058): Implemented 3 input pins
    Info (21059): Implemented 23 output pins
    Info (21061): Implemented 532 logic cells
Info: Quartus Prime Analysis & Synthesis was successful. 0 errors, 17 warnings
    Info: Peak virtual memory: 4727 megabytes
    Info: Processing ended: Thu Nov 30 09:53:33 2023
    Info: Elapsed time: 00:00:07
    Info: Total CPU time (on all processors): 00:00:05


