Timing Analyzer report for cn
Thu Nov 30 09:53:38 2023
Quartus Prime Version 22.1std.2 Build 922 07/20/2023 SC Lite Edition


---------------------
; Table of Contents ;
---------------------
  1. Legal Notice
  2. Timing Analyzer Summary
  3. Parallel Compilation
  4. Clocks
  5. Fmax Summary
  6. Setup Summary
  7. Hold Summary
  8. Recovery Summary
  9. Removal Summary
 10. Minimum Pulse Width Summary
 11. Setup: 'clk'
 12. Setup: 'divide:u2|clk_p'
 13. Setup: 'debounce:u1|key_sec[0]'
 14. Hold: 'clk'
 15. Hold: 'debounce:u1|key_sec[0]'
 16. Hold: 'divide:u2|clk_p'
 17. Setup Transfers
 18. Hold Transfers
 19. Report TCCS
 20. Report RSKM
 21. Unconstrained Paths Summary
 22. Clock Status Summary
 23. Unconstrained Input Ports
 24. Unconstrained Output Ports
 25. Unconstrained Input Ports
 26. Unconstrained Output Ports
 27. Timing Analyzer Messages



----------------
; Legal Notice ;
----------------
Copyright (C) 2023  Intel Corporation. All rights reserved.
Your use of Intel Corporation's design tools, logic functions 
and other software and tools, and any partner logic 
functions, and any output files from any of the foregoing 
(including device programming or simulation files), and any 
associated documentation or information are expressly subject 
to the terms and conditions of the Intel Program License 
Subscription Agreement, the Intel Quartus Prime License Agreement,
the Intel FPGA IP License Agreement, or other applicable license
agreement, including, without limitation, that your use is for
the sole purpose of programming logic devices manufactured by
Intel and sold by Intel or its authorized distributors.  Please
refer to the applicable agreement for further details, at
https://fpgasoftware.intel.com/eula.



+--------------------------------------------------------------------------------+
; Timing Analyzer Summary                                                        ;
+-----------------------+--------------------------------------------------------+
; Quartus Prime Version ; Version 22.1std.2 Build 922 07/20/2023 SC Lite Edition ;
; Timing Analyzer       ; Legacy Timing Analyzer                                 ;
; Revision Name         ; cn                                                     ;
; Device Family         ; MAX II                                                 ;
; Device Name           ; EPM1270T144C5                                          ;
; Timing Models         ; Final                                                  ;
; Delay Model           ; Slow Model                                             ;
; Rise/Fall Delays      ; Unavailable                                            ;
+-----------------------+--------------------------------------------------------+


+------------------------------------------+
; Parallel Compilation                     ;
+----------------------------+-------------+
; Processors                 ; Number      ;
+----------------------------+-------------+
; Number detected on machine ; 20          ;
; Maximum allowed            ; 14          ;
;                            ;             ;
; Average used               ; 1.00        ;
; Maximum used               ; 2           ;
;                            ;             ;
; Usage by Processor         ; % Time Used ;
;     Processor 1            ; 100.0%      ;
;     Processor 2            ;   0.0%      ;
+----------------------------+-------------+


+----------------------------------------------------------------------------------------------------------------------------------------------------------------------------------------------------------------+
; Clocks                                                                                                                                                                                                         ;
+------------------------+------+--------+------------+-------+-------+------------+-----------+-------------+-------+--------+-----------+------------+----------+--------+--------+----------------------------+
; Clock Name             ; Type ; Period ; Frequency  ; Rise  ; Fall  ; Duty Cycle ; Divide by ; Multiply by ; Phase ; Offset ; Edge List ; Edge Shift ; Inverted ; Master ; Source ; Targets                    ;
+------------------------+------+--------+------------+-------+-------+------------+-----------+-------------+-------+--------+-----------+------------+----------+--------+--------+----------------------------+
; clk                    ; Base ; 1.000  ; 1000.0 MHz ; 0.000 ; 0.500 ;            ;           ;             ;       ;        ;           ;            ;          ;        ;        ; { clk }                    ;
; debounce:u1|key_sec[0] ; Base ; 1.000  ; 1000.0 MHz ; 0.000 ; 0.500 ;            ;           ;             ;       ;        ;           ;            ;          ;        ;        ; { debounce:u1|key_sec[0] } ;
; divide:u2|clk_p        ; Base ; 1.000  ; 1000.0 MHz ; 0.000 ; 0.500 ;            ;           ;             ;       ;        ;           ;            ;          ;        ;        ; { divide:u2|clk_p }        ;
+------------------------+------+--------+------------+-------+-------+------------+-----------+-------------+-------+--------+-----------+------------+----------+--------+--------+----------------------------+


+--------------------------------------------------------------+
; Fmax Summary                                                 ;
+------------+-----------------+------------------------+------+
; Fmax       ; Restricted Fmax ; Clock Name             ; Note ;
+------------+-----------------+------------------------+------+
; 102.23 MHz ; 102.23 MHz      ; divide:u2|clk_p        ;      ;
; 159.82 MHz ; 159.82 MHz      ; clk                    ;      ;
; 455.79 MHz ; 455.79 MHz      ; debounce:u1|key_sec[0] ;      ;
+------------+-----------------+------------------------+------+
This panel reports FMAX for every clock in the design, regardless of the user-specified clock periods.  FMAX is only computed for paths where the source and destination registers or ports are driven by the same clock.  Paths of different clocks, including generated clocks, are ignored.  For paths between a clock and its inversion, FMAX is computed as if the rising and falling edges are scaled along with FMAX, such that the duty cycle (in terms of a percentage) is maintained. Altera recommends that you always use clock constraints and other slack reports for sign-off analysis.


+--------------------------------------------------+
; Setup Summary                                    ;
+------------------------+---------+---------------+
; Clock                  ; Slack   ; End Point TNS ;
+------------------------+---------+---------------+
; clk                    ; -97.015 ; -439.199      ;
; divide:u2|clk_p        ; -8.782  ; -160.142      ;
; debounce:u1|key_sec[0] ; -1.194  ; -1.194        ;
+------------------------+---------+---------------+


+-------------------------------------------------+
; Hold Summary                                    ;
+------------------------+--------+---------------+
; Clock                  ; Slack  ; End Point TNS ;
+------------------------+--------+---------------+
; clk                    ; -2.395 ; -4.453        ;
; debounce:u1|key_sec[0] ; 1.640  ; 0.000         ;
; divide:u2|clk_p        ; 2.975  ; 0.000         ;
+------------------------+--------+---------------+


--------------------
; Recovery Summary ;
--------------------
No paths to report.


-------------------
; Removal Summary ;
-------------------
No paths to report.


+-------------------------------------------------+
; Minimum Pulse Width Summary                     ;
+------------------------+--------+---------------+
; Clock                  ; Slack  ; End Point TNS ;
+------------------------+--------+---------------+
; clk                    ; -2.289 ; -2.289        ;
; debounce:u1|key_sec[0] ; 0.234  ; 0.000         ;
; divide:u2|clk_p        ; 0.234  ; 0.000         ;
+------------------------+--------+---------------+


+----------------------------------------------------------------------------------------------------------------------------+
; Setup: 'clk'                                                                                                               ;
+---------+--------------------+--------------------+-----------------+-------------+--------------+------------+------------+
; Slack   ; From Node          ; To Node            ; Launch Clock    ; Latch Clock ; Relationship ; Clock Skew ; Data Delay ;
+---------+--------------------+--------------------+-----------------+-------------+--------------+------------+------------+
; -97.015 ; out[18]            ; bin[0]             ; divide:u2|clk_p ; clk         ; 1.000        ; -0.122     ; 97.560     ;
; -95.024 ; out[19]            ; bin[0]             ; divide:u2|clk_p ; clk         ; 1.000        ; -0.122     ; 95.569     ;
; -94.898 ; out[20]            ; bin[0]             ; divide:u2|clk_p ; clk         ; 1.000        ; -0.122     ; 95.443     ;
; -94.849 ; out[18]            ; bin[3]             ; divide:u2|clk_p ; clk         ; 1.000        ; -0.122     ; 95.394     ;
; -94.847 ; out[18]            ; bin[2]             ; divide:u2|clk_p ; clk         ; 1.000        ; -0.122     ; 95.392     ;
; -94.683 ; out[18]            ; bin[1]             ; divide:u2|clk_p ; clk         ; 1.000        ; -0.122     ; 95.228     ;
; -93.223 ; out[17]            ; bin[0]             ; divide:u2|clk_p ; clk         ; 1.000        ; -0.122     ; 93.768     ;
; -92.692 ; out[19]            ; bin[1]             ; divide:u2|clk_p ; clk         ; 1.000        ; -0.122     ; 93.237     ;
; -92.566 ; out[20]            ; bin[1]             ; divide:u2|clk_p ; clk         ; 1.000        ; -0.122     ; 93.111     ;
; -91.816 ; out[19]            ; bin[3]             ; divide:u2|clk_p ; clk         ; 1.000        ; -0.122     ; 92.361     ;
; -91.814 ; out[19]            ; bin[2]             ; divide:u2|clk_p ; clk         ; 1.000        ; -0.122     ; 92.359     ;
; -91.458 ; out[20]            ; bin[3]             ; divide:u2|clk_p ; clk         ; 1.000        ; -0.122     ; 92.003     ;
; -91.456 ; out[20]            ; bin[2]             ; divide:u2|clk_p ; clk         ; 1.000        ; -0.122     ; 92.001     ;
; -90.891 ; out[17]            ; bin[1]             ; divide:u2|clk_p ; clk         ; 1.000        ; -0.122     ; 91.436     ;
; -90.751 ; out[17]            ; bin[3]             ; divide:u2|clk_p ; clk         ; 1.000        ; -0.122     ; 91.296     ;
; -90.749 ; out[17]            ; bin[2]             ; divide:u2|clk_p ; clk         ; 1.000        ; -0.122     ; 91.294     ;
; -87.361 ; out[16]            ; bin[0]             ; divide:u2|clk_p ; clk         ; 1.000        ; -0.122     ; 87.906     ;
; -86.672 ; out[16]            ; bin[3]             ; divide:u2|clk_p ; clk         ; 1.000        ; -0.122     ; 87.217     ;
; -86.670 ; out[16]            ; bin[2]             ; divide:u2|clk_p ; clk         ; 1.000        ; -0.122     ; 87.215     ;
; -85.488 ; out[16]            ; bin[1]             ; divide:u2|clk_p ; clk         ; 1.000        ; -0.122     ; 86.033     ;
; -81.410 ; out[15]            ; bin[3]             ; divide:u2|clk_p ; clk         ; 1.000        ; -0.122     ; 81.955     ;
; -81.408 ; out[15]            ; bin[2]             ; divide:u2|clk_p ; clk         ; 1.000        ; -0.122     ; 81.953     ;
; -80.226 ; out[15]            ; bin[1]             ; divide:u2|clk_p ; clk         ; 1.000        ; -0.122     ; 80.771     ;
; -79.241 ; out[15]            ; bin[0]             ; divide:u2|clk_p ; clk         ; 1.000        ; -0.122     ; 79.786     ;
; -75.287 ; out[14]            ; bin[3]             ; divide:u2|clk_p ; clk         ; 1.000        ; -0.122     ; 75.832     ;
; -75.285 ; out[14]            ; bin[2]             ; divide:u2|clk_p ; clk         ; 1.000        ; -0.122     ; 75.830     ;
; -74.805 ; out[14]            ; bin[0]             ; divide:u2|clk_p ; clk         ; 1.000        ; -0.122     ; 75.350     ;
; -74.103 ; out[14]            ; bin[1]             ; divide:u2|clk_p ; clk         ; 1.000        ; -0.122     ; 74.648     ;
; -70.357 ; out[13]            ; bin[3]             ; divide:u2|clk_p ; clk         ; 1.000        ; -0.122     ; 70.902     ;
; -70.355 ; out[13]            ; bin[2]             ; divide:u2|clk_p ; clk         ; 1.000        ; -0.122     ; 70.900     ;
; -69.943 ; out[13]            ; bin[0]             ; divide:u2|clk_p ; clk         ; 1.000        ; -0.122     ; 70.488     ;
; -69.173 ; out[13]            ; bin[1]             ; divide:u2|clk_p ; clk         ; 1.000        ; -0.122     ; 69.718     ;
; -65.314 ; out[12]            ; bin[3]             ; divide:u2|clk_p ; clk         ; 1.000        ; -0.122     ; 65.859     ;
; -65.312 ; out[12]            ; bin[2]             ; divide:u2|clk_p ; clk         ; 1.000        ; -0.122     ; 65.857     ;
; -64.130 ; out[12]            ; bin[1]             ; divide:u2|clk_p ; clk         ; 1.000        ; -0.122     ; 64.675     ;
; -63.790 ; out[12]            ; bin[0]             ; divide:u2|clk_p ; clk         ; 1.000        ; -0.122     ; 64.335     ;
; -60.088 ; out[11]            ; bin[3]             ; divide:u2|clk_p ; clk         ; 1.000        ; -0.122     ; 60.633     ;
; -60.086 ; out[11]            ; bin[2]             ; divide:u2|clk_p ; clk         ; 1.000        ; -0.122     ; 60.631     ;
; -58.904 ; out[11]            ; bin[1]             ; divide:u2|clk_p ; clk         ; 1.000        ; -0.122     ; 59.449     ;
; -58.409 ; out[11]            ; bin[0]             ; divide:u2|clk_p ; clk         ; 1.000        ; -0.122     ; 58.954     ;
; -55.505 ; out[10]            ; bin[3]             ; divide:u2|clk_p ; clk         ; 1.000        ; -0.122     ; 56.050     ;
; -55.503 ; out[10]            ; bin[2]             ; divide:u2|clk_p ; clk         ; 1.000        ; -0.122     ; 56.048     ;
; -54.321 ; out[10]            ; bin[1]             ; divide:u2|clk_p ; clk         ; 1.000        ; -0.122     ; 54.866     ;
; -52.700 ; out[10]            ; bin[0]             ; divide:u2|clk_p ; clk         ; 1.000        ; -0.122     ; 53.245     ;
; -49.773 ; out[9]             ; bin[3]             ; divide:u2|clk_p ; clk         ; 1.000        ; -0.122     ; 50.318     ;
; -49.771 ; out[9]             ; bin[2]             ; divide:u2|clk_p ; clk         ; 1.000        ; -0.122     ; 50.316     ;
; -48.990 ; out[9]             ; bin[0]             ; divide:u2|clk_p ; clk         ; 1.000        ; -0.122     ; 49.535     ;
; -48.589 ; out[9]             ; bin[1]             ; divide:u2|clk_p ; clk         ; 1.000        ; -0.122     ; 49.134     ;
; -45.656 ; out[8]             ; bin[3]             ; divide:u2|clk_p ; clk         ; 1.000        ; -0.122     ; 46.201     ;
; -45.654 ; out[8]             ; bin[2]             ; divide:u2|clk_p ; clk         ; 1.000        ; -0.122     ; 46.199     ;
; -44.513 ; out[8]             ; bin[0]             ; divide:u2|clk_p ; clk         ; 1.000        ; -0.122     ; 45.058     ;
; -44.472 ; out[8]             ; bin[1]             ; divide:u2|clk_p ; clk         ; 1.000        ; -0.122     ; 45.017     ;
; -38.759 ; out[7]             ; bin[0]             ; divide:u2|clk_p ; clk         ; 1.000        ; -0.122     ; 39.304     ;
; -38.558 ; out[7]             ; bin[3]             ; divide:u2|clk_p ; clk         ; 1.000        ; -0.122     ; 39.103     ;
; -38.556 ; out[7]             ; bin[2]             ; divide:u2|clk_p ; clk         ; 1.000        ; -0.122     ; 39.101     ;
; -37.374 ; out[7]             ; bin[1]             ; divide:u2|clk_p ; clk         ; 1.000        ; -0.122     ; 37.919     ;
; -34.671 ; out[6]             ; bin[0]             ; divide:u2|clk_p ; clk         ; 1.000        ; -0.122     ; 35.216     ;
; -34.197 ; out[6]             ; bin[3]             ; divide:u2|clk_p ; clk         ; 1.000        ; -0.122     ; 34.742     ;
; -34.195 ; out[6]             ; bin[2]             ; divide:u2|clk_p ; clk         ; 1.000        ; -0.122     ; 34.740     ;
; -33.013 ; out[6]             ; bin[1]             ; divide:u2|clk_p ; clk         ; 1.000        ; -0.122     ; 33.558     ;
; -30.563 ; out[5]             ; bin[3]             ; divide:u2|clk_p ; clk         ; 1.000        ; -0.122     ; 31.108     ;
; -30.561 ; out[5]             ; bin[2]             ; divide:u2|clk_p ; clk         ; 1.000        ; -0.122     ; 31.106     ;
; -29.379 ; out[5]             ; bin[1]             ; divide:u2|clk_p ; clk         ; 1.000        ; -0.122     ; 29.924     ;
; -28.541 ; out[5]             ; bin[0]             ; divide:u2|clk_p ; clk         ; 1.000        ; -0.122     ; 29.086     ;
; -25.562 ; out[4]             ; bin[3]             ; divide:u2|clk_p ; clk         ; 1.000        ; -0.122     ; 26.107     ;
; -25.560 ; out[4]             ; bin[2]             ; divide:u2|clk_p ; clk         ; 1.000        ; -0.122     ; 26.105     ;
; -24.450 ; out[4]             ; bin[0]             ; divide:u2|clk_p ; clk         ; 1.000        ; -0.122     ; 24.995     ;
; -24.378 ; out[4]             ; bin[1]             ; divide:u2|clk_p ; clk         ; 1.000        ; -0.122     ; 24.923     ;
; -21.682 ; out[3]             ; bin[3]             ; divide:u2|clk_p ; clk         ; 1.000        ; -0.122     ; 22.227     ;
; -21.680 ; out[3]             ; bin[2]             ; divide:u2|clk_p ; clk         ; 1.000        ; -0.122     ; 22.225     ;
; -20.498 ; out[3]             ; bin[1]             ; divide:u2|clk_p ; clk         ; 1.000        ; -0.122     ; 21.043     ;
; -20.382 ; out[3]             ; bin[0]             ; divide:u2|clk_p ; clk         ; 1.000        ; -0.122     ; 20.927     ;
; -15.941 ; out[2]             ; bin[3]             ; divide:u2|clk_p ; clk         ; 1.000        ; -0.122     ; 16.486     ;
; -15.939 ; out[2]             ; bin[2]             ; divide:u2|clk_p ; clk         ; 1.000        ; -0.122     ; 16.484     ;
; -14.757 ; out[2]             ; bin[1]             ; divide:u2|clk_p ; clk         ; 1.000        ; -0.122     ; 15.302     ;
; -13.055 ; out[2]             ; bin[0]             ; divide:u2|clk_p ; clk         ; 1.000        ; -0.122     ; 13.600     ;
; -10.558 ; out[1]             ; bin[3]             ; divide:u2|clk_p ; clk         ; 1.000        ; -0.122     ; 11.103     ;
; -10.556 ; out[1]             ; bin[2]             ; divide:u2|clk_p ; clk         ; 1.000        ; -0.122     ; 11.101     ;
; -9.374  ; out[1]             ; bin[1]             ; divide:u2|clk_p ; clk         ; 1.000        ; -0.122     ; 9.919      ;
; -6.806  ; out[1]             ; bin[0]             ; divide:u2|clk_p ; clk         ; 1.000        ; -0.122     ; 7.351      ;
; -5.257  ; divide:u2|cnt_p[0] ; divide:u2|cnt_p[5] ; clk             ; clk         ; 1.000        ; 0.000      ; 5.924      ;
; -5.009  ; divide:u2|cnt_p[0] ; divide:u2|cnt_p[6] ; clk             ; clk         ; 1.000        ; 0.000      ; 5.676      ;
; -4.980  ; divide:u2|cnt_p[3] ; divide:u2|cnt_p[5] ; clk             ; clk         ; 1.000        ; 0.000      ; 5.647      ;
; -4.976  ; divide:u2|cnt_p[2] ; divide:u2|cnt_p[5] ; clk             ; clk         ; 1.000        ; 0.000      ; 5.643      ;
; -4.928  ; divide:u2|cnt_p[1] ; divide:u2|cnt_p[5] ; clk             ; clk         ; 1.000        ; 0.000      ; 5.595      ;
; -4.863  ; divide:u2|cnt_p[0] ; divide:u2|cnt_p[3] ; clk             ; clk         ; 1.000        ; 0.000      ; 5.530      ;
; -4.732  ; divide:u2|cnt_p[3] ; divide:u2|cnt_p[6] ; clk             ; clk         ; 1.000        ; 0.000      ; 5.399      ;
; -4.728  ; divide:u2|cnt_p[2] ; divide:u2|cnt_p[6] ; clk             ; clk         ; 1.000        ; 0.000      ; 5.395      ;
; -4.680  ; divide:u2|cnt_p[1] ; divide:u2|cnt_p[6] ; clk             ; clk         ; 1.000        ; 0.000      ; 5.347      ;
; -4.582  ; divide:u2|cnt_p[2] ; divide:u2|cnt_p[3] ; clk             ; clk         ; 1.000        ; 0.000      ; 5.249      ;
; -4.534  ; divide:u2|cnt_p[1] ; divide:u2|cnt_p[3] ; clk             ; clk         ; 1.000        ; 0.000      ; 5.201      ;
; -4.438  ; divide:u2|cnt_p[0] ; divide:u2|cnt_p[2] ; clk             ; clk         ; 1.000        ; 0.000      ; 5.105      ;
; -4.360  ; divide:u2|cnt_p[5] ; divide:u2|cnt_p[6] ; clk             ; clk         ; 1.000        ; 0.000      ; 5.027      ;
; -4.295  ; divide:u2|cnt_p[0] ; divide:u2|cnt_p[4] ; clk             ; clk         ; 1.000        ; 0.000      ; 4.962      ;
; -4.248  ; divide:u2|cnt_p[2] ; divide:u2|cnt_p[2] ; clk             ; clk         ; 1.000        ; 0.000      ; 4.915      ;
; -4.201  ; divide:u2|cnt_p[4] ; divide:u2|cnt_p[2] ; clk             ; clk         ; 1.000        ; 0.000      ; 4.868      ;
; -4.197  ; divide:u2|cnt_p[4] ; divide:u2|cnt_p[6] ; clk             ; clk         ; 1.000        ; 0.000      ; 4.864      ;
; -4.195  ; divide:u2|cnt_p[4] ; divide:u2|cnt_p[5] ; clk             ; clk         ; 1.000        ; 0.000      ; 4.862      ;
; -4.122  ; divide:u2|cnt_p[6] ; divide:u2|cnt_p[2] ; clk             ; clk         ; 1.000        ; 0.000      ; 4.789      ;
; -4.118  ; divide:u2|cnt_p[6] ; divide:u2|cnt_p[6] ; clk             ; clk         ; 1.000        ; 0.000      ; 4.785      ;
+---------+--------------------+--------------------+-----------------+-------------+--------------+------------+------------+


+-----------------------------------------------------------------------------------------------------------+
; Setup: 'divide:u2|clk_p'                                                                                  ;
+--------+-----------+---------+-----------------+-----------------+--------------+------------+------------+
; Slack  ; From Node ; To Node ; Launch Clock    ; Latch Clock     ; Relationship ; Clock Skew ; Data Delay ;
+--------+-----------+---------+-----------------+-----------------+--------------+------------+------------+
; -8.782 ; out[16]   ; out[4]  ; divide:u2|clk_p ; divide:u2|clk_p ; 1.000        ; 0.000      ; 9.449      ;
; -8.751 ; out[5]    ; out[14] ; divide:u2|clk_p ; divide:u2|clk_p ; 1.000        ; 0.000      ; 9.418      ;
; -8.747 ; out[0]    ; out[14] ; divide:u2|clk_p ; divide:u2|clk_p ; 1.000        ; 0.000      ; 9.414      ;
; -8.655 ; out[12]   ; out[4]  ; divide:u2|clk_p ; divide:u2|clk_p ; 1.000        ; 0.000      ; 9.322      ;
; -8.627 ; out[0]    ; out[9]  ; divide:u2|clk_p ; divide:u2|clk_p ; 1.000        ; 0.000      ; 9.294      ;
; -8.559 ; out[10]   ; out[4]  ; divide:u2|clk_p ; divide:u2|clk_p ; 1.000        ; 0.000      ; 9.226      ;
; -8.536 ; out[13]   ; out[14] ; divide:u2|clk_p ; divide:u2|clk_p ; 1.000        ; 0.000      ; 9.203      ;
; -8.525 ; out[14]   ; out[4]  ; divide:u2|clk_p ; divide:u2|clk_p ; 1.000        ; 0.000      ; 9.192      ;
; -8.373 ; out[6]    ; out[14] ; divide:u2|clk_p ; divide:u2|clk_p ; 1.000        ; 0.000      ; 9.040      ;
; -8.356 ; out[2]    ; out[14] ; divide:u2|clk_p ; divide:u2|clk_p ; 1.000        ; 0.000      ; 9.023      ;
; -8.252 ; out[5]    ; out[18] ; divide:u2|clk_p ; divide:u2|clk_p ; 1.000        ; 0.000      ; 8.919      ;
; -8.248 ; out[0]    ; out[18] ; divide:u2|clk_p ; divide:u2|clk_p ; 1.000        ; 0.000      ; 8.915      ;
; -8.247 ; out[13]   ; out[18] ; divide:u2|clk_p ; divide:u2|clk_p ; 1.000        ; 0.000      ; 8.914      ;
; -8.236 ; out[2]    ; out[9]  ; divide:u2|clk_p ; divide:u2|clk_p ; 1.000        ; 0.000      ; 8.903      ;
; -8.197 ; out[5]    ; out[9]  ; divide:u2|clk_p ; divide:u2|clk_p ; 1.000        ; 0.000      ; 8.864      ;
; -8.154 ; out[5]    ; out[17] ; divide:u2|clk_p ; divide:u2|clk_p ; 1.000        ; 0.000      ; 8.821      ;
; -8.153 ; out[5]    ; out[10] ; divide:u2|clk_p ; divide:u2|clk_p ; 1.000        ; 0.000      ; 8.820      ;
; -8.150 ; out[0]    ; out[17] ; divide:u2|clk_p ; divide:u2|clk_p ; 1.000        ; 0.000      ; 8.817      ;
; -8.149 ; out[13]   ; out[17] ; divide:u2|clk_p ; divide:u2|clk_p ; 1.000        ; 0.000      ; 8.816      ;
; -8.149 ; out[0]    ; out[10] ; divide:u2|clk_p ; divide:u2|clk_p ; 1.000        ; 0.000      ; 8.816      ;
; -8.134 ; out[5]    ; out[16] ; divide:u2|clk_p ; divide:u2|clk_p ; 1.000        ; 0.000      ; 8.801      ;
; -8.130 ; out[0]    ; out[16] ; divide:u2|clk_p ; divide:u2|clk_p ; 1.000        ; 0.000      ; 8.797      ;
; -8.129 ; out[13]   ; out[16] ; divide:u2|clk_p ; divide:u2|clk_p ; 1.000        ; 0.000      ; 8.796      ;
; -8.067 ; out[16]   ; out[2]  ; divide:u2|clk_p ; divide:u2|clk_p ; 1.000        ; 0.000      ; 8.734      ;
; -8.051 ; out[1]    ; out[14] ; divide:u2|clk_p ; divide:u2|clk_p ; 1.000        ; 0.000      ; 8.718      ;
; -8.032 ; out[7]    ; out[14] ; divide:u2|clk_p ; divide:u2|clk_p ; 1.000        ; 0.000      ; 8.699      ;
; -7.969 ; out[10]   ; out[14] ; divide:u2|clk_p ; divide:u2|clk_p ; 1.000        ; 0.000      ; 8.636      ;
; -7.940 ; out[12]   ; out[2]  ; divide:u2|clk_p ; divide:u2|clk_p ; 1.000        ; 0.000      ; 8.607      ;
; -7.931 ; out[1]    ; out[9]  ; divide:u2|clk_p ; divide:u2|clk_p ; 1.000        ; 0.000      ; 8.598      ;
; -7.919 ; out[15]   ; out[4]  ; divide:u2|clk_p ; divide:u2|clk_p ; 1.000        ; 0.000      ; 8.586      ;
; -7.874 ; out[6]    ; out[18] ; divide:u2|clk_p ; divide:u2|clk_p ; 1.000        ; 0.000      ; 8.541      ;
; -7.860 ; out[9]    ; out[4]  ; divide:u2|clk_p ; divide:u2|clk_p ; 1.000        ; 0.000      ; 8.527      ;
; -7.857 ; out[2]    ; out[18] ; divide:u2|clk_p ; divide:u2|clk_p ; 1.000        ; 0.000      ; 8.524      ;
; -7.848 ; out[5]    ; out[19] ; divide:u2|clk_p ; divide:u2|clk_p ; 1.000        ; 0.000      ; 8.515      ;
; -7.844 ; out[10]   ; out[2]  ; divide:u2|clk_p ; divide:u2|clk_p ; 1.000        ; 0.000      ; 8.511      ;
; -7.844 ; out[0]    ; out[19] ; divide:u2|clk_p ; divide:u2|clk_p ; 1.000        ; 0.000      ; 8.511      ;
; -7.843 ; out[13]   ; out[19] ; divide:u2|clk_p ; divide:u2|clk_p ; 1.000        ; 0.000      ; 8.510      ;
; -7.819 ; out[6]    ; out[9]  ; divide:u2|clk_p ; divide:u2|clk_p ; 1.000        ; 0.000      ; 8.486      ;
; -7.810 ; out[14]   ; out[2]  ; divide:u2|clk_p ; divide:u2|clk_p ; 1.000        ; 0.000      ; 8.477      ;
; -7.776 ; out[6]    ; out[17] ; divide:u2|clk_p ; divide:u2|clk_p ; 1.000        ; 0.000      ; 8.443      ;
; -7.775 ; out[6]    ; out[10] ; divide:u2|clk_p ; divide:u2|clk_p ; 1.000        ; 0.000      ; 8.442      ;
; -7.759 ; out[2]    ; out[17] ; divide:u2|clk_p ; divide:u2|clk_p ; 1.000        ; 0.000      ; 8.426      ;
; -7.758 ; out[2]    ; out[10] ; divide:u2|clk_p ; divide:u2|clk_p ; 1.000        ; 0.000      ; 8.425      ;
; -7.756 ; out[6]    ; out[16] ; divide:u2|clk_p ; divide:u2|clk_p ; 1.000        ; 0.000      ; 8.423      ;
; -7.741 ; out[12]   ; out[14] ; divide:u2|clk_p ; divide:u2|clk_p ; 1.000        ; 0.000      ; 8.408      ;
; -7.739 ; out[2]    ; out[16] ; divide:u2|clk_p ; divide:u2|clk_p ; 1.000        ; 0.000      ; 8.406      ;
; -7.680 ; out[10]   ; out[18] ; divide:u2|clk_p ; divide:u2|clk_p ; 1.000        ; 0.000      ; 8.347      ;
; -7.667 ; out[20]   ; out[4]  ; divide:u2|clk_p ; divide:u2|clk_p ; 1.000        ; 0.000      ; 8.334      ;
; -7.658 ; out[0]    ; out[5]  ; divide:u2|clk_p ; divide:u2|clk_p ; 1.000        ; 0.000      ; 8.325      ;
; -7.644 ; out[0]    ; out[6]  ; divide:u2|clk_p ; divide:u2|clk_p ; 1.000        ; 0.000      ; 8.311      ;
; -7.641 ; out[4]    ; out[14] ; divide:u2|clk_p ; divide:u2|clk_p ; 1.000        ; 0.000      ; 8.308      ;
; -7.620 ; out[5]    ; out[12] ; divide:u2|clk_p ; divide:u2|clk_p ; 1.000        ; 0.000      ; 8.287      ;
; -7.616 ; out[0]    ; out[12] ; divide:u2|clk_p ; divide:u2|clk_p ; 1.000        ; 0.000      ; 8.283      ;
; -7.582 ; out[10]   ; out[17] ; divide:u2|clk_p ; divide:u2|clk_p ; 1.000        ; 0.000      ; 8.249      ;
; -7.565 ; out[18]   ; out[4]  ; divide:u2|clk_p ; divide:u2|clk_p ; 1.000        ; 0.000      ; 8.232      ;
; -7.562 ; out[10]   ; out[16] ; divide:u2|clk_p ; divide:u2|clk_p ; 1.000        ; 0.000      ; 8.229      ;
; -7.553 ; out[0]    ; out[7]  ; divide:u2|clk_p ; divide:u2|clk_p ; 1.000        ; 0.000      ; 8.220      ;
; -7.552 ; out[1]    ; out[18] ; divide:u2|clk_p ; divide:u2|clk_p ; 1.000        ; 0.000      ; 8.219      ;
; -7.547 ; out[8]    ; out[4]  ; divide:u2|clk_p ; divide:u2|clk_p ; 1.000        ; 0.000      ; 8.214      ;
; -7.547 ; out[17]   ; out[4]  ; divide:u2|clk_p ; divide:u2|clk_p ; 1.000        ; 0.000      ; 8.214      ;
; -7.533 ; out[7]    ; out[18] ; divide:u2|clk_p ; divide:u2|clk_p ; 1.000        ; 0.000      ; 8.200      ;
; -7.530 ; out[3]    ; out[14] ; divide:u2|clk_p ; divide:u2|clk_p ; 1.000        ; 0.000      ; 8.197      ;
; -7.523 ; out[11]   ; out[4]  ; divide:u2|clk_p ; divide:u2|clk_p ; 1.000        ; 0.000      ; 8.190      ;
; -7.521 ; out[4]    ; out[9]  ; divide:u2|clk_p ; divide:u2|clk_p ; 1.000        ; 0.000      ; 8.188      ;
; -7.509 ; out[5]    ; out[13] ; divide:u2|clk_p ; divide:u2|clk_p ; 1.000        ; 0.000      ; 8.176      ;
; -7.505 ; out[0]    ; out[13] ; divide:u2|clk_p ; divide:u2|clk_p ; 1.000        ; 0.000      ; 8.172      ;
; -7.480 ; out[5]    ; out[15] ; divide:u2|clk_p ; divide:u2|clk_p ; 1.000        ; 0.000      ; 8.147      ;
; -7.478 ; out[7]    ; out[9]  ; divide:u2|clk_p ; divide:u2|clk_p ; 1.000        ; 0.000      ; 8.145      ;
; -7.476 ; out[0]    ; out[15] ; divide:u2|clk_p ; divide:u2|clk_p ; 1.000        ; 0.000      ; 8.143      ;
; -7.475 ; out[13]   ; out[15] ; divide:u2|clk_p ; divide:u2|clk_p ; 1.000        ; 0.000      ; 8.142      ;
; -7.470 ; out[6]    ; out[19] ; divide:u2|clk_p ; divide:u2|clk_p ; 1.000        ; 0.000      ; 8.137      ;
; -7.454 ; out[1]    ; out[17] ; divide:u2|clk_p ; divide:u2|clk_p ; 1.000        ; 0.000      ; 8.121      ;
; -7.453 ; out[1]    ; out[10] ; divide:u2|clk_p ; divide:u2|clk_p ; 1.000        ; 0.000      ; 8.120      ;
; -7.453 ; out[2]    ; out[19] ; divide:u2|clk_p ; divide:u2|clk_p ; 1.000        ; 0.000      ; 8.120      ;
; -7.452 ; out[12]   ; out[18] ; divide:u2|clk_p ; divide:u2|clk_p ; 1.000        ; 0.000      ; 8.119      ;
; -7.435 ; out[7]    ; out[17] ; divide:u2|clk_p ; divide:u2|clk_p ; 1.000        ; 0.000      ; 8.102      ;
; -7.434 ; out[7]    ; out[10] ; divide:u2|clk_p ; divide:u2|clk_p ; 1.000        ; 0.000      ; 8.101      ;
; -7.434 ; out[1]    ; out[16] ; divide:u2|clk_p ; divide:u2|clk_p ; 1.000        ; 0.000      ; 8.101      ;
; -7.415 ; out[7]    ; out[16] ; divide:u2|clk_p ; divide:u2|clk_p ; 1.000        ; 0.000      ; 8.082      ;
; -7.410 ; out[3]    ; out[9]  ; divide:u2|clk_p ; divide:u2|clk_p ; 1.000        ; 0.000      ; 8.077      ;
; -7.391 ; out[8]    ; out[14] ; divide:u2|clk_p ; divide:u2|clk_p ; 1.000        ; 0.000      ; 8.058      ;
; -7.382 ; out[5]    ; out[20] ; divide:u2|clk_p ; divide:u2|clk_p ; 1.000        ; 0.000      ; 8.049      ;
; -7.378 ; out[0]    ; out[20] ; divide:u2|clk_p ; divide:u2|clk_p ; 1.000        ; 0.000      ; 8.045      ;
; -7.377 ; out[13]   ; out[20] ; divide:u2|clk_p ; divide:u2|clk_p ; 1.000        ; 0.000      ; 8.044      ;
; -7.354 ; out[12]   ; out[17] ; divide:u2|clk_p ; divide:u2|clk_p ; 1.000        ; 0.000      ; 8.021      ;
; -7.334 ; out[19]   ; out[4]  ; divide:u2|clk_p ; divide:u2|clk_p ; 1.000        ; 0.000      ; 8.001      ;
; -7.334 ; out[12]   ; out[16] ; divide:u2|clk_p ; divide:u2|clk_p ; 1.000        ; 0.000      ; 8.001      ;
; -7.326 ; out[14]   ; out[18] ; divide:u2|clk_p ; divide:u2|clk_p ; 1.000        ; 0.000      ; 7.993      ;
; -7.278 ; out[6]    ; out[4]  ; divide:u2|clk_p ; divide:u2|clk_p ; 1.000        ; 0.000      ; 7.945      ;
; -7.276 ; out[10]   ; out[19] ; divide:u2|clk_p ; divide:u2|clk_p ; 1.000        ; 0.000      ; 7.943      ;
; -7.267 ; out[2]    ; out[5]  ; divide:u2|clk_p ; divide:u2|clk_p ; 1.000        ; 0.000      ; 7.934      ;
; -7.253 ; out[2]    ; out[6]  ; divide:u2|clk_p ; divide:u2|clk_p ; 1.000        ; 0.000      ; 7.920      ;
; -7.250 ; out[2]    ; out[4]  ; divide:u2|clk_p ; divide:u2|clk_p ; 1.000        ; 0.000      ; 7.917      ;
; -7.245 ; out[0]    ; out[0]  ; divide:u2|clk_p ; divide:u2|clk_p ; 1.000        ; 0.000      ; 7.912      ;
; -7.242 ; out[6]    ; out[12] ; divide:u2|clk_p ; divide:u2|clk_p ; 1.000        ; 0.000      ; 7.909      ;
; -7.228 ; out[14]   ; out[17] ; divide:u2|clk_p ; divide:u2|clk_p ; 1.000        ; 0.000      ; 7.895      ;
; -7.225 ; out[2]    ; out[12] ; divide:u2|clk_p ; divide:u2|clk_p ; 1.000        ; 0.000      ; 7.892      ;
; -7.208 ; out[14]   ; out[16] ; divide:u2|clk_p ; divide:u2|clk_p ; 1.000        ; 0.000      ; 7.875      ;
; -7.204 ; out[15]   ; out[2]  ; divide:u2|clk_p ; divide:u2|clk_p ; 1.000        ; 0.000      ; 7.871      ;
; -7.177 ; out[13]   ; out[4]  ; divide:u2|clk_p ; divide:u2|clk_p ; 1.000        ; 0.000      ; 7.844      ;
+--------+-----------+---------+-----------------+-----------------+--------------+------------+------------+


+-------------------------------------------------------------------------------------------------------------------------+
; Setup: 'debounce:u1|key_sec[0]'                                                                                         ;
+--------+-----------+---------+------------------------+------------------------+--------------+------------+------------+
; Slack  ; From Node ; To Node ; Launch Clock           ; Latch Clock            ; Relationship ; Clock Skew ; Data Delay ;
+--------+-----------+---------+------------------------+------------------------+--------------+------------+------------+
; -1.194 ; control   ; control ; debounce:u1|key_sec[0] ; debounce:u1|key_sec[0] ; 1.000        ; 0.000      ; 1.861      ;
+--------+-----------+---------+------------------------+------------------------+--------------+------------+------------+


+--------------------------------------------------------------------------------------------------------------------------------------------------+
; Hold: 'clk'                                                                                                                                      ;
+--------+----------------------------+----------------------------+------------------------+-------------+--------------+------------+------------+
; Slack  ; From Node                  ; To Node                    ; Launch Clock           ; Latch Clock ; Relationship ; Clock Skew ; Data Delay ;
+--------+----------------------------+----------------------------+------------------------+-------------+--------------+------------+------------+
; -2.395 ; debounce:u1|key_sec[0]     ; debounce:u1|key_sec_pre[0] ; debounce:u1|key_sec[0] ; clk         ; 0.000        ; 3.819      ; 2.021      ;
; -2.058 ; debounce:u1|key_sec[0]     ; debounce:u1|key_sec[0]     ; debounce:u1|key_sec[0] ; clk         ; 0.000        ; 3.819      ; 2.358      ;
; -1.895 ; debounce:u1|key_sec[0]     ; debounce:u1|key_sec_pre[0] ; debounce:u1|key_sec[0] ; clk         ; -0.500       ; 3.819      ; 2.021      ;
; -1.558 ; debounce:u1|key_sec[0]     ; debounce:u1|key_sec[0]     ; debounce:u1|key_sec[0] ; clk         ; -0.500       ; 3.819      ; 2.358      ;
; 1.646  ; divide:u2|cnt_p[1]         ; divide:u2|clk_p            ; clk                    ; clk         ; 0.000        ; 0.000      ; 1.867      ;
; 1.646  ; debounce:u1|key_rst[0]     ; debounce:u1|cnt[3]         ; clk                    ; clk         ; 0.000        ; 0.000      ; 1.867      ;
; 1.687  ; debounce:u1|key_rst_pre[0] ; debounce:u1|cnt[0]         ; clk                    ; clk         ; 0.000        ; 0.000      ; 1.908      ;
; 1.695  ; debounce:u1|key_rst_pre[0] ; debounce:u1|cnt[1]         ; clk                    ; clk         ; 0.000        ; 0.000      ; 1.916      ;
; 1.955  ; debounce:u1|cnt[0]         ; debounce:u1|cnt[0]         ; clk                    ; clk         ; 0.000        ; 0.000      ; 2.176      ;
; 2.079  ; debounce:u1|key_rst[0]     ; debounce:u1|cnt[2]         ; clk                    ; clk         ; 0.000        ; 0.000      ; 2.300      ;
; 2.110  ; divide:u2|cnt_p[0]         ; divide:u2|cnt_p[5]         ; clk                    ; clk         ; 0.000        ; 0.000      ; 2.331      ;
; 2.129  ; debounce:u1|key_rst[0]     ; debounce:u1|key_rst_pre[0] ; clk                    ; clk         ; 0.000        ; 0.000      ; 2.350      ;
; 2.134  ; divide:u2|cnt_p[4]         ; divide:u2|clk_p            ; clk                    ; clk         ; 0.000        ; 0.000      ; 2.355      ;
; 2.169  ; debounce:u1|cnt[3]         ; debounce:u1|key_sec[0]     ; clk                    ; clk         ; 0.000        ; 0.000      ; 2.390      ;
; 2.198  ; debounce:u1|key_rst_pre[0] ; debounce:u1|cnt[3]         ; clk                    ; clk         ; 0.000        ; 0.000      ; 2.419      ;
; 2.212  ; select                     ; select                     ; clk                    ; clk         ; 0.000        ; 0.000      ; 2.433      ;
; 2.280  ; debounce:u1|cnt[0]         ; debounce:u1|cnt[1]         ; clk                    ; clk         ; 0.000        ; 0.000      ; 2.501      ;
; 2.280  ; debounce:u1|cnt[0]         ; debounce:u1|cnt[2]         ; clk                    ; clk         ; 0.000        ; 0.000      ; 2.501      ;
; 2.337  ; divide:u2|cnt_p[5]         ; divide:u2|clk_p            ; clk                    ; clk         ; 0.000        ; 0.000      ; 2.558      ;
; 2.353  ; debounce:u1|cnt[2]         ; debounce:u1|cnt[2]         ; clk                    ; clk         ; 0.000        ; 0.000      ; 2.574      ;
; 2.478  ; debounce:u1|cnt[3]         ; debounce:u1|cnt[3]         ; clk                    ; clk         ; 0.000        ; 0.000      ; 2.699      ;
; 2.548  ; debounce:u1|cnt[2]         ; debounce:u1|key_sec[0]     ; clk                    ; clk         ; 0.000        ; 0.000      ; 2.769      ;
; 2.564  ; debounce:u1|cnt[1]         ; debounce:u1|cnt[1]         ; clk                    ; clk         ; 0.000        ; 0.000      ; 2.785      ;
; 2.565  ; debounce:u1|cnt[1]         ; debounce:u1|cnt[2]         ; clk                    ; clk         ; 0.000        ; 0.000      ; 2.786      ;
; 2.571  ; divide:u2|cnt_p[0]         ; divide:u2|cnt_p[6]         ; clk                    ; clk         ; 0.000        ; 0.000      ; 2.792      ;
; 2.575  ; divide:u2|cnt_p[0]         ; divide:u2|cnt_p[2]         ; clk                    ; clk         ; 0.000        ; 0.000      ; 2.796      ;
; 2.586  ; divide:u2|cnt_p[3]         ; divide:u2|clk_p            ; clk                    ; clk         ; 0.000        ; 0.000      ; 2.807      ;
; 2.599  ; debounce:u1|key_rst[0]     ; debounce:u1|cnt[0]         ; clk                    ; clk         ; 0.000        ; 0.000      ; 2.820      ;
; 2.631  ; debounce:u1|key_rst_pre[0] ; debounce:u1|cnt[2]         ; clk                    ; clk         ; 0.000        ; 0.000      ; 2.852      ;
; 2.643  ; divide:u2|cnt_p[6]         ; divide:u2|clk_p            ; clk                    ; clk         ; 0.000        ; 0.000      ; 2.864      ;
; 2.669  ; debounce:u1|cnt[2]         ; debounce:u1|cnt[3]         ; clk                    ; clk         ; 0.000        ; 0.000      ; 2.890      ;
; 2.857  ; divide:u2|cnt_p[4]         ; divide:u2|cnt_p[4]         ; clk                    ; clk         ; 0.000        ; 0.000      ; 3.078      ;
; 2.981  ; debounce:u1|key_rst[0]     ; debounce:u1|cnt[1]         ; clk                    ; clk         ; 0.000        ; 0.000      ; 3.202      ;
; 3.023  ; divide:u2|cnt_p[3]         ; divide:u2|cnt_p[5]         ; clk                    ; clk         ; 0.000        ; 0.000      ; 3.244      ;
; 3.204  ; debounce:u1|cnt[0]         ; debounce:u1|cnt[3]         ; clk                    ; clk         ; 0.000        ; 0.000      ; 3.425      ;
; 3.208  ; debounce:u1|cnt[0]         ; debounce:u1|key_sec[0]     ; clk                    ; clk         ; 0.000        ; 0.000      ; 3.429      ;
; 3.225  ; debounce:u1|cnt[1]         ; debounce:u1|cnt[3]         ; clk                    ; clk         ; 0.000        ; 0.000      ; 3.446      ;
; 3.229  ; debounce:u1|cnt[1]         ; debounce:u1|key_sec[0]     ; clk                    ; clk         ; 0.000        ; 0.000      ; 3.450      ;
; 3.422  ; divide:u2|cnt_p[1]         ; divide:u2|cnt_p[1]         ; clk                    ; clk         ; 0.000        ; 0.000      ; 3.643      ;
; 3.439  ; divide:u2|cnt_p[6]         ; divide:u2|cnt_p[6]         ; clk                    ; clk         ; 0.000        ; 0.000      ; 3.660      ;
; 3.484  ; divide:u2|cnt_p[3]         ; divide:u2|cnt_p[6]         ; clk                    ; clk         ; 0.000        ; 0.000      ; 3.705      ;
; 3.488  ; divide:u2|cnt_p[3]         ; divide:u2|cnt_p[2]         ; clk                    ; clk         ; 0.000        ; 0.000      ; 3.709      ;
; 3.508  ; out[0]                     ; bin[0]                     ; divide:u2|clk_p        ; clk         ; 0.000        ; -0.122     ; 3.607      ;
; 3.560  ; divide:u2|cnt_p[5]         ; divide:u2|cnt_p[5]         ; clk                    ; clk         ; 0.000        ; 0.000      ; 3.781      ;
; 3.677  ; divide:u2|cnt_p[0]         ; divide:u2|cnt_p[0]         ; clk                    ; clk         ; 0.000        ; 0.000      ; 3.898      ;
; 3.711  ; divide:u2|cnt_p[1]         ; divide:u2|cnt_p[5]         ; clk                    ; clk         ; 0.000        ; 0.000      ; 3.932      ;
; 3.759  ; divide:u2|cnt_p[2]         ; divide:u2|clk_p            ; clk                    ; clk         ; 0.000        ; 0.000      ; 3.980      ;
; 3.856  ; select                     ; bin[0]                     ; clk                    ; clk         ; 0.000        ; 0.000      ; 4.077      ;
; 3.904  ; divide:u2|cnt_p[2]         ; divide:u2|cnt_p[2]         ; clk                    ; clk         ; 0.000        ; 0.000      ; 4.125      ;
; 3.974  ; select                     ; bin[3]                     ; clk                    ; clk         ; 0.000        ; 0.000      ; 4.195      ;
; 4.021  ; divide:u2|cnt_p[5]         ; divide:u2|cnt_p[6]         ; clk                    ; clk         ; 0.000        ; 0.000      ; 4.242      ;
; 4.025  ; divide:u2|cnt_p[5]         ; divide:u2|cnt_p[2]         ; clk                    ; clk         ; 0.000        ; 0.000      ; 4.246      ;
; 4.066  ; select                     ; bin[2]                     ; clk                    ; clk         ; 0.000        ; 0.000      ; 4.287      ;
; 4.103  ; divide:u2|cnt_p[6]         ; divide:u2|cnt_p[5]         ; clk                    ; clk         ; 0.000        ; 0.000      ; 4.324      ;
; 4.147  ; select                     ; bin[1]                     ; clk                    ; clk         ; 0.000        ; 0.000      ; 4.368      ;
; 4.171  ; select                     ; cat[0]~reg0                ; clk                    ; clk         ; 0.000        ; 0.000      ; 4.392      ;
; 4.172  ; divide:u2|cnt_p[1]         ; divide:u2|cnt_p[6]         ; clk                    ; clk         ; 0.000        ; 0.000      ; 4.393      ;
; 4.175  ; select                     ; cat[1]~reg0                ; clk                    ; clk         ; 0.000        ; 0.000      ; 4.396      ;
; 4.176  ; divide:u2|cnt_p[1]         ; divide:u2|cnt_p[2]         ; clk                    ; clk         ; 0.000        ; 0.000      ; 4.397      ;
; 4.182  ; divide:u2|cnt_p[4]         ; divide:u2|cnt_p[5]         ; clk                    ; clk         ; 0.000        ; 0.000      ; 4.403      ;
; 4.229  ; divide:u2|cnt_p[2]         ; divide:u2|cnt_p[5]         ; clk                    ; clk         ; 0.000        ; 0.000      ; 4.450      ;
; 4.264  ; divide:u2|cnt_p[3]         ; divide:u2|cnt_p[3]         ; clk                    ; clk         ; 0.000        ; 0.000      ; 4.485      ;
; 4.376  ; out[2]                     ; bin[2]                     ; divide:u2|clk_p        ; clk         ; 0.000        ; -0.122     ; 4.475      ;
; 4.386  ; divide:u2|cnt_p[1]         ; divide:u2|cnt_p[4]         ; clk                    ; clk         ; 0.000        ; 0.000      ; 4.607      ;
; 4.447  ; divide:u2|cnt_p[2]         ; divide:u2|cnt_p[4]         ; clk                    ; clk         ; 0.000        ; 0.000      ; 4.668      ;
; 4.464  ; divide:u2|cnt_p[3]         ; divide:u2|cnt_p[4]         ; clk                    ; clk         ; 0.000        ; 0.000      ; 4.685      ;
; 4.489  ; divide:u2|cnt_p[4]         ; divide:u2|cnt_p[6]         ; clk                    ; clk         ; 0.000        ; 0.000      ; 4.710      ;
; 4.492  ; divide:u2|cnt_p[0]         ; divide:u2|cnt_p[1]         ; clk                    ; clk         ; 0.000        ; 0.000      ; 4.713      ;
; 4.568  ; divide:u2|cnt_p[6]         ; divide:u2|cnt_p[2]         ; clk                    ; clk         ; 0.000        ; 0.000      ; 4.789      ;
; 4.647  ; divide:u2|cnt_p[4]         ; divide:u2|cnt_p[2]         ; clk                    ; clk         ; 0.000        ; 0.000      ; 4.868      ;
; 4.690  ; divide:u2|cnt_p[2]         ; divide:u2|cnt_p[6]         ; clk                    ; clk         ; 0.000        ; 0.000      ; 4.911      ;
; 4.704  ; divide:u2|cnt_p[0]         ; divide:u2|cnt_p[4]         ; clk                    ; clk         ; 0.000        ; 0.000      ; 4.925      ;
; 4.707  ; out[1]                     ; bin[1]                     ; divide:u2|clk_p        ; clk         ; 0.000        ; -0.122     ; 4.806      ;
; 4.952  ; divide:u2|cnt_p[1]         ; divide:u2|cnt_p[3]         ; clk                    ; clk         ; 0.000        ; 0.000      ; 5.173      ;
; 5.013  ; divide:u2|cnt_p[2]         ; divide:u2|cnt_p[3]         ; clk                    ; clk         ; 0.000        ; 0.000      ; 5.234      ;
; 5.270  ; divide:u2|cnt_p[0]         ; divide:u2|cnt_p[3]         ; clk                    ; clk         ; 0.000        ; 0.000      ; 5.491      ;
; 6.876  ; out[3]                     ; bin[0]                     ; divide:u2|clk_p        ; clk         ; 0.000        ; -0.122     ; 6.975      ;
; 6.942  ; out[2]                     ; bin[0]                     ; divide:u2|clk_p        ; clk         ; 0.000        ; -0.122     ; 7.041      ;
; 6.975  ; out[1]                     ; bin[0]                     ; divide:u2|clk_p        ; clk         ; 0.000        ; -0.122     ; 7.074      ;
; 7.361  ; out[3]                     ; bin[3]                     ; divide:u2|clk_p        ; clk         ; 0.000        ; -0.122     ; 7.460      ;
; 8.829  ; out[2]                     ; bin[3]                     ; divide:u2|clk_p        ; clk         ; 0.000        ; -0.122     ; 8.928      ;
; 8.941  ; out[2]                     ; bin[1]                     ; divide:u2|clk_p        ; clk         ; 0.000        ; -0.122     ; 9.040      ;
; 9.378  ; out[3]                     ; bin[2]                     ; divide:u2|clk_p        ; clk         ; 0.000        ; -0.122     ; 9.477      ;
; 9.456  ; out[4]                     ; bin[2]                     ; divide:u2|clk_p        ; clk         ; 0.000        ; -0.122     ; 9.555      ;
; 9.533  ; out[1]                     ; bin[2]                     ; divide:u2|clk_p        ; clk         ; 0.000        ; -0.122     ; 9.632      ;
; 9.641  ; out[1]                     ; bin[3]                     ; divide:u2|clk_p        ; clk         ; 0.000        ; -0.122     ; 9.740      ;
; 9.662  ; out[3]                     ; bin[1]                     ; divide:u2|clk_p        ; clk         ; 0.000        ; -0.122     ; 9.761      ;
; 9.832  ; out[4]                     ; bin[0]                     ; divide:u2|clk_p        ; clk         ; 0.000        ; -0.122     ; 9.931      ;
; 10.672 ; out[4]                     ; bin[1]                     ; divide:u2|clk_p        ; clk         ; 0.000        ; -0.122     ; 10.771     ;
; 10.895 ; out[4]                     ; bin[3]                     ; divide:u2|clk_p        ; clk         ; 0.000        ; -0.122     ; 10.994     ;
; 11.470 ; out[5]                     ; bin[3]                     ; divide:u2|clk_p        ; clk         ; 0.000        ; -0.122     ; 11.569     ;
; 11.653 ; out[5]                     ; bin[2]                     ; divide:u2|clk_p        ; clk         ; 0.000        ; -0.122     ; 11.752     ;
; 12.372 ; out[6]                     ; bin[3]                     ; divide:u2|clk_p        ; clk         ; 0.000        ; -0.122     ; 12.471     ;
; 13.088 ; out[6]                     ; bin[2]                     ; divide:u2|clk_p        ; clk         ; 0.000        ; -0.122     ; 13.187     ;
; 13.322 ; out[5]                     ; bin[1]                     ; divide:u2|clk_p        ; clk         ; 0.000        ; -0.122     ; 13.421     ;
; 13.483 ; out[5]                     ; bin[0]                     ; divide:u2|clk_p        ; clk         ; 0.000        ; -0.122     ; 13.582     ;
; 14.105 ; out[7]                     ; bin[3]                     ; divide:u2|clk_p        ; clk         ; 0.000        ; -0.122     ; 14.204     ;
; 14.632 ; out[6]                     ; bin[1]                     ; divide:u2|clk_p        ; clk         ; 0.000        ; -0.122     ; 14.731     ;
; 14.870 ; out[6]                     ; bin[0]                     ; divide:u2|clk_p        ; clk         ; 0.000        ; -0.122     ; 14.969     ;
; 15.249 ; out[7]                     ; bin[2]                     ; divide:u2|clk_p        ; clk         ; 0.000        ; -0.122     ; 15.348     ;
+--------+----------------------------+----------------------------+------------------------+-------------+--------------+------------+------------+


+------------------------------------------------------------------------------------------------------------------------+
; Hold: 'debounce:u1|key_sec[0]'                                                                                         ;
+-------+-----------+---------+------------------------+------------------------+--------------+------------+------------+
; Slack ; From Node ; To Node ; Launch Clock           ; Latch Clock            ; Relationship ; Clock Skew ; Data Delay ;
+-------+-----------+---------+------------------------+------------------------+--------------+------------+------------+
; 1.640 ; control   ; control ; debounce:u1|key_sec[0] ; debounce:u1|key_sec[0] ; 0.000        ; 0.000      ; 1.861      ;
+-------+-----------+---------+------------------------+------------------------+--------------+------------+------------+


+-----------------------------------------------------------------------------------------------------------------+
; Hold: 'divide:u2|clk_p'                                                                                         ;
+-------+-----------+---------+------------------------+-----------------+--------------+------------+------------+
; Slack ; From Node ; To Node ; Launch Clock           ; Latch Clock     ; Relationship ; Clock Skew ; Data Delay ;
+-------+-----------+---------+------------------------+-----------------+--------------+------------+------------+
; 2.975 ; out[0]    ; out[2]  ; divide:u2|clk_p        ; divide:u2|clk_p ; 0.000        ; 0.000      ; 3.196      ;
; 3.690 ; out[0]    ; out[4]  ; divide:u2|clk_p        ; divide:u2|clk_p ; 0.000        ; 0.000      ; 3.911      ;
; 3.787 ; control   ; out[15] ; debounce:u1|key_sec[0] ; divide:u2|clk_p ; 0.000        ; -0.672     ; 3.336      ;
; 3.998 ; control   ; out[8]  ; debounce:u1|key_sec[0] ; divide:u2|clk_p ; 0.000        ; -0.672     ; 3.547      ;
; 4.056 ; control   ; out[9]  ; debounce:u1|key_sec[0] ; divide:u2|clk_p ; 0.000        ; -0.672     ; 3.605      ;
; 4.056 ; control   ; out[11] ; debounce:u1|key_sec[0] ; divide:u2|clk_p ; 0.000        ; -0.672     ; 3.605      ;
; 4.059 ; control   ; out[13] ; debounce:u1|key_sec[0] ; divide:u2|clk_p ; 0.000        ; -0.672     ; 3.608      ;
; 4.059 ; control   ; out[4]  ; debounce:u1|key_sec[0] ; divide:u2|clk_p ; 0.000        ; -0.672     ; 3.608      ;
; 4.059 ; control   ; out[3]  ; debounce:u1|key_sec[0] ; divide:u2|clk_p ; 0.000        ; -0.672     ; 3.608      ;
; 4.059 ; control   ; out[1]  ; debounce:u1|key_sec[0] ; divide:u2|clk_p ; 0.000        ; -0.672     ; 3.608      ;
; 4.073 ; control   ; out[6]  ; debounce:u1|key_sec[0] ; divide:u2|clk_p ; 0.000        ; -0.672     ; 3.622      ;
; 4.073 ; control   ; out[5]  ; debounce:u1|key_sec[0] ; divide:u2|clk_p ; 0.000        ; -0.672     ; 3.622      ;
; 4.073 ; control   ; out[2]  ; debounce:u1|key_sec[0] ; divide:u2|clk_p ; 0.000        ; -0.672     ; 3.622      ;
; 4.107 ; control   ; out[7]  ; debounce:u1|key_sec[0] ; divide:u2|clk_p ; 0.000        ; -0.672     ; 3.656      ;
; 4.107 ; control   ; out[0]  ; debounce:u1|key_sec[0] ; divide:u2|clk_p ; 0.000        ; -0.672     ; 3.656      ;
; 4.405 ; out[3]    ; out[3]  ; divide:u2|clk_p        ; divide:u2|clk_p ; 0.000        ; 0.000      ; 4.626      ;
; 4.523 ; control   ; out[19] ; debounce:u1|key_sec[0] ; divide:u2|clk_p ; 0.000        ; -0.672     ; 4.072      ;
; 4.523 ; control   ; out[20] ; debounce:u1|key_sec[0] ; divide:u2|clk_p ; 0.000        ; -0.672     ; 4.072      ;
; 4.529 ; out[11]   ; out[11] ; divide:u2|clk_p        ; divide:u2|clk_p ; 0.000        ; 0.000      ; 4.750      ;
; 4.584 ; out[8]    ; out[8]  ; divide:u2|clk_p        ; divide:u2|clk_p ; 0.000        ; 0.000      ; 4.805      ;
; 4.642 ; out[15]   ; out[15] ; divide:u2|clk_p        ; divide:u2|clk_p ; 0.000        ; 0.000      ; 4.863      ;
; 4.698 ; out[1]    ; out[1]  ; divide:u2|clk_p        ; divide:u2|clk_p ; 0.000        ; 0.000      ; 4.919      ;
; 4.719 ; control   ; out[10] ; debounce:u1|key_sec[0] ; divide:u2|clk_p ; 0.000        ; -0.672     ; 4.268      ;
; 4.779 ; control   ; out[14] ; debounce:u1|key_sec[0] ; divide:u2|clk_p ; 0.000        ; -0.672     ; 4.328      ;
; 4.811 ; control   ; out[12] ; debounce:u1|key_sec[0] ; divide:u2|clk_p ; 0.000        ; -0.672     ; 4.360      ;
; 5.143 ; control   ; out[18] ; debounce:u1|key_sec[0] ; divide:u2|clk_p ; 0.000        ; -0.672     ; 4.692      ;
; 5.159 ; control   ; out[16] ; debounce:u1|key_sec[0] ; divide:u2|clk_p ; 0.000        ; -0.672     ; 4.708      ;
; 5.159 ; control   ; out[17] ; debounce:u1|key_sec[0] ; divide:u2|clk_p ; 0.000        ; -0.672     ; 4.708      ;
; 5.208 ; out[4]    ; out[4]  ; divide:u2|clk_p        ; divide:u2|clk_p ; 0.000        ; 0.000      ; 5.429      ;
; 5.560 ; out[3]    ; out[2]  ; divide:u2|clk_p        ; divide:u2|clk_p ; 0.000        ; 0.000      ; 5.781      ;
; 5.597 ; out[1]    ; out[3]  ; divide:u2|clk_p        ; divide:u2|clk_p ; 0.000        ; 0.000      ; 5.818      ;
; 5.630 ; out[19]   ; out[19] ; divide:u2|clk_p        ; divide:u2|clk_p ; 0.000        ; 0.000      ; 5.851      ;
; 5.769 ; out[9]    ; out[11] ; divide:u2|clk_p        ; divide:u2|clk_p ; 0.000        ; 0.000      ; 5.990      ;
; 5.828 ; out[3]    ; out[4]  ; divide:u2|clk_p        ; divide:u2|clk_p ; 0.000        ; 0.000      ; 6.049      ;
; 5.905 ; out[7]    ; out[7]  ; divide:u2|clk_p        ; divide:u2|clk_p ; 0.000        ; 0.000      ; 6.126      ;
; 5.915 ; out[2]    ; out[3]  ; divide:u2|clk_p        ; divide:u2|clk_p ; 0.000        ; 0.000      ; 6.136      ;
; 5.966 ; out[7]    ; out[8]  ; divide:u2|clk_p        ; divide:u2|clk_p ; 0.000        ; 0.000      ; 6.187      ;
; 5.969 ; out[8]    ; out[11] ; divide:u2|clk_p        ; divide:u2|clk_p ; 0.000        ; 0.000      ; 6.190      ;
; 6.013 ; out[18]   ; out[18] ; divide:u2|clk_p        ; divide:u2|clk_p ; 0.000        ; 0.000      ; 6.234      ;
; 6.020 ; out[3]    ; out[8]  ; divide:u2|clk_p        ; divide:u2|clk_p ; 0.000        ; 0.000      ; 6.241      ;
; 6.059 ; out[11]   ; out[12] ; divide:u2|clk_p        ; divide:u2|clk_p ; 0.000        ; 0.000      ; 6.280      ;
; 6.059 ; out[11]   ; out[13] ; divide:u2|clk_p        ; divide:u2|clk_p ; 0.000        ; 0.000      ; 6.280      ;
; 6.078 ; out[1]    ; out[2]  ; divide:u2|clk_p        ; divide:u2|clk_p ; 0.000        ; 0.000      ; 6.299      ;
; 6.106 ; out[3]    ; out[11] ; divide:u2|clk_p        ; divide:u2|clk_p ; 0.000        ; 0.000      ; 6.327      ;
; 6.110 ; out[17]   ; out[17] ; divide:u2|clk_p        ; divide:u2|clk_p ; 0.000        ; 0.000      ; 6.331      ;
; 6.111 ; out[12]   ; out[12] ; divide:u2|clk_p        ; divide:u2|clk_p ; 0.000        ; 0.000      ; 6.332      ;
; 6.115 ; out[16]   ; out[16] ; divide:u2|clk_p        ; divide:u2|clk_p ; 0.000        ; 0.000      ; 6.336      ;
; 6.134 ; out[0]    ; out[1]  ; divide:u2|clk_p        ; divide:u2|clk_p ; 0.000        ; 0.000      ; 6.355      ;
; 6.147 ; out[4]    ; out[8]  ; divide:u2|clk_p        ; divide:u2|clk_p ; 0.000        ; 0.000      ; 6.368      ;
; 6.157 ; out[6]    ; out[6]  ; divide:u2|clk_p        ; divide:u2|clk_p ; 0.000        ; 0.000      ; 6.378      ;
; 6.159 ; out[15]   ; out[16] ; divide:u2|clk_p        ; divide:u2|clk_p ; 0.000        ; 0.000      ; 6.380      ;
; 6.176 ; out[15]   ; out[20] ; divide:u2|clk_p        ; divide:u2|clk_p ; 0.000        ; 0.000      ; 6.397      ;
; 6.176 ; out[10]   ; out[11] ; divide:u2|clk_p        ; divide:u2|clk_p ; 0.000        ; 0.000      ; 6.397      ;
; 6.206 ; out[15]   ; out[19] ; divide:u2|clk_p        ; divide:u2|clk_p ; 0.000        ; 0.000      ; 6.427      ;
; 6.233 ; out[4]    ; out[11] ; divide:u2|clk_p        ; divide:u2|clk_p ; 0.000        ; 0.000      ; 6.454      ;
; 6.249 ; out[4]    ; out[2]  ; divide:u2|clk_p        ; divide:u2|clk_p ; 0.000        ; 0.000      ; 6.470      ;
; 6.252 ; out[11]   ; out[20] ; divide:u2|clk_p        ; divide:u2|clk_p ; 0.000        ; 0.000      ; 6.473      ;
; 6.254 ; out[9]    ; out[20] ; divide:u2|clk_p        ; divide:u2|clk_p ; 0.000        ; 0.000      ; 6.475      ;
; 6.281 ; out[0]    ; out[3]  ; divide:u2|clk_p        ; divide:u2|clk_p ; 0.000        ; 0.000      ; 6.502      ;
; 6.290 ; out[15]   ; out[17] ; divide:u2|clk_p        ; divide:u2|clk_p ; 0.000        ; 0.000      ; 6.511      ;
; 6.294 ; out[6]    ; out[8]  ; divide:u2|clk_p        ; divide:u2|clk_p ; 0.000        ; 0.000      ; 6.515      ;
; 6.309 ; out[5]    ; out[2]  ; divide:u2|clk_p        ; divide:u2|clk_p ; 0.000        ; 0.000      ; 6.530      ;
; 6.324 ; out[1]    ; out[4]  ; divide:u2|clk_p        ; divide:u2|clk_p ; 0.000        ; 0.000      ; 6.545      ;
; 6.347 ; out[2]    ; out[2]  ; divide:u2|clk_p        ; divide:u2|clk_p ; 0.000        ; 0.000      ; 6.568      ;
; 6.350 ; out[11]   ; out[15] ; divide:u2|clk_p        ; divide:u2|clk_p ; 0.000        ; 0.000      ; 6.571      ;
; 6.352 ; out[9]    ; out[9]  ; divide:u2|clk_p        ; divide:u2|clk_p ; 0.000        ; 0.000      ; 6.573      ;
; 6.352 ; out[9]    ; out[15] ; divide:u2|clk_p        ; divide:u2|clk_p ; 0.000        ; 0.000      ; 6.573      ;
; 6.366 ; out[19]   ; out[20] ; divide:u2|clk_p        ; divide:u2|clk_p ; 0.000        ; 0.000      ; 6.587      ;
; 6.381 ; out[9]    ; out[13] ; divide:u2|clk_p        ; divide:u2|clk_p ; 0.000        ; 0.000      ; 6.602      ;
; 6.386 ; out[18]   ; out[20] ; divide:u2|clk_p        ; divide:u2|clk_p ; 0.000        ; 0.000      ; 6.607      ;
; 6.416 ; out[18]   ; out[19] ; divide:u2|clk_p        ; divide:u2|clk_p ; 0.000        ; 0.000      ; 6.637      ;
; 6.442 ; out[7]    ; out[2]  ; divide:u2|clk_p        ; divide:u2|clk_p ; 0.000        ; 0.000      ; 6.663      ;
; 6.454 ; out[8]    ; out[20] ; divide:u2|clk_p        ; divide:u2|clk_p ; 0.000        ; 0.000      ; 6.675      ;
; 6.483 ; out[5]    ; out[5]  ; divide:u2|clk_p        ; divide:u2|clk_p ; 0.000        ; 0.000      ; 6.704      ;
; 6.492 ; out[9]    ; out[12] ; divide:u2|clk_p        ; divide:u2|clk_p ; 0.000        ; 0.000      ; 6.713      ;
; 6.499 ; out[15]   ; out[18] ; divide:u2|clk_p        ; divide:u2|clk_p ; 0.000        ; 0.000      ; 6.720      ;
; 6.516 ; out[1]    ; out[8]  ; divide:u2|clk_p        ; divide:u2|clk_p ; 0.000        ; 0.000      ; 6.737      ;
; 6.552 ; out[8]    ; out[15] ; divide:u2|clk_p        ; divide:u2|clk_p ; 0.000        ; 0.000      ; 6.773      ;
; 6.569 ; out[10]   ; out[10] ; divide:u2|clk_p        ; divide:u2|clk_p ; 0.000        ; 0.000      ; 6.790      ;
; 6.581 ; out[8]    ; out[13] ; divide:u2|clk_p        ; divide:u2|clk_p ; 0.000        ; 0.000      ; 6.802      ;
; 6.591 ; out[3]    ; out[20] ; divide:u2|clk_p        ; divide:u2|clk_p ; 0.000        ; 0.000      ; 6.812      ;
; 6.599 ; out[7]    ; out[11] ; divide:u2|clk_p        ; divide:u2|clk_p ; 0.000        ; 0.000      ; 6.820      ;
; 6.602 ; out[1]    ; out[11] ; divide:u2|clk_p        ; divide:u2|clk_p ; 0.000        ; 0.000      ; 6.823      ;
; 6.642 ; out[2]    ; out[4]  ; divide:u2|clk_p        ; divide:u2|clk_p ; 0.000        ; 0.000      ; 6.863      ;
; 6.661 ; out[5]    ; out[8]  ; divide:u2|clk_p        ; divide:u2|clk_p ; 0.000        ; 0.000      ; 6.882      ;
; 6.689 ; out[3]    ; out[15] ; divide:u2|clk_p        ; divide:u2|clk_p ; 0.000        ; 0.000      ; 6.910      ;
; 6.692 ; out[8]    ; out[12] ; divide:u2|clk_p        ; divide:u2|clk_p ; 0.000        ; 0.000      ; 6.913      ;
; 6.697 ; out[20]   ; out[20] ; divide:u2|clk_p        ; divide:u2|clk_p ; 0.000        ; 0.000      ; 6.918      ;
; 6.718 ; out[11]   ; out[19] ; divide:u2|clk_p        ; divide:u2|clk_p ; 0.000        ; 0.000      ; 6.939      ;
; 6.718 ; out[3]    ; out[13] ; divide:u2|clk_p        ; divide:u2|clk_p ; 0.000        ; 0.000      ; 6.939      ;
; 6.718 ; out[4]    ; out[20] ; divide:u2|clk_p        ; divide:u2|clk_p ; 0.000        ; 0.000      ; 6.939      ;
; 6.720 ; out[9]    ; out[19] ; divide:u2|clk_p        ; divide:u2|clk_p ; 0.000        ; 0.000      ; 6.941      ;
; 6.748 ; out[17]   ; out[20] ; divide:u2|clk_p        ; divide:u2|clk_p ; 0.000        ; 0.000      ; 6.969      ;
; 6.766 ; out[3]    ; out[7]  ; divide:u2|clk_p        ; divide:u2|clk_p ; 0.000        ; 0.000      ; 6.987      ;
; 6.778 ; out[17]   ; out[19] ; divide:u2|clk_p        ; divide:u2|clk_p ; 0.000        ; 0.000      ; 6.999      ;
; 6.807 ; out[12]   ; out[13] ; divide:u2|clk_p        ; divide:u2|clk_p ; 0.000        ; 0.000      ; 7.028      ;
; 6.816 ; out[4]    ; out[15] ; divide:u2|clk_p        ; divide:u2|clk_p ; 0.000        ; 0.000      ; 7.037      ;
; 6.829 ; out[3]    ; out[12] ; divide:u2|clk_p        ; divide:u2|clk_p ; 0.000        ; 0.000      ; 7.050      ;
; 6.834 ; out[2]    ; out[8]  ; divide:u2|clk_p        ; divide:u2|clk_p ; 0.000        ; 0.000      ; 7.055      ;
; 6.845 ; out[4]    ; out[13] ; divide:u2|clk_p        ; divide:u2|clk_p ; 0.000        ; 0.000      ; 7.066      ;
+-------+-----------+---------+------------------------+-----------------+--------------+------------+------------+


+-------------------------------------------------------------------------------------------------+
; Setup Transfers                                                                                 ;
+------------------------+------------------------+--------------+----------+----------+----------+
; From Clock             ; To Clock               ; RR Paths     ; FR Paths ; RF Paths ; FF Paths ;
+------------------------+------------------------+--------------+----------+----------+----------+
; clk                    ; clk                    ; 105          ; 0        ; 0        ; 0        ;
; debounce:u1|key_sec[0] ; clk                    ; 2            ; 2        ; 0        ; 0        ;
; divide:u2|clk_p        ; clk                    ; > 2147483647 ; 0        ; 0        ; 0        ;
; debounce:u1|key_sec[0] ; debounce:u1|key_sec[0] ; 1            ; 0        ; 0        ; 0        ;
; debounce:u1|key_sec[0] ; divide:u2|clk_p        ; 21           ; 0        ; 0        ; 0        ;
; divide:u2|clk_p        ; divide:u2|clk_p        ; 449          ; 0        ; 0        ; 0        ;
+------------------------+------------------------+--------------+----------+----------+----------+
Entries labeled "false path" only account for clock-to-clock false paths and not path-based false paths. As a result, actual path counts may be lower than reported.


+-------------------------------------------------------------------------------------------------+
; Hold Transfers                                                                                  ;
+------------------------+------------------------+--------------+----------+----------+----------+
; From Clock             ; To Clock               ; RR Paths     ; FR Paths ; RF Paths ; FF Paths ;
+------------------------+------------------------+--------------+----------+----------+----------+
; clk                    ; clk                    ; 105          ; 0        ; 0        ; 0        ;
; debounce:u1|key_sec[0] ; clk                    ; 2            ; 2        ; 0        ; 0        ;
; divide:u2|clk_p        ; clk                    ; > 2147483647 ; 0        ; 0        ; 0        ;
; debounce:u1|key_sec[0] ; debounce:u1|key_sec[0] ; 1            ; 0        ; 0        ; 0        ;
; debounce:u1|key_sec[0] ; divide:u2|clk_p        ; 21           ; 0        ; 0        ; 0        ;
; divide:u2|clk_p        ; divide:u2|clk_p        ; 449          ; 0        ; 0        ; 0        ;
+------------------------+------------------------+--------------+----------+----------+----------+
Entries labeled "false path" only account for clock-to-clock false paths and not path-based false paths. As a result, actual path counts may be lower than reported.


---------------
; Report TCCS ;
---------------
No dedicated SERDES Transmitter circuitry present in device or used in design


---------------
; Report RSKM ;
---------------
No non-DPA dedicated SERDES Receiver circuitry present in device or used in design


+------------------------------------------------+
; Unconstrained Paths Summary                    ;
+---------------------------------+-------+------+
; Property                        ; Setup ; Hold ;
+---------------------------------+-------+------+
; Illegal Clocks                  ; 0     ; 0    ;
; Unconstrained Clocks            ; 0     ; 0    ;
; Unconstrained Input Ports       ; 2     ; 2    ;
; Unconstrained Input Port Paths  ; 47    ; 47   ;
; Unconstrained Output Ports      ; 17    ; 17   ;
; Unconstrained Output Port Paths ; 38    ; 38   ;
+---------------------------------+-------+------+


+----------------------------------------------------------------------+
; Clock Status Summary                                                 ;
+------------------------+------------------------+------+-------------+
; Target                 ; Clock                  ; Type ; Status      ;
+------------------------+------------------------+------+-------------+
; clk                    ; clk                    ; Base ; Constrained ;
; debounce:u1|key_sec[0] ; debounce:u1|key_sec[0] ; Base ; Constrained ;
; divide:u2|clk_p        ; divide:u2|clk_p        ; Base ; Constrained ;
+------------------------+------------------------+------+-------------+


+---------------------------------------------------------------------------------------------------+
; Unconstrained Input Ports                                                                         ;
+------------+--------------------------------------------------------------------------------------+
; Input Port ; Comment                                                                              ;
+------------+--------------------------------------------------------------------------------------+
; bnt0       ; No input delay, min/max delays, false-path exceptions, or max skew assignments found ;
; bnt7       ; No input delay, min/max delays, false-path exceptions, or max skew assignments found ;
+------------+--------------------------------------------------------------------------------------+


+------------------------------------------------------------------------------------------------------+
; Unconstrained Output Ports                                                                           ;
+--------------+---------------------------------------------------------------------------------------+
; Output Port  ; Comment                                                                               ;
+--------------+---------------------------------------------------------------------------------------+
; cat[0]       ; No output delay, min/max delays, false-path exceptions, or max skew assignments found ;
; cat[1]       ; No output delay, min/max delays, false-path exceptions, or max skew assignments found ;
; count_out[0] ; No output delay, min/max delays, false-path exceptions, or max skew assignments found ;
; count_out[1] ; No output delay, min/max delays, false-path exceptions, or max skew assignments found ;
; count_out[2] ; No output delay, min/max delays, false-path exceptions, or max skew assignments found ;
; count_out[3] ; No output delay, min/max delays, false-path exceptions, or max skew assignments found ;
; count_out[4] ; No output delay, min/max delays, false-path exceptions, or max skew assignments found ;
; count_out[5] ; No output delay, min/max delays, false-path exceptions, or max skew assignments found ;
; count_out[6] ; No output delay, min/max delays, false-path exceptions, or max skew assignments found ;
; count_out[7] ; No output delay, min/max delays, false-path exceptions, or max skew assignments found ;
; seg[0]       ; No output delay, min/max delays, false-path exceptions, or max skew assignments found ;
; seg[1]       ; No output delay, min/max delays, false-path exceptions, or max skew assignments found ;
; seg[2]       ; No output delay, min/max delays, false-path exceptions, or max skew assignments found ;
; seg[3]       ; No output delay, min/max delays, false-path exceptions, or max skew assignments found ;
; seg[4]       ; No output delay, min/max delays, false-path exceptions, or max skew assignments found ;
; seg[5]       ; No output delay, min/max delays, false-path exceptions, or max skew assignments found ;
; seg[6]       ; No output delay, min/max delays, false-path exceptions, or max skew assignments found ;
+--------------+---------------------------------------------------------------------------------------+


+---------------------------------------------------------------------------------------------------+
; Unconstrained Input Ports                                                                         ;
+------------+--------------------------------------------------------------------------------------+
; Input Port ; Comment                                                                              ;
+------------+--------------------------------------------------------------------------------------+
; bnt0       ; No input delay, min/max delays, false-path exceptions, or max skew assignments found ;
; bnt7       ; No input delay, min/max delays, false-path exceptions, or max skew assignments found ;
+------------+--------------------------------------------------------------------------------------+


+------------------------------------------------------------------------------------------------------+
; Unconstrained Output Ports                                                                           ;
+--------------+---------------------------------------------------------------------------------------+
; Output Port  ; Comment                                                                               ;
+--------------+---------------------------------------------------------------------------------------+
; cat[0]       ; No output delay, min/max delays, false-path exceptions, or max skew assignments found ;
; cat[1]       ; No output delay, min/max delays, false-path exceptions, or max skew assignments found ;
; count_out[0] ; No output delay, min/max delays, false-path exceptions, or max skew assignments found ;
; count_out[1] ; No output delay, min/max delays, false-path exceptions, or max skew assignments found ;
; count_out[2] ; No output delay, min/max delays, false-path exceptions, or max skew assignments found ;
; count_out[3] ; No output delay, min/max delays, false-path exceptions, or max skew assignments found ;
; count_out[4] ; No output delay, min/max delays, false-path exceptions, or max skew assignments found ;
; count_out[5] ; No output delay, min/max delays, false-path exceptions, or max skew assignments found ;
; count_out[6] ; No output delay, min/max delays, false-path exceptions, or max skew assignments found ;
; count_out[7] ; No output delay, min/max delays, false-path exceptions, or max skew assignments found ;
; seg[0]       ; No output delay, min/max delays, false-path exceptions, or max skew assignments found ;
; seg[1]       ; No output delay, min/max delays, false-path exceptions, or max skew assignments found ;
; seg[2]       ; No output delay, min/max delays, false-path exceptions, or max skew assignments found ;
; seg[3]       ; No output delay, min/max delays, false-path exceptions, or max skew assignments found ;
; seg[4]       ; No output delay, min/max delays, false-path exceptions, or max skew assignments found ;
; seg[5]       ; No output delay, min/max delays, false-path exceptions, or max skew assignments found ;
; seg[6]       ; No output delay, min/max delays, false-path exceptions, or max skew assignments found ;
+--------------+---------------------------------------------------------------------------------------+


+--------------------------+
; Timing Analyzer Messages ;
+--------------------------+
Info: *******************************************************************
Info: Running Quartus Prime Timing Analyzer
    Info: Version 22.1std.2 Build 922 07/20/2023 SC Lite Edition
    Info: Processing started: Thu Nov 30 09:53:37 2023
Info: Command: quartus_sta cn -c cn
Info: qsta_default_script.tcl version: #1
Warning (18236): Number of processors has not been specified which may cause overloading on shared machines.  Set the global assignment NUM_PARALLEL_PROCESSORS in your QSF to an appropriate value for best performance.
Info (20030): Parallel compilation is enabled and will use 14 of the 14 processors detected
Info (21077): Low junction temperature is 0 degrees C
Info (21077): High junction temperature is 85 degrees C
Info (334003): Started post-fitting delay annotation
Info (334004): Delay annotation completed successfully
Critical Warning (332012): Synopsys Design Constraints File file not found: 'cn.sdc'. A Synopsys Design Constraints File is required by the Timing Analyzer to get proper timing constraints. Without it, the Compiler will not properly optimize the design.
Info (332142): No user constrained base clocks found in the design. Calling "derive_clocks -period 1.0"
Info (332105): Deriving Clocks
    Info (332105): create_clock -period 1.000 -name clk clk
    Info (332105): create_clock -period 1.000 -name divide:u2|clk_p divide:u2|clk_p
    Info (332105): create_clock -period 1.000 -name debounce:u1|key_sec[0] debounce:u1|key_sec[0]
Info: Found TIMING_ANALYZER_REPORT_SCRIPT_INCLUDE_DEFAULT_ANALYSIS = ON
Info: Can't run Report Timing Closure Recommendations. The current device family is not supported.
Critical Warning (332148): Timing requirements not met
Info (332146): Worst-case setup slack is -97.015
    Info (332119):     Slack       End Point TNS Clock 
    Info (332119): ========= =================== =====================
    Info (332119):   -97.015            -439.199 clk 
    Info (332119):    -8.782            -160.142 divide:u2|clk_p 
    Info (332119):    -1.194              -1.194 debounce:u1|key_sec[0] 
Info (332146): Worst-case hold slack is -2.395
    Info (332119):     Slack       End Point TNS Clock 
    Info (332119): ========= =================== =====================
    Info (332119):    -2.395              -4.453 clk 
    Info (332119):     1.640               0.000 debounce:u1|key_sec[0] 
    Info (332119):     2.975               0.000 divide:u2|clk_p 
Info (332140): No Recovery paths to report
Info (332140): No Removal paths to report
Info (332146): Worst-case minimum pulse width slack is -2.289
    Info (332119):     Slack       End Point TNS Clock 
    Info (332119): ========= =================== =====================
    Info (332119):    -2.289              -2.289 clk 
    Info (332119):     0.234               0.000 debounce:u1|key_sec[0] 
    Info (332119):     0.234               0.000 divide:u2|clk_p 
Info (332001): The selected device family is not supported by the report_metastability command.
Info (332102): Design is not fully constrained for setup requirements
Info (332102): Design is not fully constrained for hold requirements
Info: Quartus Prime Timing Analyzer was successful. 0 errors, 3 warnings
    Info: Peak virtual memory: 4700 megabytes
    Info: Processing ended: Thu Nov 30 09:53:38 2023
    Info: Elapsed time: 00:00:01
    Info: Total CPU time (on all processors): 00:00:00


