


ARM Macro Assembler    Page 1 


    1 00000000                 AREA             |.text|, CODE, READONLY
    2 00000000                 THUMB
    3 00000000         
    4 00000000         ; RCC and GPIO Definitions   
    5 00000000 40023800 
                       RCC_BASE
                               EQU              0x40023800
    6 00000000 40020400 
                       GPIOB_BASE
                               EQU              0x40020400
    7 00000000 40020000 
                       GPIOA_BASE
                               EQU              0x40020000
    8 00000000 00000030 
                       RCC_AHB1ENR
                               EQU              0x30
    9 00000000 00000000 
                       GPIOB_MODER
                               EQU              0x00
   10 00000000 00000018 
                       GPIOB_BSRR
                               EQU              0x18
   11 00000000 00000000 
                       GPIOA_MODER
                               EQU              0x00
   12 00000000 00000018 
                       GPIOA_BSRR
                               EQU              0x18
   13 00000000 00000002 
                       GPIOBEN EQU              (1 << 1)
   14 00000000         
   15 00000000         ; Function to initialize GPIOB
   16 00000000                 EXPORT           asm_init_ports
   17 00000000         asm_init_ports
   18 00000000 4815            LDR              R0, =RCC_BASE
   19 00000002 6B01            LDR              R1, [R0, #RCC_AHB1ENR]
   20 00000004 F041 0102       ORR              R1, R1, #GPIOBEN
   21 00000008 6301            STR              R1, [R0, #RCC_AHB1ENR]
   22 0000000A         
   23 0000000A 4814            LDR              R0, =GPIOB_BASE
   24 0000000C 6801            LDR              R1, [R0, #GPIOB_MODER]
   25 0000000E F04F 3255       MOV              R2, #0x55555555 ; Configure all
                                                             pins as output
   26 00000012 6002            STR              R2, [R0, #GPIOB_MODER]
   27 00000014 4770            BX               LR
   28 00000016         
   29 00000016         ; Function to set a pin high on GPIOB
   30 00000016                 EXPORT           asm_set_pin_led
   31 00000016         asm_set_pin_led
   32 00000016 4811            LDR              R0, =GPIOB_BASE
   33 00000018 6981            LDR              R1, [R0, #GPIOB_BSRR]
   34 0000001A F04F 0201       MOV              R2, #1
   35 0000001E FA02 F201       LSL              R2, R2, R1  ; Shift pin number 
                                                            to correct BSRR pos
                                                            ition
   36 00000022 6182            STR              R2, [R0, #GPIOB_BSRR]
   37 00000024 4770            BX               LR
   38 00000026         
   39 00000026         ; Function to reset a pin on GPIOB



ARM Macro Assembler    Page 2 


   40 00000026                 EXPORT           asm_reset_pin_led
   41 00000026         asm_reset_pin_led
   42 00000026 480D            LDR              R0, =GPIOB_BASE
   43 00000028 6981            LDR              R1, [R0, #GPIOB_BSRR]
   44 0000002A F04F 0200       MOV              R2, #0
   45 0000002E FA02 F201       LSL              R2, R2, R1  ; Shift pin number 
                                                            to reset position i
                                                            n BSRR
   46 00000032 6182            STR              R2, [R0, #GPIOB_BSRR]
   47 00000034 4770            BX               LR
   48 00000036         
   49 00000036                 EXPORT           asm_set_pin_beep
   50 00000036         asm_set_pin_beep
   51 00000036 480A            LDR              R0, =GPIOA_BASE
   52 00000038 6981            LDR              R1, [R0, #GPIOA_BSRR]
   53 0000003A F04F 0201       MOV              R2, #1
   54 0000003E FA02 F201       LSL              R2, R2, R1  ; Shift pin number 
                                                            to reset position i
                                                            n BSRR
   55 00000042 6182            STR              R2, [R0, #GPIOA_BSRR]
   56 00000044 4770            BX               LR
   57 00000046         
   58 00000046                 EXPORT           asm_reset_pin_beep
   59 00000046         asm_reset_pin_beep
   60 00000046 4806            LDR              R0, =GPIOA_BASE
   61 00000048 6981            LDR              R1, [R0, #GPIOA_BSRR]
   62 0000004A F04F 0200       MOV              R2, #0
   63 0000004E FA02 F201       LSL              R2, R2, R1  ; Shift pin number 
                                                            to reset position i
                                                            n BSRR
   64 00000052 6182            STR              R2, [R0, #GPIOA_BSRR]
   65 00000054 4770            BX               LR
   66 00000056         
   67 00000056                 END
              00 00 40023800 
              40020400 
              40020000 
Command Line: --debug --xref --diag_suppress=9931 --cpu=Cortex-M4.fp --apcs=int
erwork --depend=ledliushui\gpio_asm.d -oledliushui\gpio_asm.o -I.\RTE\_ledliush
ui -I"F:\Keil5 MDK\ARM\PACK\ARM\CMSIS\5.4.0\CMSIS\Core\Include" -I"F:\Keil5 MDK
\ARM\PACK\Keil\STM32F4xx_DFP\2.13.0\Drivers\CMSIS\Device\ST\STM32F4xx\Include" 
--predefine="__UVISION_VERSION SETA 526" --predefine="_RTE_ SETA 1" --predefine
="STM32F407xx SETA 1" --list=gpio_asm.lst gpio_asm.s



ARM Macro Assembler    Page 1 Alphabetic symbol ordering
Relocatable symbols

.text 00000000

Symbol: .text
   Definitions
      At line 1 in file gpio_asm.s
   Uses
      None
Comment: .text unused
asm_init_ports 00000000

Symbol: asm_init_ports
   Definitions
      At line 17 in file gpio_asm.s
   Uses
      At line 16 in file gpio_asm.s
Comment: asm_init_ports used once
asm_reset_pin_beep 00000046

Symbol: asm_reset_pin_beep
   Definitions
      At line 59 in file gpio_asm.s
   Uses
      At line 58 in file gpio_asm.s
Comment: asm_reset_pin_beep used once
asm_reset_pin_led 00000026

Symbol: asm_reset_pin_led
   Definitions
      At line 41 in file gpio_asm.s
   Uses
      At line 40 in file gpio_asm.s
Comment: asm_reset_pin_led used once
asm_set_pin_beep 00000036

Symbol: asm_set_pin_beep
   Definitions
      At line 50 in file gpio_asm.s
   Uses
      At line 49 in file gpio_asm.s
Comment: asm_set_pin_beep used once
asm_set_pin_led 00000016

Symbol: asm_set_pin_led
   Definitions
      At line 31 in file gpio_asm.s
   Uses
      At line 30 in file gpio_asm.s
Comment: asm_set_pin_led used once
6 symbols



ARM Macro Assembler    Page 1 Alphabetic symbol ordering
Absolute symbols

GPIOA_BASE 40020000

Symbol: GPIOA_BASE
   Definitions
      At line 7 in file gpio_asm.s
   Uses
      At line 51 in file gpio_asm.s
      At line 60 in file gpio_asm.s

GPIOA_BSRR 00000018

Symbol: GPIOA_BSRR
   Definitions
      At line 12 in file gpio_asm.s
   Uses
      At line 52 in file gpio_asm.s
      At line 55 in file gpio_asm.s
      At line 61 in file gpio_asm.s
      At line 64 in file gpio_asm.s

GPIOA_MODER 00000000

Symbol: GPIOA_MODER
   Definitions
      At line 11 in file gpio_asm.s
   Uses
      None
Comment: GPIOA_MODER unused
GPIOBEN 00000002

Symbol: GPIOBEN
   Definitions
      At line 13 in file gpio_asm.s
   Uses
      At line 20 in file gpio_asm.s
Comment: GPIOBEN used once
GPIOB_BASE 40020400

Symbol: GPIOB_BASE
   Definitions
      At line 6 in file gpio_asm.s
   Uses
      At line 23 in file gpio_asm.s
      At line 32 in file gpio_asm.s
      At line 42 in file gpio_asm.s

GPIOB_BSRR 00000018

Symbol: GPIOB_BSRR
   Definitions
      At line 10 in file gpio_asm.s
   Uses
      At line 33 in file gpio_asm.s
      At line 36 in file gpio_asm.s
      At line 43 in file gpio_asm.s
      At line 46 in file gpio_asm.s

GPIOB_MODER 00000000




ARM Macro Assembler    Page 2 Alphabetic symbol ordering
Absolute symbols

Symbol: GPIOB_MODER
   Definitions
      At line 9 in file gpio_asm.s
   Uses
      At line 24 in file gpio_asm.s
      At line 26 in file gpio_asm.s

RCC_AHB1ENR 00000030

Symbol: RCC_AHB1ENR
   Definitions
      At line 8 in file gpio_asm.s
   Uses
      At line 19 in file gpio_asm.s
      At line 21 in file gpio_asm.s

RCC_BASE 40023800

Symbol: RCC_BASE
   Definitions
      At line 5 in file gpio_asm.s
   Uses
      At line 18 in file gpio_asm.s
Comment: RCC_BASE used once
9 symbols
351 symbols in table
