Analysis & Synthesis report for Guess
Wed Dec 13 18:55:49 2023
Quartus Prime Version 22.1std.2 Build 922 07/20/2023 SC Lite Edition


---------------------
; Table of Contents ;
---------------------
  1. Legal Notice
  2. Analysis & Synthesis Summary
  3. Analysis & Synthesis Settings
  4. Parallel Compilation
  5. Analysis & Synthesis Source Files Read
  6. Analysis & Synthesis Resource Usage Summary
  7. Analysis & Synthesis Resource Utilization by Entity
  8. User-Specified and Inferred Latches
  9. General Register Statistics
 10. Inverted Register Statistics
 11. Parameter Settings for User Entity Instance: divide:c1
 12. Parameter Settings for User Entity Instance: debounce:u1
 13. Post-Synthesis Netlist Statistics for Top Partition
 14. Elapsed Time Per Partition
 15. Analysis & Synthesis Messages
 16. Analysis & Synthesis Suppressed Messages



----------------
; Legal Notice ;
----------------
Copyright (C) 2023  Intel Corporation. All rights reserved.
Your use of Intel Corporation's design tools, logic functions 
and other software and tools, and any partner logic 
functions, and any output files from any of the foregoing 
(including device programming or simulation files), and any 
associated documentation or information are expressly subject 
to the terms and conditions of the Intel Program License 
Subscription Agreement, the Intel Quartus Prime License Agreement,
the Intel FPGA IP License Agreement, or other applicable license
agreement, including, without limitation, that your use is for
the sole purpose of programming logic devices manufactured by
Intel and sold by Intel or its authorized distributors.  Please
refer to the applicable agreement for further details, at
https://fpgasoftware.intel.com/eula.



+-------------------------------------------------------------------------------------+
; Analysis & Synthesis Summary                                                        ;
+------------------------------------+------------------------------------------------+
; Analysis & Synthesis Status        ; Successful - Wed Dec 13 18:55:49 2023          ;
; Quartus Prime Version              ; 22.1std.2 Build 922 07/20/2023 SC Lite Edition ;
; Revision Name                      ; Guess                                          ;
; Top-level Entity Name              ; Guess                                          ;
; Family                             ; MAX 10                                         ;
; Total logic elements               ; 171                                            ;
;     Total combinational functions  ; 160                                            ;
;     Dedicated logic registers      ; 93                                             ;
; Total registers                    ; 93                                             ;
; Total pins                         ; 41                                             ;
; Total virtual pins                 ; 0                                              ;
; Total memory bits                  ; 0                                              ;
; Embedded Multiplier 9-bit elements ; 0                                              ;
; Total PLLs                         ; 0                                              ;
; UFM blocks                         ; 0                                              ;
; ADC blocks                         ; 0                                              ;
+------------------------------------+------------------------------------------------+


+------------------------------------------------------------------------------------------------------------+
; Analysis & Synthesis Settings                                                                              ;
+------------------------------------------------------------------+--------------------+--------------------+
; Option                                                           ; Setting            ; Default Value      ;
+------------------------------------------------------------------+--------------------+--------------------+
; Device                                                           ; 10M02SCM153I7G     ;                    ;
; Top-level entity name                                            ; Guess              ; Guess              ;
; Family name                                                      ; MAX 10             ; Cyclone V          ;
; Use smart compilation                                            ; Off                ; Off                ;
; Enable parallel Assembler and Timing Analyzer during compilation ; On                 ; On                 ;
; Enable compact report table                                      ; Off                ; Off                ;
; Restructure Multiplexers                                         ; Auto               ; Auto               ;
; Create Debugging Nodes for IP Cores                              ; Off                ; Off                ;
; Preserve fewer node names                                        ; On                 ; On                 ;
; Intel FPGA IP Evaluation Mode                                    ; Enable             ; Enable             ;
; Verilog Version                                                  ; Verilog_2001       ; Verilog_2001       ;
; VHDL Version                                                     ; VHDL_1993          ; VHDL_1993          ;
; State Machine Processing                                         ; Auto               ; Auto               ;
; Safe State Machine                                               ; Off                ; Off                ;
; Extract Verilog State Machines                                   ; On                 ; On                 ;
; Extract VHDL State Machines                                      ; On                 ; On                 ;
; Ignore Verilog initial constructs                                ; Off                ; Off                ;
; Iteration limit for constant Verilog loops                       ; 5000               ; 5000               ;
; Iteration limit for non-constant Verilog loops                   ; 250                ; 250                ;
; Add Pass-Through Logic to Inferred RAMs                          ; On                 ; On                 ;
; Infer RAMs from Raw Logic                                        ; On                 ; On                 ;
; Parallel Synthesis                                               ; On                 ; On                 ;
; DSP Block Balancing                                              ; Auto               ; Auto               ;
; NOT Gate Push-Back                                               ; On                 ; On                 ;
; Power-Up Don't Care                                              ; On                 ; On                 ;
; Remove Redundant Logic Cells                                     ; Off                ; Off                ;
; Remove Duplicate Registers                                       ; On                 ; On                 ;
; Ignore CARRY Buffers                                             ; Off                ; Off                ;
; Ignore CASCADE Buffers                                           ; Off                ; Off                ;
; Ignore GLOBAL Buffers                                            ; Off                ; Off                ;
; Ignore ROW GLOBAL Buffers                                        ; Off                ; Off                ;
; Ignore LCELL Buffers                                             ; Off                ; Off                ;
; Ignore SOFT Buffers                                              ; On                 ; On                 ;
; Limit AHDL Integers to 32 Bits                                   ; Off                ; Off                ;
; Optimization Technique                                           ; Balanced           ; Balanced           ;
; Carry Chain Length                                               ; 70                 ; 70                 ;
; Auto Carry Chains                                                ; On                 ; On                 ;
; Auto Open-Drain Pins                                             ; On                 ; On                 ;
; Perform WYSIWYG Primitive Resynthesis                            ; Off                ; Off                ;
; Auto ROM Replacement                                             ; On                 ; On                 ;
; Auto RAM Replacement                                             ; On                 ; On                 ;
; Auto DSP Block Replacement                                       ; On                 ; On                 ;
; Auto Shift Register Replacement                                  ; Auto               ; Auto               ;
; Allow Shift Register Merging across Hierarchies                  ; Auto               ; Auto               ;
; Auto Clock Enable Replacement                                    ; On                 ; On                 ;
; Strict RAM Replacement                                           ; Off                ; Off                ;
; Allow Synchronous Control Signals                                ; On                 ; On                 ;
; Force Use of Synchronous Clear Signals                           ; Off                ; Off                ;
; Auto RAM Block Balancing                                         ; On                 ; On                 ;
; Auto RAM to Logic Cell Conversion                                ; Off                ; Off                ;
; Auto Resource Sharing                                            ; Off                ; Off                ;
; Allow Any RAM Size For Recognition                               ; Off                ; Off                ;
; Allow Any ROM Size For Recognition                               ; Off                ; Off                ;
; Allow Any Shift Register Size For Recognition                    ; Off                ; Off                ;
; Use LogicLock Constraints during Resource Balancing              ; On                 ; On                 ;
; Ignore translate_off and synthesis_off directives                ; Off                ; Off                ;
; Timing-Driven Synthesis                                          ; On                 ; On                 ;
; Report Parameter Settings                                        ; On                 ; On                 ;
; Report Source Assignments                                        ; On                 ; On                 ;
; Report Connectivity Checks                                       ; On                 ; On                 ;
; Ignore Maximum Fan-Out Assignments                               ; Off                ; Off                ;
; Synchronization Register Chain Length                            ; 2                  ; 2                  ;
; Power Optimization During Synthesis                              ; Normal compilation ; Normal compilation ;
; HDL message level                                                ; Level2             ; Level2             ;
; Suppress Register Optimization Related Messages                  ; Off                ; Off                ;
; Number of Removed Registers Reported in Synthesis Report         ; 5000               ; 5000               ;
; Number of Swept Nodes Reported in Synthesis Report               ; 5000               ; 5000               ;
; Number of Inverted Registers Reported in Synthesis Report        ; 100                ; 100                ;
; Clock MUX Protection                                             ; On                 ; On                 ;
; Auto Gated Clock Conversion                                      ; Off                ; Off                ;
; Block Design Naming                                              ; Auto               ; Auto               ;
; SDC constraint protection                                        ; Off                ; Off                ;
; Synthesis Effort                                                 ; Auto               ; Auto               ;
; Shift Register Replacement - Allow Asynchronous Clear Signal     ; On                 ; On                 ;
; Pre-Mapping Resynthesis Optimization                             ; Off                ; Off                ;
; Analysis & Synthesis Message Level                               ; Medium             ; Medium             ;
; Disable Register Merging Across Hierarchies                      ; Auto               ; Auto               ;
; Resource Aware Inference For Block RAM                           ; On                 ; On                 ;
+------------------------------------------------------------------+--------------------+--------------------+


+------------------------------------------+
; Parallel Compilation                     ;
+----------------------------+-------------+
; Processors                 ; Number      ;
+----------------------------+-------------+
; Number detected on machine ; 20          ;
; Maximum allowed            ; 14          ;
;                            ;             ;
; Average used               ; 1.00        ;
; Maximum used               ; 14          ;
;                            ;             ;
; Usage by Processor         ; % Time Used ;
;     Processor 1            ; 100.0%      ;
;     Processors 2-14        ;   0.0%      ;
+----------------------------+-------------+


+------------------------------------------------------------------------------------------------------------------------------+
; Analysis & Synthesis Source Files Read                                                                                       ;
+----------------------------------+-----------------+------------------------+--------------------------------------+---------+
; File Name with User-Entered Path ; Used in Netlist ; File Type              ; File Name with Absolute Path         ; Library ;
+----------------------------------+-----------------+------------------------+--------------------------------------+---------+
; ../divide/divide.v               ; yes             ; User Verilog HDL File  ; D:/ShuDianShiYan/divide/divide.v     ;         ;
; ../debounce/debounce.v           ; yes             ; User Verilog HDL File  ; D:/ShuDianShiYan/debounce/debounce.v ;         ;
; Guess.v                          ; yes             ; User Verilog HDL File  ; D:/ShuDianShiYan/Guess/Guess.v       ;         ;
+----------------------------------+-----------------+------------------------+--------------------------------------+---------+


+-----------------------------------------------------------+
; Analysis & Synthesis Resource Usage Summary               ;
+---------------------------------------------+-------------+
; Resource                                    ; Usage       ;
+---------------------------------------------+-------------+
; Estimated Total logic elements              ; 171         ;
;                                             ;             ;
; Total combinational functions               ; 160         ;
; Logic element usage by number of LUT inputs ;             ;
;     -- 4 input functions                    ; 54          ;
;     -- 3 input functions                    ; 30          ;
;     -- <=2 input functions                  ; 76          ;
;                                             ;             ;
; Logic elements by mode                      ;             ;
;     -- normal mode                          ; 112         ;
;     -- arithmetic mode                      ; 48          ;
;                                             ;             ;
; Total registers                             ; 93          ;
;     -- Dedicated logic registers            ; 93          ;
;     -- I/O registers                        ; 0           ;
;                                             ;             ;
; I/O pins                                    ; 41          ;
;                                             ;             ;
; Embedded Multiplier 9-bit elements          ; 0           ;
;                                             ;             ;
; Maximum fan-out node                        ; rst_n~input ;
; Maximum fan-out                             ; 93          ;
; Total fan-out                               ; 833         ;
; Average fan-out                             ; 2.49        ;
+---------------------------------------------+-------------+


+------------------------------------------------------------------------------------------------------------------------------------------------------------------------------------------------------------------------------------+
; Analysis & Synthesis Resource Utilization by Entity                                                                                                                                                                                ;
+----------------------------+---------------------+---------------------------+-------------+------------+--------------+---------+-----------+------+--------------+------------+---------------------+-------------+--------------+
; Compilation Hierarchy Node ; Combinational ALUTs ; Dedicated Logic Registers ; Memory Bits ; UFM Blocks ; DSP Elements ; DSP 9x9 ; DSP 18x18 ; Pins ; Virtual Pins ; ADC blocks ; Full Hierarchy Name ; Entity Name ; Library Name ;
+----------------------------+---------------------+---------------------------+-------------+------------+--------------+---------+-----------+------+--------------+------------+---------------------+-------------+--------------+
; |Guess                     ; 160 (67)            ; 93 (30)                   ; 0           ; 0          ; 0            ; 0       ; 0         ; 41   ; 0            ; 0          ; |Guess              ; Guess       ; work         ;
;    |debounce:u1|           ; 33 (33)             ; 30 (30)                   ; 0           ; 0          ; 0            ; 0       ; 0         ; 0    ; 0            ; 0          ; |Guess|debounce:u1  ; debounce    ; work         ;
;    |divide:c1|             ; 60 (60)             ; 33 (33)                   ; 0           ; 0          ; 0            ; 0       ; 0         ; 0    ; 0            ; 0          ; |Guess|divide:c1    ; divide      ; work         ;
+----------------------------+---------------------+---------------------------+-------------+------------+--------------+---------+-----------+------+--------------+------------+---------------------+-------------+--------------+
Note: For table entries with two numbers listed, the numbers in parentheses indicate the number of resources of the given type used by the specific entity alone. The numbers listed outside of parentheses indicate the total resources of the given type used by the specific entity and all of its sub-entities in the hierarchy.


+---------------------------------------------------------------------------------------------------+
; User-Specified and Inferred Latches                                                               ;
+----------------------------------------------------+---------------------+------------------------+
; Latch Name                                         ; Latch Enable Signal ; Free of Timing Hazards ;
+----------------------------------------------------+---------------------+------------------------+
; M_new[0]                                           ; rst_n               ; yes                    ;
; M_new[1]                                           ; rst_n               ; yes                    ;
; M_new[2]                                           ; rst_n               ; yes                    ;
; M_new[3]                                           ; rst_n               ; yes                    ;
; N_new[0]                                           ; rst_n               ; yes                    ;
; N_new[1]                                           ; rst_n               ; yes                    ;
; N_new[2]                                           ; rst_n               ; yes                    ;
; N_new[3]                                           ; rst_n               ; yes                    ;
; Number of user-specified and inferred latches = 8  ;                     ;                        ;
+----------------------------------------------------+---------------------+------------------------+
Note: All latches listed above may not be present at the end of synthesis due to various synthesis optimizations.


+------------------------------------------------------+
; General Register Statistics                          ;
+----------------------------------------------+-------+
; Statistic                                    ; Value ;
+----------------------------------------------+-------+
; Total registers                              ; 93    ;
; Number of registers using Synchronous Clear  ; 18    ;
; Number of registers using Synchronous Load   ; 0     ;
; Number of registers using Asynchronous Clear ; 85    ;
; Number of registers using Asynchronous Load  ; 0     ;
; Number of registers using Clock Enable       ; 25    ;
; Number of registers using Preset             ; 0     ;
+----------------------------------------------+-------+


+---------------------------------------------------+
; Inverted Register Statistics                      ;
+-----------------------------------------+---------+
; Inverted Register                       ; Fan out ;
+-----------------------------------------+---------+
; led[0]~reg0                             ; 3       ;
; led[1]~reg0                             ; 3       ;
; led[2]~reg0                             ; 3       ;
; led[3]~reg0                             ; 3       ;
; led[4]~reg0                             ; 3       ;
; led[5]~reg0                             ; 3       ;
; led[6]~reg0                             ; 3       ;
; led[7]~reg0                             ; 2       ;
; led11~reg0                              ; 1       ;
; led12~reg0                              ; 1       ;
; led13~reg0                              ; 1       ;
; led21~reg0                              ; 1       ;
; led22~reg0                              ; 1       ;
; led23~reg0                              ; 1       ;
; debounce:u1|key_sec[2]                  ; 2       ;
; debounce:u1|key_sec[1]                  ; 3       ;
; debounce:u1|key_sec_pre[1]              ; 2       ;
; debounce:u1|key_sec[0]                  ; 3       ;
; debounce:u1|key_sec_pre[0]              ; 2       ;
; debounce:u1|key_sec_pre[2]              ; 1       ;
; rand_num[0]                             ; 2       ;
; rand_num[1]                             ; 2       ;
; rand_num[2]                             ; 2       ;
; rand_num[3]                             ; 2       ;
; rand_num[4]                             ; 2       ;
; rand_num[5]                             ; 2       ;
; rand_num[6]                             ; 2       ;
; rand_num[7]                             ; 5       ;
; debounce:u1|key_rst[0]                  ; 2       ;
; debounce:u1|key_rst[1]                  ; 2       ;
; debounce:u1|key_rst_pre[0]              ; 1       ;
; debounce:u1|key_rst_pre[1]              ; 1       ;
; debounce:u1|key_rst[2]                  ; 2       ;
; debounce:u1|key_rst_pre[2]              ; 1       ;
; Total number of inverted registers = 34 ;         ;
+-----------------------------------------+---------+


+--------------------------------------------------------+
; Parameter Settings for User Entity Instance: divide:c1 ;
+----------------+---------+-----------------------------+
; Parameter Name ; Value   ; Type                        ;
+----------------+---------+-----------------------------+
; WIDTH          ; 32      ; Signed Integer              ;
; N              ; 6000000 ; Signed Integer              ;
+----------------+---------+-----------------------------+
Note: In order to hide this table in the UI and the text report file, please set the "Show Parameter Settings in Synthesis Report" option in "Analysis and Synthesis Settings -> More Settings" to "Off".


+----------------------------------------------------------+
; Parameter Settings for User Entity Instance: debounce:u1 ;
+----------------+-------+---------------------------------+
; Parameter Name ; Value ; Type                            ;
+----------------+-------+---------------------------------+
; N              ; 3     ; Signed Integer                  ;
+----------------+-------+---------------------------------+
Note: In order to hide this table in the UI and the text report file, please set the "Show Parameter Settings in Synthesis Report" option in "Analysis and Synthesis Settings -> More Settings" to "Off".


+-----------------------------------------------------+
; Post-Synthesis Netlist Statistics for Top Partition ;
+-----------------------+-----------------------------+
; Type                  ; Count                       ;
+-----------------------+-----------------------------+
; boundary_port         ; 41                          ;
; cycloneiii_ff         ; 93                          ;
;     CLR               ; 42                          ;
;     CLR SCLR          ; 18                          ;
;     ENA CLR           ; 25                          ;
;     plain             ; 8                           ;
; cycloneiii_lcell_comb ; 187                         ;
;     arith             ; 48                          ;
;         2 data inputs ; 48                          ;
;     normal            ; 139                         ;
;         0 data inputs ; 1                           ;
;         1 data inputs ; 34                          ;
;         2 data inputs ; 20                          ;
;         3 data inputs ; 30                          ;
;         4 data inputs ; 54                          ;
;                       ;                             ;
; Max LUT depth         ; 4.20                        ;
; Average LUT depth     ; 2.72                        ;
+-----------------------+-----------------------------+


+-------------------------------+
; Elapsed Time Per Partition    ;
+----------------+--------------+
; Partition Name ; Elapsed Time ;
+----------------+--------------+
; Top            ; 00:00:00     ;
+----------------+--------------+


+-------------------------------+
; Analysis & Synthesis Messages ;
+-------------------------------+
Info: *******************************************************************
Info: Running Quartus Prime Analysis & Synthesis
    Info: Version 22.1std.2 Build 922 07/20/2023 SC Lite Edition
    Info: Processing started: Wed Dec 13 18:55:43 2023
Info: Command: quartus_map --read_settings_files=on --write_settings_files=off Guess -c Guess
Warning (18236): Number of processors has not been specified which may cause overloading on shared machines.  Set the global assignment NUM_PARALLEL_PROCESSORS in your QSF to an appropriate value for best performance.
Info (20030): Parallel compilation is enabled and will use 14 of the 14 processors detected
Warning (12090): Entity "divide" obtained from "../divide/divide.v" instead of from Quartus Prime megafunction library File: D:/ShuDianShiYan/divide/divide.v Line: 18
Info (12021): Found 1 design units, including 1 entities, in source file /shudianshiyan/divide/divide.v
    Info (12023): Found entity 1: divide File: D:/ShuDianShiYan/divide/divide.v Line: 18
Info (12021): Found 1 design units, including 1 entities, in source file /shudianshiyan/debounce/debounce.v
    Info (12023): Found entity 1: debounce File: D:/ShuDianShiYan/debounce/debounce.v Line: 18
Info (12021): Found 1 design units, including 1 entities, in source file guess.v
    Info (12023): Found entity 1: Guess File: D:/ShuDianShiYan/Guess/Guess.v Line: 1
Info (12127): Elaborating entity "Guess" for the top level hierarchy
Warning (10230): Verilog HDL assignment warning at Guess.v(142): truncated value with size 32 to match size of target (2) File: D:/ShuDianShiYan/Guess/Guess.v Line: 142
Warning (10230): Verilog HDL assignment warning at Guess.v(143): truncated value with size 32 to match size of target (2) File: D:/ShuDianShiYan/Guess/Guess.v Line: 143
Warning (10230): Verilog HDL assignment warning at Guess.v(144): truncated value with size 32 to match size of target (1) File: D:/ShuDianShiYan/Guess/Guess.v Line: 144
Warning (10230): Verilog HDL assignment warning at Guess.v(145): truncated value with size 32 to match size of target (1) File: D:/ShuDianShiYan/Guess/Guess.v Line: 145
Warning (10230): Verilog HDL assignment warning at Guess.v(146): truncated value with size 32 to match size of target (1) File: D:/ShuDianShiYan/Guess/Guess.v Line: 146
Warning (10230): Verilog HDL assignment warning at Guess.v(147): truncated value with size 32 to match size of target (1) File: D:/ShuDianShiYan/Guess/Guess.v Line: 147
Warning (10230): Verilog HDL assignment warning at Guess.v(148): truncated value with size 32 to match size of target (1) File: D:/ShuDianShiYan/Guess/Guess.v Line: 148
Warning (10230): Verilog HDL assignment warning at Guess.v(149): truncated value with size 32 to match size of target (1) File: D:/ShuDianShiYan/Guess/Guess.v Line: 149
Warning (10240): Verilog HDL Always Construct warning at Guess.v(121): inferring latch(es) for variable "N_new", which holds its previous value in one or more paths through the always construct File: D:/ShuDianShiYan/Guess/Guess.v Line: 121
Warning (10240): Verilog HDL Always Construct warning at Guess.v(121): inferring latch(es) for variable "M_new", which holds its previous value in one or more paths through the always construct File: D:/ShuDianShiYan/Guess/Guess.v Line: 121
Info (10041): Inferred latch for "M_new[0]" at Guess.v(121) File: D:/ShuDianShiYan/Guess/Guess.v Line: 121
Info (10041): Inferred latch for "M_new[1]" at Guess.v(121) File: D:/ShuDianShiYan/Guess/Guess.v Line: 121
Info (10041): Inferred latch for "M_new[2]" at Guess.v(121) File: D:/ShuDianShiYan/Guess/Guess.v Line: 121
Info (10041): Inferred latch for "M_new[3]" at Guess.v(121) File: D:/ShuDianShiYan/Guess/Guess.v Line: 121
Info (10041): Inferred latch for "N_new[0]" at Guess.v(121) File: D:/ShuDianShiYan/Guess/Guess.v Line: 121
Info (10041): Inferred latch for "N_new[1]" at Guess.v(121) File: D:/ShuDianShiYan/Guess/Guess.v Line: 121
Info (10041): Inferred latch for "N_new[2]" at Guess.v(121) File: D:/ShuDianShiYan/Guess/Guess.v Line: 121
Info (10041): Inferred latch for "N_new[3]" at Guess.v(121) File: D:/ShuDianShiYan/Guess/Guess.v Line: 121
Info (12128): Elaborating entity "divide" for hierarchy "divide:c1" File: D:/ShuDianShiYan/Guess/Guess.v Line: 54
Info (12128): Elaborating entity "debounce" for hierarchy "debounce:u1" File: D:/ShuDianShiYan/Guess/Guess.v Line: 62
Info (13000): Registers with preset signals will power-up high File: D:/ShuDianShiYan/Guess/Guess.v Line: 137
Info (13003): DEV_CLRn pin will set, and not reset, register with preset signal due to NOT Gate Push-Back
Warning (13024): Output pins are stuck at VCC or GND
    Warning (13410): Pin "seg_led1[7]" is stuck at GND File: D:/ShuDianShiYan/Guess/Guess.v Line: 10
    Warning (13410): Pin "seg_led1[8]" is stuck at GND File: D:/ShuDianShiYan/Guess/Guess.v Line: 10
    Warning (13410): Pin "seg_led2[7]" is stuck at GND File: D:/ShuDianShiYan/Guess/Guess.v Line: 11
    Warning (13410): Pin "seg_led2[8]" is stuck at GND File: D:/ShuDianShiYan/Guess/Guess.v Line: 11
Info (286030): Timing-Driven Synthesis is running
Info (144001): Generated suppressed messages file D:/ShuDianShiYan/Guess/output_files/Guess.map.smsg
Info (16010): Generating hard_block partition "hard_block:auto_generated_inst"
    Info (16011): Adding 0 node(s), including 0 DDIO, 0 PLL, 0 transceiver and 0 LCELL
Info (21057): Implemented 215 device resources after synthesis - the final resource count might be different
    Info (21058): Implemented 9 input pins
    Info (21059): Implemented 32 output pins
    Info (21061): Implemented 174 logic cells
Info: Quartus Prime Analysis & Synthesis was successful. 0 errors, 17 warnings
    Info: Peak virtual memory: 4848 megabytes
    Info: Processing ended: Wed Dec 13 18:55:49 2023
    Info: Elapsed time: 00:00:06
    Info: Total CPU time (on all processors): 00:00:02


+------------------------------------------+
; Analysis & Synthesis Suppressed Messages ;
+------------------------------------------+
The suppressed messages can be found in D:/ShuDianShiYan/Guess/output_files/Guess.map.smsg.


